Log file open, 09/06/18 14:43:33
LogWindows: Failed to load 'aqProf.dll' (GetLastError=126)
LogWindows: File 'aqProf.dll' does not exist
LogWindows: Failed to load 'VtuneApi.dll' (GetLastError=126)
LogWindows: File 'VtuneApi.dll' does not exist
LogWindows: Failed to load 'VtuneApi32e.dll' (GetLastError=126)
LogWindows: File 'VtuneApi32e.dll' does not exist
LogInit: Display: Running engine for game: EnvironmentalArt
LogPlatformFile: Not using cached read wrapper
LogTaskGraph: Started task graph with 5 named threads and 23 total threads with 3 sets of task threads.
LogStats: Stats thread started at 0.276287
LogD3D11RHI: Loaded GFSDK_Aftermath_Lib.x64.dll
LogICUInternationalization: Display: ICU TimeZone Detection - Raw Offset: -7:00, Platform Override: ''
LogPluginManager: Mounting plugin Paper2D
LogPluginManager: Mounting plugin AISupport
LogPluginManager: Mounting plugin LightPropagationVolume
LogPluginManager: Mounting plugin CLionSourceCodeAccess
LogPluginManager: Mounting plugin CodeLiteSourceCodeAccess
LogPluginManager: Mounting plugin GitSourceControl
LogPluginManager: Mounting plugin KDevelopSourceCodeAccess
LogPluginManager: Mounting plugin NullSourceCodeAccess
LogPluginManager: Mounting plugin PerforceSourceControl
LogPluginManager: Mounting plugin SubversionSourceControl
LogPluginManager: Mounting plugin UObjectPlugin
LogPluginManager: Mounting plugin VisualStudioCodeSourceCodeAccess
LogPluginManager: Mounting plugin VisualStudioSourceCodeAccess
LogPluginManager: Mounting plugin XCodeSourceCodeAccess
LogPluginManager: Mounting plugin AssetManagerEditor
LogPluginManager: Mounting plugin CryptoKeys
LogPluginManager: Mounting plugin DataValidation
LogPluginManager: Mounting plugin FacialAnimation
LogPluginManager: Mounting plugin GameplayTagsEditor
LogPluginManager: Mounting plugin MacGraphicsSwitching
LogPluginManager: Mounting plugin MeshEditor
LogPluginManager: Mounting plugin MobileLauncherProfileWizard
LogPluginManager: Mounting plugin PluginBrowser
LogPluginManager: Mounting plugin SpeedTreeImporter
LogPluginManager: Mounting plugin DatasmithContent
LogPluginManager: Mounting plugin AlembicImporter
LogPluginManager: Mounting plugin AppleImageUtils
LogPluginManager: Mounting plugin AppleVision
LogPluginManager: Mounting plugin BackChannel
LogPluginManager: Mounting plugin CharacterAI
LogPluginManager: Mounting plugin GeometryCache
LogPluginManager: Mounting plugin HTML5Networking
LogPluginManager: Mounting plugin ProxyLODPlugin
LogPluginManager: Mounting plugin MagicLeap
LogPluginManager: Mounting plugin MagicLeapEmulator
LogPluginManager: Mounting plugin MagicLeapMedia
LogPluginManager: Mounting plugin AndroidMedia
LogPluginManager: Mounting plugin AvfMedia
LogPluginManager: Mounting plugin ImgMedia
LogPluginManager: Mounting plugin LinearTimecode
LogPluginManager: Mounting plugin MediaCompositing
LogPluginManager: Mounting plugin MediaPlayerEditor
LogPluginManager: Mounting plugin WmfMedia
LogPluginManager: Mounting plugin TcpMessaging
LogPluginManager: Mounting plugin UdpMessaging
LogPluginManager: Mounting plugin ActorSequence
LogPluginManager: Mounting plugin LevelSequenceEditor
LogPluginManager: Mounting plugin MatineeToLevelSequence
LogPluginManager: Mounting plugin NetcodeUnitTest
LogPluginManager: Mounting plugin NUTUnrealEngine4
LogPluginManager: Mounting plugin OnlineSubsystemGooglePlay
LogPluginManager: Mounting plugin OnlineSubsystemIOS
LogPluginManager: Mounting plugin OnlineSubsystem
LogPluginManager: Mounting plugin OnlineSubsystemNull
LogPluginManager: Mounting plugin OnlineSubsystemUtils
LogPluginManager: Mounting plugin LauncherChunkInstaller
LogPluginManager: Mounting plugin AndroidDeviceProfileSelector
LogPluginManager: Mounting plugin AndroidMoviePlayer
LogPluginManager: Mounting plugin AndroidPermission
LogPluginManager: Mounting plugin AppleMoviePlayer
LogPluginManager: Mounting plugin ArchVisCharacter
LogPluginManager: Mounting plugin AudioCapture
LogPluginManager: Mounting plugin CableComponent
LogPluginManager: Mounting plugin CustomMeshComponent
LogPluginManager: Mounting plugin EditableMesh
LogPluginManager: Mounting plugin ExampleDeviceProfileSelector
LogPluginManager: Mounting plugin GoogleCloudMessaging
LogPluginManager: Mounting plugin ImmediatePhysics
LogPluginManager: Mounting plugin IOSDeviceProfileSelector
LogPluginManager: Mounting plugin LinuxDeviceProfileSelector
LogPluginManager: Mounting plugin LocationServicesBPLibrary
LogPluginManager: Mounting plugin MobilePatchingUtils
LogPluginManager: Mounting plugin OculusVR
LogPluginManager: Plugin shader directory ../../../Engine/Plugins/Runtime/Oculus/OculusVR/Shaders found
LogPluginManager: Mapping shader source directory ../../../Engine/Plugins/Runtime/Oculus/OculusVR/Shaders to virtual directory /Plugin/OculusVR
LogPluginManager: Mounting plugin PhysXVehicles
LogPluginManager: Mounting plugin ProceduralMeshComponent
LogPluginManager: Mounting plugin RuntimePhysXCooking
LogPluginManager: Mounting plugin SteamVR
LogPluginManager: Mounting plugin WindowsMoviePlayer
LogStreaming: Display: Took  0.078s to configure plugins.
LogInit: Using libcurl 7.55.1-DEV
LogInit:  - built for x86_64-pc-win32
LogInit:  - supports SSL with OpenSSL/1.0.2h
LogInit:  - supports HTTP deflate (compression) using libz 1.2.8
LogInit:  - other features:
LogInit:      CURL_VERSION_SSL
LogInit:      CURL_VERSION_LIBZ
LogInit:      CURL_VERSION_IPV6
LogInit:      CURL_VERSION_ASYNCHDNS
LogInit:      CURL_VERSION_LARGEFILE
LogInit:      CURL_VERSION_IDN
LogInit:  CurlRequestOptions (configurable via config and command line):
LogInit:  - bVerifyPeer = false  - Libcurl will NOT verify peer certificate
LogInit:  - bUseHttpProxy = false  - Libcurl will NOT use HTTP proxy
LogInit:  - bDontReuseConnections = false  - Libcurl will reuse connections
LogInit:  - CertBundlePath = nullptr  - Libcurl will use whatever was configured at build time.
LogInit:  - MaxHostConnections = 16  - Libcurl will limit the number of connections to a host
LogInit:  - LocalHostAddr = Default
LogInit:  - BufferSize = 65536
LogInit: WinSock: version 1.1 (2.2), MaxSocks=32767, MaxUdp=65467
LogInit: Build: ++UE4+Release-4.20-CL-4233996
LogInit: Engine Version: 4.20.2-4233996+++UE4+Release-4.20
LogInit: Compatible Engine Version: 4.20.0-4212847+++UE4+Release-4.20
LogInit: Net CL: 4212847
LogInit: OS: Windows 10 (), CPU: Intel(R) Core(TM) i7-4770 CPU @ 3.40GHz, GPU: NVIDIA GeForce GTX 1070
LogInit: Compiled (64-bit): Jul 26 2018 10:07:30
LogInit: Compiled with Visual C++: 19.13.26129.00
LogInit: Build Configuration: Development
LogInit: Branch Name: ++UE4+Release-4.20
LogInit: Command Line: -EpicPortal 
LogInit: Base Directory: C:/Program Files/Epic Games/UE_4.20/Engine/Binaries/Win64/
LogInit: Installed Engine Build: 1
LogDevObjectVersion: Number of dev versions registered: 20
LogDevObjectVersion:   Dev-Blueprints (B0D832E4-1F89-4F0D-ACCF-7EB736FD4AA2): 10
LogDevObjectVersion:   Dev-Build (E1C64328-A22C-4D53-A36C-8E866417BD8C): 0
LogDevObjectVersion:   Dev-Core (375EC13C-06E4-48FB-B500-84F0262A717E): 2
LogDevObjectVersion:   Dev-Editor (E4B068ED-F494-42E9-A231-DA0B2E46BB41): 24
LogDevObjectVersion:   Dev-Framework (CFFC743F-43B0-4480-9391-14DF171D2073): 34
LogDevObjectVersion:   Dev-Mobile (B02B49B5-BB20-44E9-A304-32B752E40360): 2
LogDevObjectVersion:   Dev-Networking (A4E4105C-59A1-49B5-A7C5-40C4547EDFEE): 0
LogDevObjectVersion:   Dev-Online (39C831C9-5AE6-47DC-9A44-9C173E1C8E7C): 0
LogDevObjectVersion:   Dev-Physics (78F01B33-EBEA-4F98-B9B4-84EACCB95AA2): 0
LogDevObjectVersion:   Dev-Platform (6631380F-2D4D-43E0-8009-CF276956A95A): 0
LogDevObjectVersion:   Dev-Rendering (12F88B9F-8875-4AFC-A67C-D90C383ABD29): 26
LogDevObjectVersion:   Dev-Sequencer (7B5AE74C-D270-4C10-A958-57980B212A5A): 9
LogDevObjectVersion:   Dev-VR (D7296918-1DD6-4BDD-9DE2-64A83CC13884): 2
LogDevObjectVersion:   Dev-LoadTimes (C2A15278-BFE7-4AFE-6C17-90FF531DF755): 1
LogDevObjectVersion:   Private-Geometry (6EACA3D4-40EC-4CC1-B786-8BED09428FC5): 3
LogDevObjectVersion:   Dev-AnimPhys (29E575DD-E0A3-4627-9D10-D276232CDCEA): 17
LogDevObjectVersion:   Dev-ReflectionCapture (6B266CEC-1EC7-4B8F-A30B-E4D90942FC07): 1
LogDevObjectVersion:   Dev-Automation (0DF73D61-A23F-47EA-B727-89E90C41499A): 1
LogDevObjectVersion:   FortniteMain (601D1886-AC64-4F84-AA16-D3DE0DEAC7D6): 12
LogDevObjectVersion:   Dev-Enterprise (9DFFBCD6-494F-0158-E221-12823C92A888): 1
LogStreaming: Display: Took  0.000s to delete old logs.
LogInit: Presizing for max 8388607 objects, including 0 objects not considered by GC, pre-allocating 0 bytes for permanent pool.
LogInit: Object subsystem initialized
[2018.09.06-20.43.33:660][  0]LogInit: Selected Device Profile: [Windows]
[2018.09.06-20.43.33:660][  0]LogInit: Applying CVar settings loaded from the selected device profile: [Windows]
[2018.09.06-20.43.33:670][  0]LogHAL: Display: Platform has ~ 32 GB [34297425920 / 34359738368 / 32], which maps to Largest [LargestMinGB=32, LargerMinGB=12, DefaultMinGB=8, SmallerMinGB=6, SmallestMinGB=0)
[2018.09.06-20.43.33:671][  0]LogInit: Setting Device Profile CVar: [[r.Vulkan.UseRealUBs:1]]
[2018.09.06-20.43.33:671][  0]LogInit: Going up to parent DeviceProfile []
[2018.09.06-20.43.33:671][  0]LogInit: Computer: eae-d-136
[2018.09.06-20.43.33:671][  0]LogInit: User: u0723839
[2018.09.06-20.43.33:671][  0]LogInit: CPU Page size=4096, Cores=4
[2018.09.06-20.43.33:671][  0]LogInit: High frequency timer resolution =3.318388 MHz
[2018.09.06-20.43.33:671][  0]LogMemory: Memory total: Physical=31.9GB (32GB approx)
[2018.09.06-20.43.33:671][  0]LogMemory: Platform Memory Stats for Windows
[2018.09.06-20.43.33:671][  0]LogMemory: Process Physical Memory: 100.60 MB used, 100.60 MB peak
[2018.09.06-20.43.33:671][  0]LogMemory: Process Virtual Memory: 89.36 MB used, 89.36 MB peak
[2018.09.06-20.43.33:671][  0]LogMemory: Physical Memory: 5632.36 MB used,  27076.21 MB free, 32708.57 MB total
[2018.09.06-20.43.33:671][  0]LogMemory: Virtual Memory: 4638.75 MB used,  27076.21 MB free, 134217728.00 MB total
[2018.09.06-20.43.33:687][  0]LogInit: Using OS detected language (en-US).
[2018.09.06-20.43.33:687][  0]LogInit: Using OS detected locale (en-US).
[2018.09.06-20.43.33:687][  0]LogTextLocalizationManager: No specific localization for 'en-US' exists, so the 'en' localization will be used.
[2018.09.06-20.43.34:064][  0]LogStreaming: Display: Took  0.377s to InitEngineTextLocalization.
[2018.09.06-20.43.34:064][  0]LogInit: Setting process to per monitor DPI aware
[2018.09.06-20.43.34:100][  0]LogSlate: New Slate User Created.  User Index 0, Is Virtual User: 0
[2018.09.06-20.43.34:100][  0]LogSlate: Slate User Registered.  User Index 0, Is Virtual User: 0
[2018.09.06-20.43.34:271][  0]LogHMD: Failed to initialize OpenVR with code 110
[2018.09.06-20.43.34:271][  0]LogD3D11RHI: D3D11 adapters:
[2018.09.06-20.43.34:317][  0]LogD3D11RHI:    0. 'NVIDIA GeForce GTX 1070' (Feature Level 11_0)
[2018.09.06-20.43.34:317][  0]LogD3D11RHI:       8088/0/16354 MB DedicatedVideo/DedicatedSystem/SharedSystem, Outputs:2, VendorId:0x10de
[2018.09.06-20.43.34:319][  0]LogD3D11RHI:    1. 'Microsoft Basic Render Driver' (Feature Level 11_0)
[2018.09.06-20.43.34:319][  0]LogD3D11RHI:       0/0/16354 MB DedicatedVideo/DedicatedSystem/SharedSystem, Outputs:0, VendorId:0x1414
[2018.09.06-20.43.34:319][  0]LogD3D11RHI: Chosen D3D11 Adapter: 0
[2018.09.06-20.43.34:324][  0]LogD3D11RHI: Creating new Direct3DDevice
[2018.09.06-20.43.34:324][  0]LogD3D11RHI:     GPU DeviceId: 0x1b81 (for the marketing name, search the web for "GPU Device Id")
[2018.09.06-20.43.34:324][  0]LogWindows: EnumDisplayDevices:
[2018.09.06-20.43.34:324][  0]LogWindows:    0. 'NVIDIA GeForce GTX 1070' (P:0 D:1)
[2018.09.06-20.43.34:324][  0]LogWindows:    1. 'NVIDIA GeForce GTX 1070' (P:1 D:1)
[2018.09.06-20.43.34:324][  0]LogWindows:    2. 'NVIDIA GeForce GTX 1070' (P:0 D:0)
[2018.09.06-20.43.34:325][  0]LogWindows:    3. 'NVIDIA GeForce GTX 1070' (P:0 D:0)
[2018.09.06-20.43.34:325][  0]LogWindows: DebugString: FoundDriverCount:4 
[2018.09.06-20.43.34:325][  0]LogD3D11RHI:     Adapter Name: NVIDIA GeForce GTX 1070
[2018.09.06-20.43.34:325][  0]LogD3D11RHI:   Driver Version: 398.36 (internal:24.21.13.9836, unified:398.36)
[2018.09.06-20.43.34:325][  0]LogD3D11RHI:      Driver Date: 6-24-2018
[2018.09.06-20.43.34:325][  0]LogRHI: Texture pool is 5661 MB (70% of 8088 MB)
[2018.09.06-20.43.34:371][  0]LogD3D11RHI: Async texture creation enabled
[2018.09.06-20.43.34:386][  0]LogD3D11RHI: GPU Timing Frequency: 1000.000000 (Debug: 2 2)
[2018.09.06-20.43.34:470][  0]LogShaderCompilers: Guid format shader working directory is -27 characters bigger than the processId version (../../../../../../Users/u0723839/Documents/Unreal Projects/EnvironmentalArt/Intermediate/Shaders/WorkingDirectory/13156/).
[2018.09.06-20.43.34:470][  0]LogShaderCompilers: Cleaned the shader compiler working directory 'C:/Users/u0723839/AppData/Local/Temp/UnrealShaderWorkingDir/F53C41594E1002C4440694AE2B4A9D97/'.
[2018.09.06-20.43.34:686][  0]LogTemp: Display: Loaded TP AllDesktopTargetPlatform
[2018.09.06-20.43.34:698][  0]LogTemp: Display: Loaded TP MacClientTargetPlatform
[2018.09.06-20.43.34:710][  0]LogTemp: Display: Loaded TP MacNoEditorTargetPlatform
[2018.09.06-20.43.34:722][  0]LogTemp: Display: Loaded TP MacServerTargetPlatform
[2018.09.06-20.43.34:735][  0]LogTemp: Display: Loaded TP MacTargetPlatform
[2018.09.06-20.43.34:748][  0]LogTemp: Display: Loaded TP WindowsClientTargetPlatform
[2018.09.06-20.43.34:760][  0]LogTemp: Display: Loaded TP WindowsNoEditorTargetPlatform
[2018.09.06-20.43.34:772][  0]LogTemp: Display: Loaded TP WindowsServerTargetPlatform
[2018.09.06-20.43.34:778][  0]LogTemp: Display: Loaded TP WindowsTargetPlatform
[2018.09.06-20.43.34:849][  0]LogTemp: Display: Loaded TP AndroidTargetPlatform
[2018.09.06-20.43.34:849][  0]LogTemp: Display: Loaded TP AndroidTargetPlatform
[2018.09.06-20.43.34:849][  0]LogTemp: Display: Loaded TP AndroidTargetPlatform
[2018.09.06-20.43.34:849][  0]LogTemp: Display: Loaded TP AndroidTargetPlatform
[2018.09.06-20.43.34:849][  0]LogTemp: Display: Loaded TP AndroidTargetPlatform
[2018.09.06-20.43.34:849][  0]LogTemp: Display: Loaded TP AndroidTargetPlatform
[2018.09.06-20.43.34:849][  0]LogTemp: Display: Loaded TP AndroidTargetPlatform
[2018.09.06-20.43.34:849][  0]LogTemp: Display: Loaded TP AndroidTargetPlatform
[2018.09.06-20.43.34:849][  0]LogTemp: Display: Loaded TP AndroidTargetPlatform
[2018.09.06-20.43.34:849][  0]LogTemp: Display: Loaded TP AndroidTargetPlatform
[2018.09.06-20.43.34:849][  0]LogTemp: Display: Loaded TP AndroidTargetPlatform
[2018.09.06-20.43.34:849][  0]LogTemp: Display: Loaded TP AndroidTargetPlatform
[2018.09.06-20.43.34:849][  0]LogTemp: Display: Loaded TP AndroidTargetPlatform
[2018.09.06-20.43.34:849][  0]LogTemp: Display: Loaded TP AndroidTargetPlatform
[2018.09.06-20.43.34:849][  0]LogTemp: Display: Loaded TP AndroidTargetPlatform
[2018.09.06-20.43.34:849][  0]LogTemp: Display: Loaded TP AndroidTargetPlatform
[2018.09.06-20.43.34:849][  0]LogTemp: Display: Loaded TP AndroidTargetPlatform
[2018.09.06-20.43.34:849][  0]LogTemp: Display: Loaded TP AndroidTargetPlatform
[2018.09.06-20.43.34:850][  0]LogTemp: Display: Loaded TP HTML5TargetPlatform
[2018.09.06-20.43.34:906][  0]LogTemp: Display: Loaded TP IOSTargetPlatform
[2018.09.06-20.43.34:906][  0]LogTemp: Display: Loaded TP IOSTargetPlatform
[2018.09.06-20.43.34:927][  0]LogTemp: Display: Loaded TP TVOSTargetPlatform
[2018.09.06-20.43.34:927][  0]LogTemp: Display: Loaded TP TVOSTargetPlatform
[2018.09.06-20.43.34:938][  0]LogTemp: Display: Loaded TP LinuxClientTargetPlatform
[2018.09.06-20.43.34:949][  0]LogTemp: Display: Loaded TP LinuxNoEditorTargetPlatform
[2018.09.06-20.43.34:961][  0]LogTemp: Display: Loaded TP LinuxServerTargetPlatform
[2018.09.06-20.43.34:972][  0]LogTemp: Display: Loaded TP LinuxTargetPlatform
[2018.09.06-20.43.34:981][  0]LogTemp: Display: Loaded TP LuminTargetPlatform
[2018.09.06-20.43.34:981][  0]LogTargetPlatformManager: Display: Building Assets For Windows
[2018.09.06-20.43.35:030][  0]LogXGEController: Cannot use XGE Controller as Incredibuild is not installed on this machine.
[2018.09.06-20.43.35:030][  0]LogShaderCompilers: Cannot use XGE Shader Compiler as Incredibuild is not installed on this machine.
[2018.09.06-20.43.35:030][  0]LogShaderCompilers: Display: Using Local Shader Compiler.
[2018.09.06-20.43.35:684][  0]LogDerivedDataCache: Display: Max Cache Size: 512 MB
[2018.09.06-20.43.35:735][  0]LogDerivedDataCache: Loaded boot cache 0.05s 71MB C:/Users/u0723839/AppData/Local/UnrealEngine/4.20/DerivedDataCache/Boot.ddc.
[2018.09.06-20.43.35:735][  0]LogDerivedDataCache: Display: Loaded Boot cache: C:/Users/u0723839/AppData/Local/UnrealEngine/4.20/DerivedDataCache/Boot.ddc
[2018.09.06-20.43.35:735][  0]LogDerivedDataCache: FDerivedDataBackendGraph:  Pak pak cache file ../../../../../../Users/u0723839/Documents/Unreal Projects/EnvironmentalArt/DerivedDataCache/DDC.ddp not found, will not use a pak cache.
[2018.09.06-20.43.35:735][  0]LogDerivedDataCache: Unable to find inner node Pak for hierarchical cache Hierarchy.
[2018.09.06-20.43.35:735][  0]LogDerivedDataCache: FDerivedDataBackendGraph:  CompressedPak pak cache file ../../../../../../Users/u0723839/Documents/Unreal Projects/EnvironmentalArt/DerivedDataCache/Compressed.ddp not found, will not use a pak cache.
[2018.09.06-20.43.35:735][  0]LogDerivedDataCache: Unable to find inner node CompressedPak for hierarchical cache Hierarchy.
[2018.09.06-20.43.35:747][  0]LogDerivedDataCache: Display: Pak cache opened for reading ../../../Engine/DerivedDataCache/Compressed.ddp.
[2018.09.06-20.43.35:759][  0]LogDerivedDataCache: Using Local data cache path C:/Users/u0723839/AppData/Local/UnrealEngine/Common/DerivedDataCache: Writable
[2018.09.06-20.43.35:759][  0]LogDerivedDataCache: Shared data cache path not found in *engine.ini, will not use an Shared cache.
[2018.09.06-20.43.35:759][  0]LogDerivedDataCache: Unable to find inner node Shared for hierarchical cache Hierarchy.
[2018.09.06-20.43.35:775][  0]LogMaterial: Verifying Global Shaders for PCD3D_SM5
[2018.09.06-20.43.35:777][  0]LogSlate: Using FreeType 2.6.0
[2018.09.06-20.43.35:777][  0]LogSlate: SlateFontServices - WITH_FREETYPE: 1, WITH_HARFBUZZ: 1
[2018.09.06-20.43.35:844][  0]LogAssetRegistry: FAssetRegistry took 0.0254 seconds to start up
[2018.09.06-20.43.36:136][  0]LogInit: Selected Device Profile: [Windows]
[2018.09.06-20.43.36:257][  0]LogSimplygon: Simplygon DLL not present - disabling.
[2018.09.06-20.43.36:260][  0]LogMeshReduction: Using SimplygonSwarm for distributed automatic mesh merging
[2018.09.06-20.43.36:260][  0]LogMeshReduction: Using ProxyLODMeshReduction for automatic mesh merging
[2018.09.06-20.43.36:260][  0]LogMeshReduction: Using QuadricMeshReduction for automatic static mesh reduction
[2018.09.06-20.43.36:260][  0]LogMeshReduction: No automatic skeletal mesh reduction module available
[2018.09.06-20.43.36:279][  0]LogNetVersion: EnvironmentalArt 1.0.0, NetCL: 4212847, EngineNetVer: 5, GameNetVer: 0 (Checksum: 3708285889)
[2018.09.06-20.43.36:738][  0]LogPackageLocalizationCache: Processed 11 localized package path(s) for 2 prioritized culture(s) in 0.087594 seconds
[2018.09.06-20.43.36:745][  0]LogUObjectArray: 38425 objects as part of root set at end of initial load.
[2018.09.06-20.43.36:745][  0]LogUObjectAllocator: 6690872 out of 0 bytes used by permanent object pool.
[2018.09.06-20.43.36:745][  0]LogUObjectArray: CloseDisregardForGC: 0/0 objects in disregard for GC pool
[2018.09.06-20.43.37:500][  0]LogTcpMessaging: Initializing TcpMessaging bridge
[2018.09.06-20.43.37:528][  0]LogUdpMessaging: Initializing bridge on interface 0.0.0.0:0 to multicast group 230.0.0.1:6666.
[2018.09.06-20.43.37:663][  0]SourceControl: Source control is disabled
[2018.09.06-20.43.37:663][  0]SourceControl: Source control is disabled
[2018.09.06-20.43.37:665][  0]SourceControl: Source control is disabled
[2018.09.06-20.43.37:666][  0]SourceControl: Source control is disabled
[2018.09.06-20.43.37:821][  0]LogAndroidPermission: UAndroidPermissionCallbackProxy::GetInstance
[2018.09.06-20.43.37:890][  0]LogOcInput: OculusInput pre-init called
[2018.09.06-20.43.37:947][  0]LogEngine: Initializing Engine...
[2018.09.06-20.43.37:948][  0]LogHMD: Failed to initialize OpenVR with code 110
[2018.09.06-20.43.37:949][  0]LogStats: UGameplayTagsManager::ConstructGameplayTagTree: ImportINI prefixes -  0.000 s
[2018.09.06-20.43.37:949][  0]LogStats: UGameplayTagsManager::ConstructGameplayTagTree: Construct from data asset -  0.000 s
[2018.09.06-20.43.37:949][  0]LogStats: UGameplayTagsManager::ConstructGameplayTagTree: ImportINI -  0.000 s
[2018.09.06-20.43.37:949][  0]LogStats: UGameplayTagsManager::ConstructGameplayTagTree: GameplayTagTreeChangedEvent.Broadcast -  0.000 s
[2018.09.06-20.43.38:144][  0]LogInit: Initializing FReadOnlyCVARCache
[2018.09.06-20.43.38:157][  0]LogAIModule: Creating AISystem for world Untitled
[2018.09.06-20.43.38:176][  0]LogInit: XAudio2 using 'Headphones (3- High Definition Audio Device)' : 2 channels at 48 kHz using 16 bits per sample (channel mask 0x3)
[2018.09.06-20.43.38:195][  0]LogInit: FAudioDevice initialized.
[2018.09.06-20.43.38:195][  0]LogNetVersion: Set ProjectVersion to 1.0.0.0. Version Checksum will be recalculated on next use.
[2018.09.06-20.43.38:349][  0]LogDerivedDataCache: Saved boot cache 0.15s 71MB C:/Users/u0723839/AppData/Local/UnrealEngine/4.20/DerivedDataCache/Boot.ddc.
[2018.09.06-20.43.38:352][  0]LogInit: Texture streaming: Enabled
[2018.09.06-20.43.38:369][  0]LogEngineSessionManager: EngineSessionManager initialized
[2018.09.06-20.43.38:382][  0]LogInit: Transaction tracking system initialized
[2018.09.06-20.43.38:402][  0]BlueprintLog: New page: Editor Load
[2018.09.06-20.43.38:532][  0]LocalizationService: Localization service is disabled
[2018.09.06-20.43.38:771][  0]LogFileCache: Scanning file cache for directory 'C:/Users/u0723839/Documents/Unreal Projects/EnvironmentalArt/Content/' took 0.01s
[2018.09.06-20.43.38:771][  0]LogCook: Display: Max memory allowance for cook 16384mb min free memory 0mb
[2018.09.06-20.43.38:771][  0]LogCook: Display: Mobile HDR setting 1
[2018.09.06-20.43.38:771][  0]LogGameplayTags: Display: UGameplayTagsManager::DoneAddingNativeTags. DelegateIsBound: 0
[2018.09.06-20.43.38:771][  0]LogStats: UGameplayTagsManager::ConstructGameplayTagTree: ImportINI prefixes -  0.000 s
[2018.09.06-20.43.38:771][  0]LogStats: UGameplayTagsManager::ConstructGameplayTagTree: Construct from data asset -  0.000 s
[2018.09.06-20.43.38:771][  0]LogStats: UGameplayTagsManager::ConstructGameplayTagTree: ImportINI -  0.000 s
[2018.09.06-20.43.38:771][  0]LogStats: UGameplayTagsManager::ConstructGameplayTagTree: GameplayTagTreeChangedEvent.Broadcast -  0.000 s
[2018.09.06-20.43.38:898][  0]SourceControl: Source control is disabled
[2018.09.06-20.43.38:898][  0]Cmd: MAP LOAD FILE="../../../Engine/Content/Maps/Templates/Template_Default.umap" TEMPLATE=1 SHOWPROGRESS=1 FEATURELEVEL=3
[2018.09.06-20.43.38:898][  0]LightingResults: New page: Lighting Build
[2018.09.06-20.43.38:901][  0]MapCheck: New page: Map Check
[2018.09.06-20.43.38:901][  0]LightingResults: New page: Lighting Build
[2018.09.06-20.43.39:077][  0]LogAIModule: Creating AISystem for world Untitled_1
[2018.09.06-20.43.39:082][  0]LogEditorServer: Finished looking for orphan Actors (0.000 secs)
[2018.09.06-20.43.39:102][  0]Cmd: MAP CHECKDEP NOCLEARLOG
[2018.09.06-20.43.39:157][  0]MapCheck: Map check complete: 0 Error(s), 0 Warning(s), took 55.334ms to complete.
[2018.09.06-20.43.39:157][  0]LogFileHelpers: Loading map 'Template_Default' took 0.259
[2018.09.06-20.43.39:283][  0]LogSlate: Updating window title bar state: overlay mode, drag disabled, window buttons hidden, title bar hidden
[2018.09.06-20.43.39:290][  0]LogSlate: Updating window title bar state: overlay mode, drag disabled, window buttons hidden, title bar hidden
[2018.09.06-20.43.39:296][  0]LogSlate: Updating window title bar state: overlay mode, drag disabled, window buttons hidden, title bar hidden
[2018.09.06-20.43.39:303][  0]LogSlate: Updating window title bar state: overlay mode, drag disabled, window buttons hidden, title bar hidden
[2018.09.06-20.43.39:312][  0]LogCollectionManager: Loaded 0 collections in 0.001328 seconds
[2018.09.06-20.43.39:356][  0]LogFileCache: Scanning file cache for directory 'C:/Users/u0723839/Documents/Unreal Projects/EnvironmentalArt/Saved/Collections/' took 0.01s
[2018.09.06-20.43.39:356][  0]LogFileCache: Scanning file cache for directory 'C:/Users/u0723839/Documents/Unreal Projects/EnvironmentalArt/Content/Developers/u0723839/Collections/' took 0.01s
[2018.09.06-20.43.39:356][  0]LogFileCache: Scanning file cache for directory 'C:/Users/u0723839/Documents/Unreal Projects/EnvironmentalArt/Content/Collections/' took 0.01s
[2018.09.06-20.43.39:356][  0]LogCollectionManager: Rebuilt the GUID cache for 0 collections in 0.000000 seconds
[2018.09.06-20.43.39:365][  0]LogContentBrowser: Native class hierarchy populated in 0.0085 seconds. Added 2572 classes and 603 folders.
[2018.09.06-20.43.39:371][  0]LogContentBrowser: Native class hierarchy updated for 'WidgetCarousel' in 0.0002 seconds. Added 0 classes and 0 folders.
[2018.09.06-20.43.39:802][  0]LogContentBrowser: Native class hierarchy updated for 'AddContentDialog' in 0.0003 seconds. Added 0 classes and 0 folders.
[2018.09.06-20.43.39:820][  0]LogContentBrowser: Native class hierarchy updated for 'SceneOutliner' in 0.0003 seconds. Added 1 classes and 2 folders.
[2018.09.06-20.43.39:836][  0]LogSlate: Took 0.000282 seconds to synchronously load lazily loaded font '../../../Engine/Content/Slate/Fonts/Roboto-Regular.ttf' (155K)
[2018.09.06-20.43.39:838][  0]LogSlate: Took 0.000168 seconds to synchronously load lazily loaded font '../../../Engine/Content/Slate/Fonts/Roboto-Bold.ttf' (160K)
[2018.09.06-20.43.39:850][  0]LogSlate: Took 0.005222 seconds to synchronously load lazily loaded font '../../../Engine/Content/Editor/Slate/Fonts/FontAwesome.ttf' (139K)
[2018.09.06-20.43.39:958][  0]LogRenderer: Reallocating scene render targets to support 1208x576 Format 10 NumSamples 1 (Frame:1).
[2018.09.06-20.43.40:056][  0]LogContentBrowser: Native class hierarchy updated for 'HierarchicalLODOutliner' in 0.0002 seconds. Added 0 classes and 0 folders.
[2018.09.06-20.43.40:056][  0]LogLoad: (Engine Initialization) Total time: 7.94 seconds
[2018.09.06-20.43.40:056][  0]LogLoad: (Engine Initialization) Total Blueprint compile time: 0.00 seconds
[2018.09.06-20.43.40:066][  0]LogWindowsTextInputMethodSystem: Display: IME system now deactivated.
[2018.09.06-20.43.40:088][  0]LogContentStreaming: Texture pool size now 1000 MB
[2018.09.06-20.43.43:898][454]LogAssetRegistry: Asset discovery search completed in 8.0753 seconds
[2018.09.06-20.43.43:899][454]LogCollectionManager: Rebuilt the object cache for 0 collections in 0.000000 seconds (found 0 objects)
[2018.09.06-20.43.43:899][454]LogCollectionManager: Fixed up redirectors for 0 collections in 0.000034 seconds (updated 0 objects)
[2018.09.06-20.45.21:613][279]LogSlate: FSceneViewport::OnFocusLost() reason 0
[2018.09.06-20.45.48:342][485]LogSlate: Took 0.000325 seconds to synchronously load lazily loaded font '../../../Engine/Content/Slate/Fonts/Roboto-Light.ttf' (167K)
[2018.09.06-20.45.48:353][485]LogFactory: FactoryCreateFile: Texture with ReimportTextureFactory (0 0 ../../../../../../Users/u0723839/Downloads/Environmentalart.jpg)
[2018.09.06-20.45.48:368][485]LogTexture: Display: Building textures: Environmentalart (AutoDXT, 564X796)
[2018.09.06-20.45.48:739][485]LogSlate: Took 0.000150 seconds to synchronously load lazily loaded font '../../../Engine/Content/Slate/Fonts/Roboto-Light.ttf' (167K)
[2018.09.06-20.45.54:038][115]LogMaterial: Display: Missing cached shader map for material Environmentalart_Mat, compiling. 
[2018.09.06-20.45.54:089][116]LogShaderCompilers: Display: Shaders left to compile 22
[2018.09.06-20.45.54:089][116]LogShaderCompilers: Display: Shaders left to compile 12
[2018.09.06-20.45.54:089][116]LogShaderCompilers: Display: Shaders left to compile 2
[2018.09.06-20.45.56:128][358]LogActorFactory: Actor Factory created Plane
[2018.09.06-20.45.56:574][404]LogActorFactory: Actor Factory created Plane
[2018.09.06-20.46.00:805][899]LogSlate: FSceneViewport::OnFocusLost() reason 0
[2018.09.06-20.46.12:431][287]LogSlate: FSceneViewport::OnFocusLost() reason 2
[2018.09.06-20.46.16:396][761]LogSlate: FSceneViewport::OnFocusLost() reason 2
[2018.09.06-20.46.17:458][888]Cmd: CAMERA ALIGN ACTIVEVIEWPORTONLY
[2018.09.06-20.46.32:688][707]LogSlate: FSceneViewport::OnFocusLost() reason 0
[2018.09.06-20.46.32:787][713]LogRenderer: Reallocating scene render targets to support 1208x584 Format 10 NumSamples 1 (Frame:6600).
[2018.09.06-20.46.32:824][714]LogRenderer: Reallocating scene render targets to support 1208x616 Format 10 NumSamples 1 (Frame:6602).
[2018.09.06-20.46.32:859][715]LogRenderer: Reallocating scene render targets to support 1208x688 Format 10 NumSamples 1 (Frame:6604).
[2018.09.06-20.46.32:895][716]LogRenderer: Reallocating scene render targets to support 1208x788 Format 10 NumSamples 1 (Frame:6606).
[2018.09.06-20.46.32:930][717]LogRenderer: Reallocating scene render targets to support 1208x876 Format 10 NumSamples 1 (Frame:6608).
[2018.09.06-20.46.32:964][718]LogRenderer: Reallocating scene render targets to support 1208x900 Format 10 NumSamples 1 (Frame:6610).
[2018.09.06-20.47.31:726][843]LogSlate: FSceneViewport::OnFocusLost() reason 0
[2018.09.06-20.47.57:070][860]Cmd: TRANSACTION UNDO
[2018.09.06-20.47.57:070][860]LogEditorTransaction: Undo Scale Actors
[2018.09.06-20.48.02:092][456]LogSlate: FSceneViewport::OnFocusLost() reason 2
[2018.09.06-20.48.13:310][783]Cmd: TRANSACTION UNDO
[2018.09.06-20.48.13:310][783]LogEditorTransaction: Undo Scale Actors
[2018.09.06-20.48.17:584][291]Cmd: TRANSACTION UNDO
[2018.09.06-20.48.17:584][291]LogEditorTransaction: Undo Scale Actors
[2018.09.06-20.48.29:328][685]Cmd: CAMERA ALIGN ACTIVEVIEWPORTONLY
[2018.09.06-20.48.38:988][828]LogEditorViewport: Clicking on Actor (LMB): BP_Sky_Sphere_C (Sky Sphere)
[2018.09.06-20.48.39:220][851]LogSlate: FSceneViewport::OnFocusLost() reason 2
[2018.09.06-20.48.43:931][415]LogSlate: FSceneViewport::OnFocusLost() reason 2
[2018.09.06-20.48.48:133][918]LogEditorViewport: Clicking on Actor (LMB): StaticMeshActor (Plane)
[2018.09.06-20.48.50:058][144]LogSlate: FSceneViewport::OnFocusLost() reason 0
[2018.09.06-20.51.08:065][167]LogFactory: FactoryCreateFile: StaticMesh with FbxFactory (0 0 ../../../../../../Users/u0723839/Downloads/reference.fbx)
[2018.09.06-20.51.08:096][167]LogFbx: Loading FBX Scene from ../../../../../../Users/u0723839/Downloads/reference.fbx
[2018.09.06-20.51.08:104][167]LogFbx: FBX Scene Loaded Succesfully
[2018.09.06-20.51.11:169][167]LogSlate: Window 'FBX Import Options' being destroyed
[2018.09.06-20.51.11:348][167]LogMaterial: Display: Missing cached shader map for material lambert1, compiling. 
[2018.09.06-20.51.11:359][167]LogFbx: Warning: Triangulating static mesh pPlane1
[2018.09.06-20.51.11:365][167]LogShaderCompilers: Display: Shaders left to compile 22
[2018.09.06-20.51.11:365][167]LogShaderCompilers: Display: Shaders left to compile 12
[2018.09.06-20.51.11:365][167]LogShaderCompilers: Display: Shaders left to compile 2
[2018.09.06-20.51.11:367][167]LogStaticMesh: Building static mesh reference...
[2018.09.06-20.51.11:370][167]LogStaticMesh: Built static mesh [0.00s] /Game/reference.reference
[2018.09.06-20.51.11:376][167]FBXImport: Warning: No smoothing group information was found in this FBX scene.  Please make sure to enable the 'Export Smoothing Groups' option in the FBX Exporter plug-in before exporting the file.  Even for tools that don't support smoothing groups, the FBX Exporter will generate appropriate smoothing data at export-time so that correct vertex normals can be inferred while importing. 
[2018.09.06-20.51.12:929][327]LogSlate: Window 'Message Log' being destroyed
[2018.09.06-20.51.12:932][327]LogSlate: Window 'Message Log' being destroyed
[2018.09.06-20.51.15:447][489]LogSlate: Window 'Delete Assets' being destroyed
[2018.09.06-20.51.18:789][824]LogActorFactory: Actor Factory created reference
[2018.09.06-20.51.19:346][890]LogActorFactory: Actor Factory created reference
[2018.09.06-20.51.20:789][ 59]LogEditorViewport: Clicking on Actor (LMB): StaticMeshActor (Plane)
[2018.09.06-20.51.21:469][136]Cmd: DELETE
[2018.09.06-20.51.21:469][136]Cmd: ACTOR DELETE
[2018.09.06-20.51.21:471][136]LogEditorActor: Deleted Actor: StaticMeshActor
[2018.09.06-20.51.21:492][136]LogEditorActor: Deleted 1 Actors (0.023 secs)
[2018.09.06-20.51.23:073][326]LogEditorViewport: Clicking on Actor (LMB): StaticMeshActor (reference)
[2018.09.06-20.51.24:389][479]LogSlate: FSceneViewport::OnFocusLost() reason 0
[2018.09.06-20.51.29:296][ 66]LogEditorViewport: Clicking on Actor (LMB): StaticMeshActor (Floor)
[2018.09.06-20.51.32:331][424]Cmd: TRANSACTION UNDO
[2018.09.06-20.51.32:331][424]LogEditorTransaction: Undo Move Actors
[2018.09.06-20.51.32:662][462]Cmd: TRANSACTION UNDO
[2018.09.06-20.51.32:662][462]LogEditorTransaction: Undo Move Actors
[2018.09.06-20.51.34:690][699]LogSlate: FSceneViewport::OnFocusLost() reason 0
[2018.09.06-20.51.49:401][460]Cmd: CAMERA ALIGN ACTIVEVIEWPORTONLY
[2018.09.06-20.51.53:187][910]LogSlate: FSceneViewport::OnFocusLost() reason 0
[2018.09.06-20.52.03:125][ 95]LogEditorViewport: Clicking on Actor (LMB): StaticMeshActor (Floor)
[2018.09.06-20.52.03:792][171]Cmd: DELETE
[2018.09.06-20.52.03:792][171]Cmd: ACTOR DELETE
[2018.09.06-20.52.03:794][171]LogEditorActor: Deleted Actor: StaticMeshActor
[2018.09.06-20.52.03:811][171]LogEditorActor: Deleted 1 Actors (0.019 secs)
[2018.09.06-20.52.29:613][998]LogEditorViewport: Clicking Background
[2018.09.06-20.52.31:265][195]LogSlate: FSceneViewport::OnFocusLost() reason 2
[2018.09.06-20.52.33:531][467]LogEditorViewport: Clicking on Actor (LMB): StaticMeshActor (reference)
[2018.09.06-20.52.47:473][128]LogSlate: FSceneViewport::OnFocusLost() reason 2
[2018.09.06-20.52.50:405][478]LogSlate: FSceneViewport::OnFocusLost() reason 2
[2018.09.06-20.52.57:095][280]LogSlate: FSceneViewport::OnFocusLost() reason 0
[2018.09.06-20.52.59:088][509]LogSlate: FSceneViewport::OnFocusLost() reason 2
[2018.09.06-20.53.01:304][774]Cmd: CAMERA ALIGN ACTIVEVIEWPORTONLY
[2018.09.06-20.53.05:909][325]LogSlate: FSceneViewport::OnFocusLost() reason 2
[2018.09.06-20.53.07:454][509]LogSlate: FSceneViewport::OnFocusLost() reason 2
[2018.09.06-20.53.14:953][407]LogEditorViewport: Clicking on Actor (LMB): StaticMeshActor (reference)
[2018.09.06-20.53.23:932][472]Cmd: TRANSACTION UNDO
[2018.09.06-20.53.23:933][472]LogEditorTransaction: Undo Scale Actors
[2018.09.06-20.53.25:209][622]LogSlate: FSceneViewport::OnFocusLost() reason 0
[2018.09.06-20.53.28:326][996]LogEditorViewport: Clicking on Actor (LMB): StaticMeshActor (reference)
[2018.09.06-20.53.37:499][ 93]LogEditorViewport: Clicking Background
[2018.09.06-20.53.38:846][254]LogEditorViewport: Clicking on Actor (LMB): StaticMeshActor (reference)
[2018.09.06-20.53.43:537][810]LogSlate: FSceneViewport::OnFocusLost() reason 0
[2018.09.06-20.53.47:018][227]LogEditorViewport: Clicking on Actor (LMB): StaticMeshActor (reference)
[2018.09.06-20.53.53:933][ 53]LogEditorViewport: Clicking on Actor (LMB): StaticMeshActor (reference)
[2018.09.06-20.54.06:505][557]LogSlate: FSceneViewport::OnFocusLost() reason 0
[2018.09.06-20.54.06:614][569]LogActorFactory: Actor Factory created Cube
[2018.09.06-20.54.08:247][764]LogActorFactory: Actor Factory created Cube
[2018.09.06-20.54.09:190][871]LogSlate: FSceneViewport::OnFocusLost() reason 0
[2018.09.06-20.54.15:889][671]LogSlate: FSceneViewport::OnFocusLost() reason 2
[2018.09.06-20.54.18:215][949]LogEditorViewport: Clicking on Actor (LMB): Character (Character)
[2018.09.06-20.54.21:640][352]LogEditorViewport: Clicking on Actor (LMB): StaticMeshActor (Cube)
[2018.09.06-20.54.28:246][138]LogSlate: FSceneViewport::OnFocusLost() reason 0
[2018.09.06-20.54.32:080][597]LogEditor: Attempting to add actor of class 'CineCameraActor' to level at -690.00,1210.00,1160.00
[2018.09.06-20.54.32:809][675]LogEditor: Attempting to add actor of class 'CineCameraActor' to level at -60.00,870.00,940.00
[2018.09.06-20.54.38:690][331]Cmd: CAMERA ALIGN ACTIVEVIEWPORTONLY
[2018.09.06-20.54.55:428][331]LogSlate: FSceneViewport::OnFocusLost() reason 2
[2018.09.06-20.55.04:395][400]LogEditorViewport: Clicking on Actor (LMB): CineCameraActor (CineCameraActor1)
[2018.09.06-20.55.06:578][658]LogSlate: FSceneViewport::OnFocusLost() reason 2
[2018.09.06-20.55.09:310][986]Cmd: TRANSACTION UNDO
[2018.09.06-20.55.09:310][986]LogEditorTransaction: Undo Clicking on Actors
[2018.09.06-20.55.09:656][ 24]Cmd: TRANSACTION UNDO
[2018.09.06-20.55.09:656][ 24]LogEditorTransaction: Undo Change Lens Preset
[2018.09.06-20.55.10:275][ 95]Cmd: TRANSACTION UNDO
[2018.09.06-20.55.10:275][ 95]LogEditorTransaction: Undo Change Lens Preset
[2018.09.06-20.55.10:864][165]Cmd: TRANSACTION UNDO
[2018.09.06-20.55.10:864][165]LogEditorTransaction: Undo Rotate Actors
[2018.09.06-20.55.11:243][210]Cmd: TRANSACTION UNDO
[2018.09.06-20.55.11:243][210]LogEditorTransaction: Undo Create Actors
[2018.09.06-20.55.14:000][536]LogEditor: Attempting to add actor of class 'CineCameraActor' to level at -1240.00,1390.00,1280.00
[2018.09.06-20.55.14:553][593]LogEditor: Attempting to add actor of class 'CineCameraActor' to level at -820.00,1580.00,1100.00
[2018.09.06-20.55.28:614][264]LogSlate: FSceneViewport::OnFocusLost() reason 2
[2018.09.06-20.55.33:110][802]LogEditorViewport: Clicking on Actor (LMB): StaticMeshActor (Cube)
[2018.09.06-20.55.40:331][657]LogSlate: FSceneViewport::OnFocusLost() reason 2
[2018.09.06-20.55.44:758][186]Cmd: TRANSACTION UNDO
[2018.09.06-20.55.44:758][186]LogEditorTransaction: Undo Scale Actors
[2018.09.06-20.55.47:363][495]LogSlate: FSceneViewport::OnFocusLost() reason 2
[2018.09.06-20.55.51:421][981]LogSlate: Took 0.005011 seconds to synchronously load lazily loaded font '../../../Engine/Content/Slate/Fonts/Roboto-BoldCondensed.ttf' (158K)
[2018.09.06-20.56.04:898][592]LogSlate: FSceneViewport::OnFocusLost() reason 0
[2018.09.06-20.56.05:587][673]Cmd: CAMERA ALIGN ACTIVEVIEWPORTONLY
[2018.09.06-20.56.11:652][388]LogEditorViewport: Clicking on Actor (context menu): BP_Sky_Sphere_C (Sky Sphere)
[2018.09.06-20.56.11:683][388]LogSlate: FSceneViewport::OnFocusLost() reason 2
[2018.09.06-20.56.37:331][430]LogSlate: FSceneViewport::OnFocusLost() reason 0
[2018.09.06-20.56.38:080][515]Cmd: CAMERA ALIGN ACTIVEVIEWPORTONLY
[2018.09.06-20.56.52:245][194]LogSlate: FSceneViewport::OnFocusLost() reason 2
[2018.09.06-20.56.57:509][824]LogSlate: FSceneViewport::OnFocusLost() reason 2
[2018.09.06-20.57.03:205][506]LogEditorViewport: Clicking on Actor (LMB): StaticMeshActor (reference)
[2018.09.06-20.57.03:317][518]Cmd: CAMERA ALIGN ACTIVEVIEWPORTONLY
[2018.09.06-20.57.09:786][292]LogSlate: FSceneViewport::OnFocusLost() reason 2
[2018.09.06-20.57.12:501][618]LogEditorViewport: Clicking on Actor (LMB): StaticMeshActor (Cube)
[2018.09.06-20.57.19:575][462]LogSlate: FSceneViewport::OnFocusLost() reason 0
[2018.09.06-20.57.38:062][679]LogEditorViewport: Clicking on Actor (LMB): StaticMeshActor (reference)
[2018.09.06-20.57.45:162][524]LogSlate: FSceneViewport::OnFocusLost() reason 2
[2018.09.06-20.57.47:734][831]LogEditorViewport: Clicking on Actor (LMB): StaticMeshActor (Cube)
[2018.09.06-20.57.51:873][321]Cmd: TRANSACTION UNDO
[2018.09.06-20.57.51:873][321]LogEditorTransaction: Undo Scale Actors
[2018.09.06-20.57.54:588][642]LogEditorViewport: Clicking on Actor (LMB): StaticMeshActor (reference)
[2018.09.06-20.57.59:668][243]LogSlate: FSceneViewport::OnFocusLost() reason 2
[2018.09.06-20.58.07:521][179]LogSlate: FSceneViewport::OnFocusLost() reason 2
[2018.09.06-20.58.18:144][453]LogEditorViewport: Clicking on Actor (LMB): StaticMeshActor (reference)
[2018.09.06-20.58.20:789][769]LogEditorViewport: Clicking on Actor (LMB): StaticMeshActor (reference)
[2018.09.06-20.58.24:194][175]LogEditorViewport: Clicking on Actor (LMB): StaticMeshActor (reference)
[2018.09.06-20.58.24:629][226]LogEditorViewport: Clicking on Actor (LMB): Character (Character)
[2018.09.06-20.58.28:045][628]LogEditorViewport: Clicking on Actor (LMB): StaticMeshActor (Cube)
[2018.09.06-20.59.09:324][563]LogSlate: FSceneViewport::OnFocusLost() reason 2
[2018.09.06-20.59.11:728][850]Cmd: CAMERA ALIGN ACTIVEVIEWPORTONLY
[2018.09.06-20.59.20:685][917]LogSlate: FSceneViewport::OnFocusLost() reason 2
[2018.09.06-20.59.32:934][386]LogEditorViewport: Clicking on Actor (LMB): StaticMeshActor (Cube)
[2018.09.06-20.59.37:302][907]LogSlate: FSceneViewport::OnFocusLost() reason 0
[2018.09.06-20.59.45:575][890]LogEditorViewport: Clicking on Actor (LMB): StaticMeshActor (Cube)
[2018.09.06-20.59.56:585][201]LogSlate: FSceneViewport::OnFocusLost() reason 0
[2018.09.06-21.00.22:145][257]LogSlate: FSceneViewport::OnFocusLost() reason 0
[2018.09.06-21.00.49:188][833]LogSavePackage: Moving '../../../../../../Users/u0723839/Documents/Unreal Projects/EnvironmentalArt/Saved/Untitled_1_Auto1BD698B484425FA0C49BEF393AD6682B9.tmp' to '../../../../../../Users/u0723839/Documents/Unreal Projects/EnvironmentalArt/Saved/Autosaves/Temp/Untitled_1_Auto1.umap'
[2018.09.06-21.00.49:195][833]LogFileHelpers: Editor autosave (incl. sublevels) for '/Temp/Untitled_1' took 0.058
[2018.09.06-21.00.49:195][833]LogFileHelpers: Editor autosave (incl. sublevels) for all levels took 0.058
[2018.09.06-21.00.49:198][833]OBJ SavePackage: Generating thumbnails for [1] asset(s) in package [/Game/Environmentalart] ([1] browsable assets)...
[2018.09.06-21.00.49:204][833]OBJ SavePackage:     Rendered thumbnail for [Texture2D /Game/Environmentalart.Environmentalart]
[2018.09.06-21.00.49:204][833]OBJ SavePackage: Finished generating thumbnails for package [/Game/Environmentalart]
[2018.09.06-21.00.49:219][833]LogSavePackage: Moving '../../../../../../Users/u0723839/Documents/Unreal Projects/EnvironmentalArt/Saved/Environmentalart_Auto1B2A26A6B48A6D2FD4D37688EB7303630.tmp' to '../../../../../../Users/u0723839/Documents/Unreal Projects/EnvironmentalArt/Saved/Autosaves/Game/Environmentalart_Auto1.uasset'
[2018.09.06-21.00.49:221][833]OBJ SavePackage: Generating thumbnails for [1] asset(s) in package [/Game/Environmentalart_Mat] ([1] browsable assets)...
[2018.09.06-21.00.49:232][833]OBJ SavePackage:     Rendered thumbnail for [Material /Game/Environmentalart_Mat.Environmentalart_Mat]
[2018.09.06-21.00.49:232][833]OBJ SavePackage: Finished generating thumbnails for package [/Game/Environmentalart_Mat]
[2018.09.06-21.00.49:250][833]LogSavePackage: Moving '../../../../../../Users/u0723839/Documents/Unreal Projects/EnvironmentalArt/Saved/Environmentalart_Mat_Auto18260CB814696174A41B19E8D296E46A9.tmp' to '../../../../../../Users/u0723839/Documents/Unreal Projects/EnvironmentalArt/Saved/Autosaves/Game/Environmentalart_Mat_Auto1.uasset'
[2018.09.06-21.00.49:252][833]OBJ SavePackage: Generating thumbnails for [1] asset(s) in package [/Game/reference] ([1] browsable assets)...
[2018.09.06-21.00.49:263][833]OBJ SavePackage:     Rendered thumbnail for [StaticMesh /Game/reference.reference]
[2018.09.06-21.00.49:263][833]OBJ SavePackage: Finished generating thumbnails for package [/Game/reference]
[2018.09.06-21.00.49:263][833]Cmd: OBJ SAVEPACKAGE PACKAGE="/Game/reference" FILE="../../../../../../Users/u0723839/Documents/Unreal Projects/EnvironmentalArt/Saved/Autosaves/Game/reference_Auto1.uasset" SILENT=false AUTOSAVING=true
[2018.09.06-21.00.49:279][833]LogSavePackage: Moving '../../../../../../Users/u0723839/Documents/Unreal Projects/EnvironmentalArt/Saved/reference_Auto1F28EAF654A549D093431AAA4A6BA01AB.tmp' to '../../../../../../Users/u0723839/Documents/Unreal Projects/EnvironmentalArt/Saved/Autosaves/Game/reference_Auto1.uasset'
[2018.09.06-21.00.49:280][833]LogFileHelpers: Auto-saving content packages took 0.083
[2018.09.06-21.00.59:122][719]LogSlate: FSceneViewport::OnFocusLost() reason 2
[2018.09.06-21.01.09:734][972]LogSlate: FSceneViewport::OnFocusLost() reason 2
[2018.09.06-21.01.13:616][437]LogEditorViewport: Clicking Background
[2018.09.06-21.01.14:796][578]LogSlate: FSceneViewport::OnFocusLost() reason 0
[2018.09.06-21.01.43:451][ 16]LogEditorViewport: Clicking on Actor (LMB): CineCameraActor (CineCameraActor3)
[2018.09.06-21.01.44:299][106]Cmd: DELETE
[2018.09.06-21.01.44:299][106]Cmd: ACTOR DELETE
[2018.09.06-21.01.44:301][106]LogEditorActor: Deleted Actor: CineCameraActor
[2018.09.06-21.01.44:355][106]LogEditorActor: Deleted 1 Actors (0.055 secs)
[2018.09.06-21.02.57:219][206]LogSlate: FSceneViewport::OnFocusLost() reason 0
[2018.09.06-21.03.00:440][502]LogEditorViewport: Clicking Background
[2018.09.06-21.03.02:268][721]LogSlate: FSceneViewport::OnFocusLost() reason 0
[2018.09.06-21.03.02:369][730]LogRenderer: Reallocating scene render targets to support 1212x900 Format 10 NumSamples 1 (Frame:90794).
[2018.09.06-21.03.02:405][731]LogRenderer: Reallocating scene render targets to support 1244x900 Format 10 NumSamples 1 (Frame:90796).
[2018.09.06-21.03.02:442][732]LogRenderer: Reallocating scene render targets to support 1288x900 Format 10 NumSamples 1 (Frame:90798).
[2018.09.06-21.03.02:477][733]LogRenderer: Reallocating scene render targets to support 1328x900 Format 10 NumSamples 1 (Frame:90800).
[2018.09.06-21.03.02:513][734]LogRenderer: Reallocating scene render targets to support 1352x900 Format 10 NumSamples 1 (Frame:90802).
[2018.09.06-21.03.02:548][735]LogRenderer: Reallocating scene render targets to support 1360x900 Format 10 NumSamples 1 (Frame:90804).
[2018.09.06-21.03.04:860][984]LogRenderer: Reallocating scene render targets to support 1372x900 Format 10 NumSamples 1 (Frame:90990).
[2018.09.06-21.03.04:895][985]LogRenderer: Reallocating scene render targets to support 1376x900 Format 10 NumSamples 1 (Frame:90992).
[2018.09.06-21.03.04:930][986]LogRenderer: Reallocating scene render targets to support 1384x900 Format 10 NumSamples 1 (Frame:90994).
[2018.09.06-21.03.04:965][987]LogRenderer: Reallocating scene render targets to support 1396x900 Format 10 NumSamples 1 (Frame:90996).
[2018.09.06-21.03.05:000][988]LogRenderer: Reallocating scene render targets to support 1408x900 Format 10 NumSamples 1 (Frame:90998).
[2018.09.06-21.03.05:035][989]LogRenderer: Reallocating scene render targets to support 1416x900 Format 10 NumSamples 1 (Frame:91000).
[2018.09.06-21.03.05:070][990]LogRenderer: Reallocating scene render targets to support 1424x900 Format 10 NumSamples 1 (Frame:91002).
[2018.09.06-21.03.05:105][991]LogRenderer: Reallocating scene render targets to support 1428x900 Format 10 NumSamples 1 (Frame:91004).
[2018.09.06-21.03.05:140][992]LogRenderer: Reallocating scene render targets to support 1432x900 Format 10 NumSamples 1 (Frame:91006).
[2018.09.06-21.03.13:309][966]Cmd: EDIT COPY
[2018.09.06-21.03.13:611][  2]Cmd: EDIT PASTE
[2018.09.06-21.03.23:930][229]LogSlate: Updating window title bar state: overlay mode, drag disabled, window buttons hidden, title bar hidden
[2018.09.06-21.03.23:937][229]LogSlate: Updating window title bar state: overlay mode, drag disabled, window buttons hidden, title bar hidden
[2018.09.06-21.03.23:943][229]LogSlate: Updating window title bar state: overlay mode, drag disabled, window buttons hidden, title bar hidden
[2018.09.06-21.03.23:949][229]LogSlate: Updating window title bar state: overlay mode, drag disabled, window buttons hidden, title bar hidden
[2018.09.06-21.03.31:142][968]Cmd: TRANSACTION UNDO
[2018.09.06-21.03.31:142][968]LogEditorTransaction: Undo Move Actors
[2018.09.06-21.03.40:455][ 67]LogSlate: FSceneViewport::OnFocusLost() reason 0
[2018.09.06-21.03.52:559][513]LogSlate: FSceneViewport::OnFocusLost() reason 0
[2018.09.06-21.04.13:399][  2]LogSlate: FSceneViewport::OnFocusLost() reason 0
[2018.09.06-21.04.17:886][536]LogSlate: FSceneViewport::OnFocusLost() reason 0
[2018.09.06-21.04.25:622][457]LogEditorViewport: Clicking on Actor (LMB): StaticMeshActor (Cube)
[2018.09.06-21.04.38:445][982]LogSlate: FSceneViewport::OnFocusLost() reason 0
[2018.09.06-21.04.45:406][812]LogActorFactory: Actor Factory created Cube
[2018.09.06-21.04.46:181][902]LogActorFactory: Actor Factory created Cube
[2018.09.06-21.04.49:860][336]LogSlate: FSceneViewport::OnFocusLost() reason 0
[2018.09.06-21.04.57:388][231]LogSlate: FSceneViewport::OnFocusLost() reason 0
[2018.09.06-21.04.57:515][242]LogRenderer: Reallocating scene render targets to support 1916x1016 Format 10 NumSamples 1 (Frame:113988).
[2018.09.06-21.05.02:526][825]Cmd: CAMERA ALIGN ACTIVEVIEWPORTONLY
[2018.09.06-21.05.14:554][241]LogSlate: FSceneViewport::OnFocusLost() reason 0
[2018.09.06-21.05.26:602][679]LogSlate: FSceneViewport::OnFocusLost() reason 2
[2018.09.06-21.05.37:365][959]LogSlate: FSceneViewport::OnFocusLost() reason 2
[2018.09.06-21.05.40:432][322]LogSlate: FSceneViewport::OnFocusLost() reason 2
[2018.09.06-21.05.48:306][262]LogSlate: FSceneViewport::OnFocusLost() reason 0
[2018.09.06-21.06.19:700][ 23]LogEditorViewport: Clicking on Actor (LMB): StaticMeshActor (Cube3)
[2018.09.06-21.06.41:725][647]LogSlate: FSceneViewport::OnFocusLost() reason 2
[2018.09.06-21.07.18:413][ 19]LogSlate: FSceneViewport::OnFocusLost() reason 0
[2018.09.06-21.07.18:504][ 30]Cmd: MODE SCALEGRID=0
[2018.09.06-21.07.20:916][315]LogSlate: FSceneViewport::OnFocusLost() reason 0
[2018.09.06-21.07.20:991][324]Cmd: MODE ROTGRID=0
[2018.09.06-21.07.34:499][925]LogSlate: FSceneViewport::OnFocusLost() reason 2
[2018.09.06-21.07.39:244][491]LogSlate: FSceneViewport::OnFocusLost() reason 2
[2018.09.06-21.07.42:778][909]LogSlate: FSceneViewport::OnFocusLost() reason 2
[2018.09.06-21.07.50:777][859]LogSlate: FSceneViewport::OnFocusLost() reason 2
[2018.09.06-21.08.09:827][136]LogSlate: FSceneViewport::OnFocusLost() reason 0
[2018.09.06-21.08.09:966][151]LogActorFactory: Actor Factory created Cube
[2018.09.06-21.08.10:992][271]LogActorFactory: Actor Factory created Cube
[2018.09.06-21.08.12:607][459]Cmd: CAMERA ALIGN ACTIVEVIEWPORTONLY
[2018.09.06-21.08.25:630][  4]LogEditorViewport: Clicking on Actor (LMB): StaticMeshActor (reference)
[2018.09.06-21.08.26:915][151]LogEditorViewport: Clicking on Actor (LMB): StaticMeshActor (Cube4)
[2018.09.06-21.08.44:612][247]LogSlate: FSceneViewport::OnFocusLost() reason 0
[2018.09.06-21.08.44:670][254]Cmd: MODE GRID=0
[2018.09.06-21.08.49:269][801]Cmd: EDIT COPY
[2018.09.06-21.08.49:572][836]Cmd: EDIT PASTE
[2018.09.06-21.09.13:120][631]Cmd: CAMERA ALIGN ACTIVEVIEWPORTONLY
[2018.09.06-21.09.14:181][734]LogSlate: FSceneViewport::OnFocusLost() reason 2
[2018.09.06-21.09.14:476][758]Cmd: CAMERA ALIGN ACTIVEVIEWPORTONLY
[2018.09.06-21.09.15:594][867]Cmd: CAMERA ALIGN ACTIVEVIEWPORTONLY
[2018.09.06-21.09.16:338][955]Cmd: CAMERA ALIGN ACTIVEVIEWPORTONLY
[2018.09.06-21.09.36:112][303]LogEditorViewport: Clicking on Actor (LMB): StaticMeshActor (reference)
[2018.09.06-21.09.39:764][721]LogEditorViewport: Clicking on Actor (LMB): StaticMeshActor (Cube5)
[2018.09.06-21.09.46:687][532]LogSlate: FSceneViewport::OnFocusLost() reason 0
[2018.09.06-21.10.16:478][ 68]LogSlate: FSceneViewport::OnFocusLost() reason 2
[2018.09.06-21.10.18:084][256]LogEditorViewport: Clicking Background
[2018.09.06-21.10.21:448][658]LogSlate: FSceneViewport::OnFocusLost() reason 0
[2018.09.06-21.10.30:422][734]LogEditorViewport: Clicking on Actor (LMB): StaticMeshActor (Cube5)
[2018.09.06-21.10.34:752][238]Cmd: TRANSACTION UNDO
[2018.09.06-21.10.34:752][238]LogEditorTransaction: Undo Rotate Actors
[2018.09.06-21.10.43:761][297]LogSlate: FSceneViewport::OnFocusLost() reason 2
[2018.09.06-21.10.48:140][810]LogSlate: FSceneViewport::OnFocusLost() reason 2
[2018.09.06-21.10.53:767][476]LogSlate: FSceneViewport::OnFocusLost() reason 2
[2018.09.06-21.10.53:865][487]LogEditorViewport: Clicking on Actor (LMB): StaticMeshActor (Cube3)
[2018.09.06-21.10.55:579][687]Cmd: EDIT COPY
[2018.09.06-21.10.55:875][721]Cmd: EDIT PASTE
[2018.09.06-21.11.00:450][258]Cmd: CAMERA ALIGN ACTIVEVIEWPORTONLY
[2018.09.06-21.11.10:477][440]LogSlate: FSceneViewport::OnFocusLost() reason 0
[2018.09.06-21.11.36:476][527]LogSlate: FSceneViewport::OnFocusLost() reason 0
[2018.09.06-21.11.46:395][707]LogEditorViewport: Clicking on Actor (LMB): StaticMeshActor (Cube6)
[2018.09.06-21.11.57:156][985]LogEditorViewport: Clicking on Actor (LMB): StaticMeshActor (Cube6)
[2018.09.06-21.12.23:656][150]LogSlate: FSceneViewport::OnFocusLost() reason 0
[2018.09.06-21.12.34:464][441]LogSlate: FSceneViewport::OnFocusLost() reason 0
[2018.09.06-21.13.06:428][252]LogSavePackage: Moving '../../../../../../Users/u0723839/Documents/Unreal Projects/EnvironmentalArt/Saved/Untitled_1_Auto23689E9B447BCFD149FEAB1A5326055E1.tmp' to '../../../../../../Users/u0723839/Documents/Unreal Projects/EnvironmentalArt/Saved/Autosaves/Temp/Untitled_1_Auto2.umap'
[2018.09.06-21.13.06:433][252]LogFileHelpers: Editor autosave (incl. sublevels) for '/Temp/Untitled_1' took 0.053
[2018.09.06-21.13.06:433][252]LogFileHelpers: Editor autosave (incl. sublevels) for all levels took 0.053
[2018.09.06-21.13.41:154][415]LogEditorActor: Deleted Actor: StaticMeshActor
[2018.09.06-21.13.41:173][415]LogEditorActor: Deleted 1 Actors (0.021 secs)
[2018.09.06-21.13.59:974][656]LogSlate: FSceneViewport::OnFocusLost() reason 2
[2018.09.06-21.14.00:049][665]LogEditorViewport: Clicking on Actor (LMB): StaticMeshActor (Cube5)
[2018.09.06-21.14.32:101][482]LogSlate: FSceneViewport::OnFocusLost() reason 0
[2018.09.06-21.14.42:984][784]LogActorFactory: Actor Factory created Cube
[2018.09.06-21.14.43:780][878]LogActorFactory: Actor Factory created Cube
[2018.09.06-21.15.24:722][731]Cmd: CAMERA ALIGN ACTIVEVIEWPORTONLY
[2018.09.06-21.15.29:580][297]LogSlate: FSceneViewport::OnFocusLost() reason 2
[2018.09.06-21.15.36:624][109]LogSlate: FSceneViewport::OnFocusLost() reason 0
[2018.09.06-21.15.43:322][866]LogSlate: FSceneViewport::OnFocusLost() reason 0
[2018.09.06-21.15.47:854][405]Cmd: CAMERA ALIGN ACTIVEVIEWPORTONLY
[2018.09.06-21.15.49:572][594]LogEditorViewport: Clicking on Actor (LMB): StaticMeshActor (reference)
[2018.09.06-21.16.23:158][356]LogEditorViewport: Clicking on Actor (LMB): StaticMeshActor (reference)
[2018.09.06-21.16.52:229][707]LogSlate: FSceneViewport::OnFocusLost() reason 0
[2018.09.06-21.16.57:080][224]LogSlate: FSceneViewport::OnFocusLost() reason 0
[2018.09.06-21.17.15:038][988]Cmd: EDIT COPY
[2018.09.06-21.17.15:241][ 12]Cmd: EDIT PASTE
[2018.09.06-21.17.29:464][639]LogSlate: FSceneViewport::OnFocusLost() reason 0
[2018.09.06-21.17.34:279][207]EditorErrors: New page: Actor attachment
[2018.09.06-21.17.35:336][332]LogEditorViewport: Clicking on Actor (LMB): CameraActor (CameraActor)
[2018.09.06-21.17.39:861][862]Cmd: TRANSACTION UNDO
[2018.09.06-21.17.39:861][862]LogEditorTransaction: Undo Rotate Actors
[2018.09.06-21.18.14:354][960]LogSlate: FSceneViewport::OnFocusLost() reason 0
[2018.09.06-21.18.35:805][489]LogEditorViewport: Clicking on Actor (LMB): StaticMeshActor (reference2)
[2018.09.06-21.18.38:833][842]Cmd: TRANSACTION UNDO
[2018.09.06-21.18.38:833][842]LogEditorTransaction: Undo Rotate Actors
[2018.09.06-21.18.40:546][ 31]LogEditorViewport: Clicking on Actor (LMB): CameraActor (CameraActor)
[2018.09.06-21.18.45:670][633]Cmd: TRANSACTION UNDO
[2018.09.06-21.18.45:670][633]LogEditorTransaction: Undo Rotate Actors
[2018.09.06-21.18.56:534][918]LogSlate: FSceneViewport::OnFocusLost() reason 0
[2018.09.06-21.19.00:917][432]LogEditorViewport: Clicking on Actor (LMB): StaticMeshActor (reference2)
[2018.09.06-21.19.05:446][966]Cmd: TRANSACTION UNDO
[2018.09.06-21.19.05:446][966]LogEditorTransaction: Undo Rotate Actors
[2018.09.06-21.19.06:264][ 47]LogEditorViewport: Clicking on Actor (LMB): StaticMeshActor (reference2)
[2018.09.06-21.19.06:514][ 75]Cmd: TRANSACTION UNDO
[2018.09.06-21.19.06:514][ 75]LogEditorTransaction: Undo Clicking on Actors
[2018.09.06-21.19.06:914][121]Cmd: TRANSACTION UNDO
[2018.09.06-21.19.06:914][121]LogEditorTransaction: Undo Clicking on Actors
[2018.09.06-21.19.07:607][196]LogEditorViewport: Clicking on Actor (LMB): StaticMeshActor (reference2)
[2018.09.06-21.19.10:366][511]LogSlate: FSceneViewport::OnFocusLost() reason 0
[2018.09.06-21.19.17:843][401]Cmd: TRANSACTION UNDO
[2018.09.06-21.19.17:843][401]LogEditorTransaction: Undo Set Rotation
[2018.09.06-21.19.18:353][447]Cmd: TRANSACTION UNDO
[2018.09.06-21.19.18:353][447]LogEditorTransaction: Undo Set Rotation
[2018.09.06-21.19.22:158][896]LogSlate: FSceneViewport::OnFocusLost() reason 0
[2018.09.06-21.19.32:270][ 95]LogSlate: FSceneViewport::OnFocusLost() reason 0
[2018.09.06-21.19.35:096][431]LogEditorViewport: Clicking on Actor (LMB): StaticMeshActor (reference2)
[2018.09.06-21.19.38:825][872]Cmd: TRANSACTION UNDO
[2018.09.06-21.19.38:825][872]LogEditorTransaction: Undo Move Actors
[2018.09.06-21.19.39:724][961]LogEditorViewport: Clicking on Actor (LMB): BP_Sky_Sphere_C (Sky Sphere)
[2018.09.06-21.19.41:417][155]Cmd: TRANSACTION UNDO
[2018.09.06-21.19.41:417][155]LogEditorTransaction: Undo Move Actors
[2018.09.06-21.19.44:331][490]LogEditorViewport: Clicking on Actor (LMB): CameraActor (CameraActor)
[2018.09.06-21.20.10:407][594]LogEditorViewport: Clicking on Actor (LMB): StaticMeshActor (reference2)
[2018.09.06-21.20.13:598][967]LogEditorViewport: Clicking on Actor (LMB): CameraActor (CameraActor)
[2018.09.06-21.20.15:289][159]LogSlate: FSceneViewport::OnFocusLost() reason 0
[2018.09.06-21.20.21:115][836]LogEditorViewport: Clicking on Actor (LMB): StaticMeshActor (Cube)
[2018.09.06-21.20.27:233][558]LogEditorViewport: Clicking on Actor (LMB): BP_Sky_Sphere_C (Sky Sphere)
[2018.09.06-21.20.35:340][515]LogEditorViewport: Clicking on Actor (LMB): StaticMeshActor (reference2)
[2018.09.06-21.20.39:601][ 16]Cmd: TRANSACTION UNDO
[2018.09.06-21.20.39:601][ 16]LogEditorTransaction: Undo Move Actors
[2018.09.06-21.20.40:341][ 85]LogEditorViewport: Clicking on Actor (LMB): BP_Sky_Sphere_C (Sky Sphere)
[2018.09.06-21.20.41:041][164]LogEditorViewport: Clicking on Actor (LMB): BP_Sky_Sphere_C (Sky Sphere)
[2018.09.06-21.20.41:391][204]LogEditorViewport: Clicking on Actor (LMB): CameraActor (CameraActor)
[2018.09.06-21.20.53:216][602]LogEditorViewport: Clicking on Actor (LMB): StaticMeshActor (reference2)
[2018.09.06-21.21.04:629][953]Cmd: TRANSACTION UNDO
[2018.09.06-21.21.04:629][953]LogEditorTransaction: Undo Move Actors
[2018.09.06-21.21.05:679][ 60]LogEditorViewport: Clicking on Actor (LMB): Character (Character)
[2018.09.06-21.21.07:181][231]LogEditorViewport: Clicking on Actor (LMB): CameraActor (CameraActor)
[2018.09.06-21.21.20:814][841]LogEditorViewport: Clicking on Actor (LMB): DirectionalLight (Light Source)
[2018.09.06-21.21.24:102][226]LogSlate: FSceneViewport::OnFocusLost() reason 0
[2018.09.06-21.21.27:561][638]LogEditorViewport: Clicking on Actor (LMB): BP_Sky_Sphere_C (Sky Sphere)
[2018.09.06-21.21.28:776][778]LogSlate: FSceneViewport::OnFocusLost() reason 2
[2018.09.06-21.21.43:203][495]LogEditorViewport: Clicking on Actor (LMB): BP_Sky_Sphere_C (Sky Sphere)
[2018.09.06-21.21.47:713][ 11]LogEditorViewport: Clicking on Actor (LMB): BP_Sky_Sphere_C (Sky Sphere)
[2018.09.06-21.21.51:859][504]LogSlate: FSceneViewport::OnFocusLost() reason 0
[2018.09.06-21.21.53:695][722]LogEditorViewport: Clicking on Actor (LMB): StaticMeshActor (Cube2)
[2018.09.06-21.22.00:111][467]LogSlate: FSceneViewport::OnFocusLost() reason 0
[2018.09.06-21.22.32:967][359]LogSlate: FSceneViewport::OnFocusLost() reason 2
[2018.09.06-21.22.37:182][860]LogSlate: FSceneViewport::OnFocusLost() reason 2
[2018.09.06-21.22.38:284][990]Cmd: TRANSACTION UNDO
[2018.09.06-21.22.38:284][990]LogEditorTransaction: Undo Rotate Actors
[2018.09.06-21.22.40:188][201]LogSlate: FSceneViewport::OnFocusLost() reason 0
[2018.09.06-21.22.53:591][802]LogEditorViewport: Clicking on Actor (LMB): SkyLight (SkyLight)
[2018.09.06-21.22.58:714][407]LogEditorViewport: Clicking on Actor (LMB): DirectionalLight (Light Source)
[2018.09.06-21.23.00:023][556]LogEditorViewport: Clicking on Actor (LMB): AtmosphericFog (Atmospheric Fog)
[2018.09.06-21.23.01:765][758]LogEditorViewport: Clicking on Actor (LMB): PlayerStart (Player Start)
[2018.09.06-21.23.02:774][875]LogNavigationPoint: PostEditMove Clear paths rebuilt
[2018.09.06-21.23.03:779][993]LogEditorViewport: Clicking on Actor (LMB): StaticMeshActor (Cube2)
[2018.09.06-21.23.05:052][140]LogEditorViewport: Clicking on Actor (LMB): SphereReflectionCapture (SphereReflectionCapture)
[2018.09.06-21.23.09:464][661]LogEditorViewport: Clicking on Actor (LMB): StaticMeshActor (Cube2)
[2018.09.06-21.23.13:730][163]LogEditorViewport: Clicking on Actor (LMB): BP_Sky_Sphere_C (Sky Sphere)
[2018.09.06-21.23.14:726][278]LogEditorViewport: Clicking on Actor (LMB): StaticMeshActor (Cube2)
[2018.09.06-21.23.29:257][  1]LogEditorViewport: Clicking on Actor (LMB): BP_Sky_Sphere_C (Sky Sphere)
[2018.09.06-21.23.30:809][183]LogEditorViewport: Clicking on Actor (LMB): StaticMeshActor (Cube2)
[2018.09.06-21.23.45:949][977]Cmd: TRANSACTION UNDO
[2018.09.06-21.23.45:949][977]LogEditorTransaction: Undo Scale Actors
[2018.09.06-21.23.50:605][512]Cmd: TRANSACTION UNDO
[2018.09.06-21.23.50:606][512]LogEditorTransaction: Undo Rotate Actors
[2018.09.06-21.23.52:428][710]Cmd: TRANSACTION UNDO
[2018.09.06-21.23.52:428][710]LogEditorTransaction: Undo Rotate Actors
[2018.09.06-21.24.00:696][697]LogEditorViewport: Clicking on Actor (LMB): BP_Sky_Sphere_C (Sky Sphere)
[2018.09.06-21.24.03:580][ 38]LogEditorViewport: Clicking on Actor (LMB): StaticMeshActor (Cube2)
[2018.09.06-21.24.16:820][608]LogSlate: FSceneViewport::OnFocusLost() reason 0
[2018.09.06-21.24.25:608][658]LogEditorViewport: Clicking on Actor (LMB): StaticMeshActor (Cube2)
[2018.09.06-21.24.40:820][463]LogEditorViewport: Clicking on Actor (LMB): StaticMeshActor (Cube)
[2018.09.06-21.24.42:495][648]LogSlate: FSceneViewport::OnFocusLost() reason 0
[2018.09.06-21.24.46:102][ 56]LogEditorViewport: Clicking on Actor (LMB): BP_Sky_Sphere_C (Sky Sphere)
[2018.09.06-21.24.46:734][127]LogEditorViewport: Clicking on Actor (LMB): StaticMeshActor (Cube)
[2018.09.06-21.24.58:561][526]LogEditorViewport: Clicking on Actor (LMB): CameraActor (CameraActor)
[2018.09.06-21.25.01:744][894]LogEditorViewport: Clicking on Actor (LMB): BP_Sky_Sphere_C (Sky Sphere)
[2018.09.06-21.25.02:264][952]LogEditorViewport: Clicking on Actor (LMB): CameraActor (CameraActor)
[2018.09.06-21.25.04:021][151]Cmd: TRANSACTION UNDO
[2018.09.06-21.25.04:021][151]LogEditorTransaction: Undo Move Actors
[2018.09.06-21.25.09:726][805]Cmd: TRANSACTION UNDO
[2018.09.06-21.25.09:726][805]LogEditorTransaction: Undo Rotate Actors
[2018.09.06-21.25.12:395][104]LogEditorViewport: Clicking on Actor (LMB): StaticMeshActor (reference2)
[2018.09.06-21.25.15:747][498]LogEditorViewport: Clicking on Actor (LMB): StaticMeshActor (Cube)
[2018.09.06-21.25.34:231][696]LogSlate: FSceneViewport::OnFocusLost() reason 0
[2018.09.06-21.25.41:005][487]LogEditorActor: Deleted Actor: StaticMeshActor
[2018.09.06-21.25.41:024][487]LogEditorActor: Deleted 1 Actors (0.023 secs)
[2018.09.06-21.25.43:138][737]LogEditorActor: Deleted Actor: StaticMeshActor
[2018.09.06-21.25.43:156][737]LogEditorActor: Deleted 1 Actors (0.020 secs)
[2018.09.06-21.25.44:656][913]LogEditorActor: Deleted Actor: StaticMeshActor
[2018.09.06-21.25.44:676][913]LogEditorActor: Deleted 1 Actors (0.022 secs)
[2018.09.06-21.25.45:538][ 13]LogEditorActor: Deleted Actor: StaticMeshActor
[2018.09.06-21.25.45:556][ 13]LogEditorActor: Deleted 1 Actors (0.020 secs)
[2018.09.06-21.26.21:800][295]LogEditorViewport: Clicking on Actor (LMB): StaticMeshActor (reference2)
[2018.09.06-21.26.26:093][800]Cmd: TRANSACTION UNDO
[2018.09.06-21.26.26:094][800]LogEditorTransaction: Undo Move Actors
[2018.09.06-21.26.28:785][102]Cmd: TRANSACTION UNDO
[2018.09.06-21.26.28:785][102]LogEditorTransaction: Undo Move Actors
[2018.09.06-21.26.37:738][172]LogEditorViewport: Clicking on Actor (LMB): StaticMeshActor (Cube)
[2018.09.06-21.26.39:899][423]LogSlate: FSceneViewport::OnFocusLost() reason 2
[2018.09.06-21.26.52:168][873]Cmd: TRANSACTION UNDO
[2018.09.06-21.26.52:168][873]LogEditorTransaction: Undo Move Actors
[2018.09.06-21.26.56:258][343]LogSlate: FSceneViewport::OnFocusLost() reason 2
[2018.09.06-21.26.57:574][498]Cmd: TRANSACTION UNDO
[2018.09.06-21.26.57:574][498]LogEditorTransaction: Undo Rotate Actors
[2018.09.06-21.26.58:459][587]LogSlate: FSceneViewport::OnFocusLost() reason 2
[2018.09.06-21.27.02:638][ 84]LogSlate: FSceneViewport::OnFocusLost() reason 2
[2018.09.06-21.27.02:727][ 94]LogEditorViewport: Clicking on Actor (LMB): BP_Sky_Sphere_C (Sky Sphere)
[2018.09.06-21.27.05:265][393]LogEditorViewport: Clicking on Actor (LMB): CameraActor (CameraActor)
[2018.09.06-21.27.07:445][647]LogSlate: FSceneViewport::OnFocusLost() reason 0
[2018.09.06-21.27.14:685][511]LogEditorViewport: Clicking on Actor (LMB): StaticMeshActor (Cube)
[2018.09.06-21.27.21:931][367]LogSlate: FSceneViewport::OnFocusLost() reason 2
[2018.09.06-21.27.24:521][673]Cmd: TRANSACTION UNDO
[2018.09.06-21.27.24:521][673]LogEditorTransaction: Undo Move Actors
[2018.09.06-21.27.25:319][752]LogSlate: FSceneViewport::OnFocusLost() reason 2
[2018.09.06-21.27.25:432][765]LogEditorViewport: Clicking on Actor (LMB): BP_Sky_Sphere_C (Sky Sphere)
[2018.09.06-21.27.27:106][958]LogEditorViewport: Clicking on Actor (LMB): StaticMeshActor (reference)
[2018.09.06-21.27.30:636][362]Cmd: TRANSACTION UNDO
[2018.09.06-21.27.30:636][362]LogEditorTransaction: Undo Clicking on Actors
[2018.09.06-21.27.31:009][394]Cmd: TRANSACTION UNDO
[2018.09.06-21.27.31:009][394]LogEditorTransaction: Undo Clicking on Actors
[2018.09.06-21.27.31:366][428]Cmd: TRANSACTION UNDO
[2018.09.06-21.27.31:366][428]LogEditorTransaction: Undo Clicking on Actors
[2018.09.06-21.27.31:727][465]Cmd: TRANSACTION UNDO
[2018.09.06-21.27.31:727][465]LogEditorTransaction: Undo Clicking on Actors
[2018.09.06-21.27.32:146][512]Cmd: TRANSACTION UNDO
[2018.09.06-21.27.32:146][512]LogEditorTransaction: Undo Clicking on Actors
[2018.09.06-21.27.32:541][555]Cmd: TRANSACTION UNDO
[2018.09.06-21.27.32:541][555]LogEditorTransaction: Undo Move Actors
[2018.09.06-21.27.32:839][589]Cmd: TRANSACTION UNDO
[2018.09.06-21.27.32:839][589]LogEditorTransaction: Undo Clicking on Actors
[2018.09.06-21.27.36:641][ 37]LogEditorViewport: Clicking on Actor (LMB): StaticMeshActor (reference)
[2018.09.06-21.27.39:772][406]LogSlate: FSceneViewport::OnFocusLost() reason 0
[2018.09.06-21.27.49:909][595]LogSlate: FSceneViewport::OnFocusLost() reason 0
[2018.09.06-21.27.56:758][413]Cmd: TRANSACTION UNDO
[2018.09.06-21.27.56:758][413]LogEditorTransaction: Undo Set Rotation
[2018.09.06-21.28.03:133][151]Cmd: TRANSACTION UNDO
[2018.09.06-21.28.03:133][151]LogEditorTransaction: Undo Set Location
[2018.09.06-21.28.03:518][186]Cmd: TRANSACTION UNDO
[2018.09.06-21.28.03:518][186]LogEditorTransaction: Undo Set Location
[2018.09.06-21.28.06:164][493]LogSlate: FSceneViewport::OnFocusLost() reason 2
[2018.09.06-21.28.09:288][863]Cmd: TRANSACTION UNDO
[2018.09.06-21.28.09:288][863]LogEditorTransaction: Undo Set Location
[2018.09.06-21.28.09:587][891]Cmd: TRANSACTION UNDO
[2018.09.06-21.28.09:587][891]LogEditorTransaction: Undo Set Rotation
[2018.09.06-21.28.09:815][908]Cmd: TRANSACTION UNDO
[2018.09.06-21.28.09:815][908]LogEditorTransaction: Undo Clicking on Actors
[2018.09.06-21.28.10:011][924]Cmd: TRANSACTION UNDO
[2018.09.06-21.28.10:011][924]LogEditorTransaction: Undo Clicking on Actors
[2018.09.06-21.28.10:203][941]Cmd: TRANSACTION UNDO
[2018.09.06-21.28.10:203][941]LogEditorTransaction: Undo Clicking on Actors
[2018.09.06-21.28.10:413][961]Cmd: TRANSACTION UNDO
[2018.09.06-21.28.10:413][961]LogEditorTransaction: Undo Clicking on Actors
[2018.09.06-21.28.10:753][998]Cmd: TRANSACTION UNDO
[2018.09.06-21.28.10:753][998]LogEditorTransaction: Undo Clicking on Actors
[2018.09.06-21.28.11:030][ 27]Cmd: TRANSACTION UNDO
[2018.09.06-21.28.11:030][ 27]LogEditorTransaction: Undo Move Actors
[2018.09.06-21.28.11:266][ 53]Cmd: TRANSACTION UNDO
[2018.09.06-21.28.11:266][ 53]LogEditorTransaction: Undo Move Actors
[2018.09.06-21.28.11:471][ 77]Cmd: TRANSACTION UNDO
[2018.09.06-21.28.11:471][ 77]LogEditorTransaction: Undo Move Actors
[2018.09.06-21.28.11:669][100]Cmd: TRANSACTION UNDO
[2018.09.06-21.28.11:669][100]LogEditorTransaction: Undo Scale Actors
[2018.09.06-21.28.11:853][120]Cmd: TRANSACTION UNDO
[2018.09.06-21.28.11:853][120]LogEditorTransaction: Undo Move Actors
[2018.09.06-21.28.12:027][139]Cmd: TRANSACTION UNDO
[2018.09.06-21.28.12:027][139]LogEditorTransaction: Undo Set Scale
[2018.09.06-21.28.12:219][160]Cmd: TRANSACTION UNDO
[2018.09.06-21.28.12:219][160]LogEditorTransaction: Undo Set Scale
[2018.09.06-21.28.12:408][182]Cmd: TRANSACTION UNDO
[2018.09.06-21.28.12:408][182]LogEditorTransaction: Undo Clicking on Actors
[2018.09.06-21.28.13:862][342]LogSlate: FSceneViewport::OnFocusLost() reason 2
[2018.09.06-21.28.15:072][486]LogEditorViewport: Clicking on Actor (LMB): StaticMeshActor (reference2)
[2018.09.06-21.28.16:951][705]LogSlate: FSceneViewport::OnFocusLost() reason 0
[2018.09.06-21.29.13:454][426]LogEditorViewport: Clicking on Actor (LMB): StaticMeshActor (reference)
[2018.09.06-21.29.14:383][531]Cmd: DELETE
[2018.09.06-21.29.14:383][531]Cmd: ACTOR DELETE
[2018.09.06-21.29.14:384][531]LogEditorActor: Deleted Actor: StaticMeshActor
[2018.09.06-21.29.14:402][531]LogEditorActor: Deleted 1 Actors (0.019 secs)
[2018.09.06-21.29.18:467][ 14]LogEditorViewport: Clicking on Actor (LMB): StaticMeshActor (reference2)
[2018.09.06-21.29.24:395][715]LogEditorViewport: Clicking on Actor (LMB): CameraActor (CameraActor)
[2018.09.06-21.29.25:559][846]LogSlate: FSceneViewport::OnFocusLost() reason 0
[2018.09.06-21.29.33:631][803]Cmd: TRANSACTION UNDO
[2018.09.06-21.29.33:631][803]LogEditorTransaction: Undo Rotate Actors
[2018.09.06-21.29.35:739][ 34]LogEditorViewport: Clicking on Actor (LMB): StaticMeshActor (reference2)
[2018.09.06-21.29.39:008][418]LogEditorViewport: Clicking on Actor (LMB): BP_Sky_Sphere_C (Sky Sphere)
[2018.09.06-21.29.39:652][491]LogEditorViewport: Clicking on Actor (LMB): BP_Sky_Sphere_C (Sky Sphere)
[2018.09.06-21.29.40:306][567]LogEditorViewport: Clicking on Actor (LMB): CameraActor (CameraActor)
[2018.09.06-21.29.54:298][225]LogEditorViewport: Clicking on Actor (LMB): StaticMeshActor (reference2)
[2018.09.06-21.29.58:958][775]LogEditorViewport: Clicking on Actor (LMB): CameraActor (CameraActor)
[2018.09.06-21.30.12:352][361]LogSlate: FSceneViewport::OnFocusLost() reason 0
[2018.09.06-21.30.13:682][518]LogWindows: Windows GetLastError: The operation completed successfully. (0)
[2018.09.06-21.30.18:283][518]LogWindows: Error: === Critical error: ===
[2018.09.06-21.30.18:283][518]LogWindows: Error: 
[2018.09.06-21.30.18:283][518]LogWindows: Error: Assertion failed: SizeX <= GetMax2DTextureDimension() [File:D:\Build\++UE4\Sync\Engine\Source\Runtime\Windows\D3D11RHI\Private\D3D11Texture.cpp] [Line: 506] 
[2018.09.06-21.30.18:283][518]LogWindows: Error: Requested texture2d x size too large: 16407, 16384
[2018.09.06-21.30.18:283][518]LogWindows: Error: 
[2018.09.06-21.30.18:283][518]LogWindows: Error: 
[2018.09.06-21.30.18:283][518]LogWindows: Error: [Callstack] 0x00007ffff567a388 KERNELBASE.dll!UnknownFunction []
[2018.09.06-21.30.18:283][518]LogWindows: Error: [Callstack] 0x00007fffc97f6850 UE4Editor-ApplicationCore.dll!UnknownFunction []
[2018.09.06-21.30.18:283][518]LogWindows: Error: [Callstack] 0x00007fffb30662ec UE4Editor-Core.dll!UnknownFunction []
[2018.09.06-21.30.18:283][518]LogWindows: Error: [Callstack] 0x00007fffb2ff51cb UE4Editor-Core.dll!UnknownFunction []
[2018.09.06-21.30.18:283][518]LogWindows: Error: [Callstack] 0x00007fff91a19db6 UE4Editor-D3D11RHI.dll!UnknownFunction []
[2018.09.06-21.30.18:283][518]LogWindows: Error: [Callstack] 0x00007fff91a55174 UE4Editor-D3D11RHI.dll!UnknownFunction []
[2018.09.06-21.30.18:283][518]LogWindows: Error: [Callstack] 0x00007fffb2d2557a UE4Editor-RHI.dll!UnknownFunction []
[2018.09.06-21.30.18:283][518]LogWindows: Error: [Callstack] 0x00007fff992ee596 UE4Editor-Engine.dll!UnknownFunction []
[2018.09.06-21.30.18:283][518]LogWindows: Error: [Callstack] 0x00007fff999196cb UE4Editor-Engine.dll!UnknownFunction []
[2018.09.06-21.30.18:283][518]LogWindows: Error: [Callstack] 0x00007fff99727371 UE4Editor-Engine.dll!UnknownFunction []
[2018.09.06-21.30.18:283][518]LogWindows: Error: [Callstack] 0x00007fffcb562e14 UE4Editor-RenderCore.dll!UnknownFunction []
[2018.09.06-21.30.18:283][518]LogWindows: Error: [Callstack] 0x00007fffcb56f6b2 UE4Editor-RenderCore.dll!UnknownFunction []
[2018.09.06-21.30.18:283][518]LogWindows: Error: [Callstack] 0x00007fff997594e9 UE4Editor-Engine.dll!UnknownFunction []
[2018.09.06-21.30.18:283][518]LogWindows: Error: [Callstack] 0x00007fff9974684a UE4Editor-Engine.dll!UnknownFunction []
[2018.09.06-21.30.18:283][518]LogWindows: Error: [Callstack] 0x00007fff997333ed UE4Editor-Engine.dll!UnknownFunction []
[2018.09.06-21.30.18:283][518]LogWindows: Error: [Callstack] 0x00007fffb2924ad5 UE4Editor-Slate.dll!UnknownFunction []
[2018.09.06-21.30.18:283][518]LogWindows: Error: [Callstack] 0x00007fffb241dee3 UE4Editor-SlateCore.dll!UnknownFunction []
[2018.09.06-21.30.18:283][518]LogWindows: Error: [Callstack] 0x00007fffb241c726 UE4Editor-SlateCore.dll!UnknownFunction []
[2018.09.06-21.30.18:283][518]LogWindows: Error: [Callstack] 0x00007fffb241dee3 UE4Editor-SlateCore.dll!UnknownFunction []
[2018.09.06-21.30.18:283][518]LogWindows: Error: [Callstack] 0x00007fffb291f266 UE4Editor-Slate.dll!UnknownFunction []
[2018.09.06-21.30.18:283][518]LogWindows: Error: [Callstack] 0x00007fffb241dee3 UE4Editor-SlateCore.dll!UnknownFunction []
[2018.09.06-21.30.18:283][518]LogWindows: Error: [Callstack] 0x00007fffb241c109 UE4Editor-SlateCore.dll!UnknownFunction []
[2018.09.06-21.30.18:283][518]LogWindows: Error: [Callstack] 0x00007fffb291efcd UE4Editor-Slate.dll!UnknownFunction []
[2018.09.06-21.30.18:283][518]LogWindows: Error: [Callstack] 0x00007fffb241dee3 UE4Editor-SlateCore.dll!UnknownFunction []
[2018.09.06-21.30.18:283][518]LogWindows: Error: [Callstack] 0x00007fffb241c726 UE4Editor-SlateCore.dll!UnknownFunction []
[2018.09.06-21.30.18:283][518]LogWindows: Error: [Callstack] 0x00007fffb241dee3 UE4Editor-SlateCore.dll!UnknownFunction []
[2018.09.06-21.30.18:283][518]LogWindows: Error: [Callstack] 0x00007fffb241c109 UE4Editor-SlateCore.dll!UnknownFunction []
[2018.09.06-21.30.18:284][518]LogWindows: Error: [Callstack] 0x00007fffb291efcd UE4Editor-Slate.dll!UnknownFunction []
[2018.09.06-21.30.18:284][518]LogWindows: Error: [Callstack] 0x00007fffb241dee3 UE4Editor-SlateCore.dll!UnknownFunction []
[2018.09.06-21.30.18:284][518]LogWindows: Error: [Callstack] 0x00007fffb241c109 UE4Editor-SlateCore.dll!UnknownFunction []
[2018.09.06-21.30.18:284][518]LogWindows: Error: [Callstack] 0x00007fffb241dee3 UE4Editor-SlateCore.dll!UnknownFunction []
[2018.09.06-21.30.18:284][518]LogWindows: Error: [Callstack] 0x00007fffb241eab1 UE4Editor-SlateCore.dll!UnknownFunction []
[2018.09.06-21.30.18:284][518]LogWindows: Error: [Callstack] 0x00007fffb241c884 UE4Editor-SlateCore.dll!UnknownFunction []
[2018.09.06-21.30.18:284][518]LogWindows: Error: [Callstack] 0x00007fffb241dee3 UE4Editor-SlateCore.dll!UnknownFunction []
[2018.09.06-21.30.18:284][518]LogWindows: Error: [Callstack] 0x00007fffb241c726 UE4Editor-SlateCore.dll!UnknownFunction []
[2018.09.06-21.30.18:284][518]LogWindows: Error: [Callstack] 0x00007fffb241dee3 UE4Editor-SlateCore.dll!UnknownFunction []
[2018.09.06-21.30.18:284][518]LogWindows: Error: [Callstack] 0x00007fffb241c109 UE4Editor-SlateCore.dll!UnknownFunction []
[2018.09.06-21.30.18:284][518]LogWindows: Error: [Callstack] 0x00007fffb2924c95 UE4Editor-Slate.dll!UnknownFunction []
[2018.09.06-21.30.18:284][518]LogWindows: Error: [Callstack] 0x00007fffb241dee3 UE4Editor-SlateCore.dll!UnknownFunction []
[2018.09.06-21.30.18:284][518]LogWindows: Error: [Callstack] 0x00007fffb241c109 UE4Editor-SlateCore.dll!UnknownFunction []
[2018.09.06-21.30.18:284][518]LogWindows: Error: [Callstack] 0x00007fffb241dee3 UE4Editor-SlateCore.dll!UnknownFunction []
[2018.09.06-21.30.18:284][518]LogWindows: Error: [Callstack] 0x00007fffb241c109 UE4Editor-SlateCore.dll!UnknownFunction []
[2018.09.06-21.30.18:284][518]LogWindows: Error: [Callstack] 0x00007fffb241dee3 UE4Editor-SlateCore.dll!UnknownFunction []
[2018.09.06-21.30.18:284][518]LogWindows: Error: [Callstack] 0x00007fffb291f50b UE4Editor-Slate.dll!UnknownFunction []
[2018.09.06-21.30.18:284][518]LogWindows: Error: [Callstack] 0x00007fffb241dee3 UE4Editor-SlateCore.dll!UnknownFunction []
[2018.09.06-21.30.18:284][518]LogWindows: Error: [Callstack] 0x00007fffb241c726 UE4Editor-SlateCore.dll!UnknownFunction []
[2018.09.06-21.30.18:284][518]LogWindows: Error: [Callstack] 0x00007fffb241dee3 UE4Editor-SlateCore.dll!UnknownFunction []
[2018.09.06-21.30.18:284][518]LogWindows: Error: [Callstack] 0x00007fffb241c109 UE4Editor-SlateCore.dll!UnknownFunction []
[2018.09.06-21.30.18:284][518]LogWindows: Error: [Callstack] 0x00007fffb241dee3 UE4Editor-SlateCore.dll!UnknownFunction []
[2018.09.06-21.30.18:284][518]LogWindows: Error: [Callstack] 0x00007fffb241c109 UE4Editor-SlateCore.dll!UnknownFunction []
[2018.09.06-21.30.18:284][518]LogWindows: Error: [Callstack] 0x00007fffb291efcd UE4Editor-Slate.dll!UnknownFunction []
[2018.09.06-21.30.18:284][518]LogWindows: Error: [Callstack] 0x00007fffb241dee3 UE4Editor-SlateCore.dll!UnknownFunction []
[2018.09.06-21.30.18:284][518]LogWindows: Error: [Callstack] 0x00007fffb241c726 UE4Editor-SlateCore.dll!UnknownFunction []
[2018.09.06-21.30.18:284][518]LogWindows: Error: [Callstack] 0x00007fffb241dee3 UE4Editor-SlateCore.dll!UnknownFunction []
[2018.09.06-21.30.18:284][518]LogWindows: Error: [Callstack] 0x00007fffb241eab1 UE4Editor-SlateCore.dll!UnknownFunction []
[2018.09.06-21.30.18:284][518]LogWindows: Error: [Callstack] 0x00007fffb241c884 UE4Editor-SlateCore.dll!UnknownFunction []
[2018.09.06-21.30.18:284][518]LogWindows: Error: [Callstack] 0x00007fffb241dee3 UE4Editor-SlateCore.dll!UnknownFunction []
[2018.09.06-21.30.18:284][518]LogWindows: Error: [Callstack] 0x00007fffb241c109 UE4Editor-SlateCore.dll!UnknownFunction []
[2018.09.06-21.30.18:284][518]LogWindows: Error: [Callstack] 0x00007fffb241dee3 UE4Editor-SlateCore.dll!UnknownFunction []
[2018.09.06-21.30.18:284][518]LogWindows: Error: [Callstack] 0x00007fffb241eab1 UE4Editor-SlateCore.dll!UnknownFunction []
[2018.09.06-21.30.18:284][518]LogWindows: Error: [Callstack] 0x00007fffb292438e UE4Editor-Slate.dll!UnknownFunction []
[2018.09.06-21.30.18:284][518]LogWindows: Error: [Callstack] 0x00007fffb241dee3 UE4Editor-SlateCore.dll!UnknownFunction []
[2018.09.06-21.30.18:284][518]LogWindows: Error: [Callstack] 0x00007fffb241c109 UE4Editor-SlateCore.dll!UnknownFunction []
[2018.09.06-21.30.18:284][518]LogWindows: Error: [Callstack] 0x00007fffb241dee3 UE4Editor-SlateCore.dll!UnknownFunction []
[2018.09.06-21.30.18:284][518]LogWindows: Error: [Callstack] 0x00007fffb241eab1 UE4Editor-SlateCore.dll!UnknownFunction []
[2018.09.06-21.30.18:284][518]LogWindows: Error: [Callstack] 0x00007fffb292438e UE4Editor-Slate.dll!UnknownFunction []
[2018.09.06-21.30.18:284][518]LogWindows: Error: [Callstack] 0x00007fffb241dee3 UE4Editor-SlateCore.dll!UnknownFunction []
[2018.09.06-21.30.18:284][518]LogWindows: Error: [Callstack] 0x00007fffb241c109 UE4Editor-SlateCore.dll!UnknownFunction []
[2018.09.06-21.30.18:284][518]LogWindows: Error: [Callstack] 0x00007fffb241dee3 UE4Editor-SlateCore.dll!UnknownFunction []
[2018.09.06-21.30.18:284][518]LogWindows: Error: [Callstack] 0x00007fffb241eab1 UE4Editor-SlateCore.dll!UnknownFunction []
[2018.09.06-21.30.18:284][518]LogWindows: Error: [Callstack] 0x00007fffb292438e UE4Editor-Slate.dll!UnknownFunction []
[2018.09.06-21.30.18:284][518]LogWindows: Error: [Callstack] 0x00007fffb241dee3 UE4Editor-SlateCore.dll!UnknownFunction []
[2018.09.06-21.30.18:284][518]LogWindows: Error: [Callstack] 0x00007fffb241c109 UE4Editor-SlateCore.dll!UnknownFunction []
[2018.09.06-21.30.18:284][518]LogWindows: Error: [Callstack] 0x00007fffb241dee3 UE4Editor-SlateCore.dll!UnknownFunction []
[2018.09.06-21.30.18:284][518]LogWindows: Error: [Callstack] 0x00007fffb241eab1 UE4Editor-SlateCore.dll!UnknownFunction []
[2018.09.06-21.30.18:284][518]LogWindows: Error: [Callstack] 0x00007fffb292438e UE4Editor-Slate.dll!UnknownFunction []
[2018.09.06-21.30.18:284][518]LogWindows: Error: [Callstack] 0x00007fffb241dee3 UE4Editor-SlateCore.dll!UnknownFunction []
[2018.09.06-21.30.18:284][518]LogWindows: Error: [Callstack] 0x00007fffb241c726 UE4Editor-SlateCore.dll!UnknownFunction []
[2018.09.06-21.30.18:284][518]LogWindows: Error: [Callstack] 0x00007fffb241dee3 UE4Editor-SlateCore.dll!UnknownFunction []
[2018.09.06-21.30.18:284][518]LogWindows: Error: [Callstack] 0x00007fffb241c109 UE4Editor-SlateCore.dll!UnknownFunction []
[2018.09.06-21.30.18:284][518]LogWindows: Error: [Callstack] 0x00007fffb241dee3 UE4Editor-SlateCore.dll!UnknownFunction []
[2018.09.06-21.30.18:284][518]LogWindows: Error: [Callstack] 0x00007fffb241eab1 UE4Editor-SlateCore.dll!UnknownFunction []
[2018.09.06-21.30.18:284][518]LogWindows: Error: [Callstack] 0x00007fffb241c884 UE4Editor-SlateCore.dll!UnknownFunction []
[2018.09.06-21.30.18:284][518]LogWindows: Error: [Callstack] 0x00007fffb241dee3 UE4Editor-SlateCore.dll!UnknownFunction []
[2018.09.06-21.30.18:284][518]LogWindows: Error: [Callstack] 0x00007fffb241c109 UE4Editor-SlateCore.dll!UnknownFunction []
[2018.09.06-21.30.18:284][518]LogWindows: Error: [Callstack] 0x00007fffb241dee3 UE4Editor-SlateCore.dll!UnknownFunction []
[2018.09.06-21.30.18:284][518]LogWindows: Error: [Callstack] 0x00007fffb241c109 UE4Editor-SlateCore.dll!UnknownFunction []
[2018.09.06-21.30.18:284][518]LogWindows: Error: [Callstack] 0x00007fffb291efcd UE4Editor-Slate.dll!UnknownFunction []
[2018.09.06-21.30.18:284][518]LogWindows: Error: [Callstack] 0x00007fffb241dee3 UE4Editor-SlateCore.dll!UnknownFunction []
[2018.09.06-21.30.18:284][518]LogWindows: Error: [Callstack] 0x00007fffb241c726 UE4Editor-SlateCore.dll!UnknownFunction []
[2018.09.06-21.30.18:284][518]LogWindows: Error: [Callstack] 0x00007fffb241dee3 UE4Editor-SlateCore.dll!UnknownFunction []
[2018.09.06-21.30.18:284][518]LogWindows: Error: [Callstack] 0x00007fffb241eab1 UE4Editor-SlateCore.dll!UnknownFunction []
[2018.09.06-21.30.18:284][518]LogWindows: Error: [Callstack] 0x00007fffb241c884 UE4Editor-SlateCore.dll!UnknownFunction []
[2018.09.06-21.30.18:284][518]LogWindows: Error: [Callstack] 0x00007fffb241dee3 UE4Editor-SlateCore.dll!UnknownFunction []
[2018.09.06-21.30.18:284][518]LogWindows: Error: [Callstack] 0x00007fffb241c109 UE4Editor-SlateCore.dll!UnknownFunction []
[2018.09.06-21.30.18:285][518]LogWindows: Error: [Callstack] 0x00007fffb241dee3 UE4Editor-SlateCore.dll!UnknownFunction []
[2018.09.06-21.30.18:285][518]LogWindows: Error: [Callstack] 0x00007fffb241eab1 UE4Editor-SlateCore.dll!UnknownFunction []
[2018.09.06-21.30.18:285][518]LogWindows: Error: [Callstack] 0x00007fffb292438e UE4Editor-Slate.dll!UnknownFunction []
[2018.09.06-21.30.18:285][518]LogWindows: Error: [Callstack] 0x00007fffb241dee3 UE4Editor-SlateCore.dll!UnknownFunction []
[2018.09.06-21.30.18:285][518]LogWindows: Error: [Callstack] 0x00007fffb241c726 UE4Editor-SlateCore.dll!UnknownFunction []
[2018.09.06-21.30.18:285][518]LogWindows: Error: 
[2018.09.06-21.30.18:297][518]LogExit: Executing StaticShutdownAfterError
[2018.09.06-21.30.18:300][518]LogWindows: FPlatformMisc::RequestExit(1)
[2018.09.06-21.30.18:309][518]Log file closed, 09/06/18 15:30:18
