Log file open, 09/06/18 15:30:24
LogWindows: Failed to load 'aqProf.dll' (GetLastError=126)
LogWindows: File 'aqProf.dll' does not exist
LogWindows: Failed to load 'VtuneApi.dll' (GetLastError=126)
LogWindows: File 'VtuneApi.dll' does not exist
LogWindows: Failed to load 'VtuneApi32e.dll' (GetLastError=126)
LogWindows: File 'VtuneApi32e.dll' does not exist
LogInit: Display: Running engine for game: EnvironmentalArt
LogPlatformFile: Not using cached read wrapper
LogTaskGraph: Started task graph with 5 named threads and 23 total threads with 3 sets of task threads.
LogStats: Stats thread started at 0.302376
LogD3D11RHI: Loaded GFSDK_Aftermath_Lib.x64.dll
LogICUInternationalization: Display: ICU TimeZone Detection - Raw Offset: -7:00, Platform Override: ''
LogPluginManager: Mounting plugin Paper2D
LogPluginManager: Mounting plugin AISupport
LogPluginManager: Mounting plugin LightPropagationVolume
LogPluginManager: Mounting plugin CLionSourceCodeAccess
LogPluginManager: Mounting plugin CodeLiteSourceCodeAccess
LogPluginManager: Mounting plugin GitSourceControl
LogPluginManager: Mounting plugin KDevelopSourceCodeAccess
LogPluginManager: Mounting plugin NullSourceCodeAccess
LogPluginManager: Mounting plugin PerforceSourceControl
LogPluginManager: Mounting plugin SubversionSourceControl
LogPluginManager: Mounting plugin UObjectPlugin
LogPluginManager: Mounting plugin VisualStudioCodeSourceCodeAccess
LogPluginManager: Mounting plugin VisualStudioSourceCodeAccess
LogPluginManager: Mounting plugin XCodeSourceCodeAccess
LogPluginManager: Mounting plugin AssetManagerEditor
LogPluginManager: Mounting plugin CryptoKeys
LogPluginManager: Mounting plugin DataValidation
LogPluginManager: Mounting plugin FacialAnimation
LogPluginManager: Mounting plugin GameplayTagsEditor
LogPluginManager: Mounting plugin MacGraphicsSwitching
LogPluginManager: Mounting plugin MeshEditor
LogPluginManager: Mounting plugin MobileLauncherProfileWizard
LogPluginManager: Mounting plugin PluginBrowser
LogPluginManager: Mounting plugin SpeedTreeImporter
LogPluginManager: Mounting plugin DatasmithContent
LogPluginManager: Mounting plugin AlembicImporter
LogPluginManager: Mounting plugin AppleImageUtils
LogPluginManager: Mounting plugin AppleVision
LogPluginManager: Mounting plugin BackChannel
LogPluginManager: Mounting plugin CharacterAI
LogPluginManager: Mounting plugin GeometryCache
LogPluginManager: Mounting plugin HTML5Networking
LogPluginManager: Mounting plugin ProxyLODPlugin
LogPluginManager: Mounting plugin MagicLeap
LogPluginManager: Mounting plugin MagicLeapEmulator
LogPluginManager: Mounting plugin MagicLeapMedia
LogPluginManager: Mounting plugin AndroidMedia
LogPluginManager: Mounting plugin AvfMedia
LogPluginManager: Mounting plugin ImgMedia
LogPluginManager: Mounting plugin LinearTimecode
LogPluginManager: Mounting plugin MediaCompositing
LogPluginManager: Mounting plugin MediaPlayerEditor
LogPluginManager: Mounting plugin WmfMedia
LogPluginManager: Mounting plugin TcpMessaging
LogPluginManager: Mounting plugin UdpMessaging
LogPluginManager: Mounting plugin ActorSequence
LogPluginManager: Mounting plugin LevelSequenceEditor
LogPluginManager: Mounting plugin MatineeToLevelSequence
LogPluginManager: Mounting plugin NetcodeUnitTest
LogPluginManager: Mounting plugin NUTUnrealEngine4
LogPluginManager: Mounting plugin OnlineSubsystemGooglePlay
LogPluginManager: Mounting plugin OnlineSubsystemIOS
LogPluginManager: Mounting plugin OnlineSubsystem
LogPluginManager: Mounting plugin OnlineSubsystemNull
LogPluginManager: Mounting plugin OnlineSubsystemUtils
LogPluginManager: Mounting plugin LauncherChunkInstaller
LogPluginManager: Mounting plugin AndroidDeviceProfileSelector
LogPluginManager: Mounting plugin AndroidMoviePlayer
LogPluginManager: Mounting plugin AndroidPermission
LogPluginManager: Mounting plugin AppleMoviePlayer
LogPluginManager: Mounting plugin ArchVisCharacter
LogPluginManager: Mounting plugin AudioCapture
LogPluginManager: Mounting plugin CableComponent
LogPluginManager: Mounting plugin CustomMeshComponent
LogPluginManager: Mounting plugin EditableMesh
LogPluginManager: Mounting plugin ExampleDeviceProfileSelector
LogPluginManager: Mounting plugin GoogleCloudMessaging
LogPluginManager: Mounting plugin ImmediatePhysics
LogPluginManager: Mounting plugin IOSDeviceProfileSelector
LogPluginManager: Mounting plugin LinuxDeviceProfileSelector
LogPluginManager: Mounting plugin LocationServicesBPLibrary
LogPluginManager: Mounting plugin MobilePatchingUtils
LogPluginManager: Mounting plugin OculusVR
LogPluginManager: Plugin shader directory ../../../Engine/Plugins/Runtime/Oculus/OculusVR/Shaders found
LogPluginManager: Mapping shader source directory ../../../Engine/Plugins/Runtime/Oculus/OculusVR/Shaders to virtual directory /Plugin/OculusVR
LogPluginManager: Mounting plugin PhysXVehicles
LogPluginManager: Mounting plugin ProceduralMeshComponent
LogPluginManager: Mounting plugin RuntimePhysXCooking
LogPluginManager: Mounting plugin SteamVR
LogPluginManager: Mounting plugin WindowsMoviePlayer
LogStreaming: Display: Took  0.093s to configure plugins.
LogInit: Using libcurl 7.55.1-DEV
LogInit:  - built for x86_64-pc-win32
LogInit:  - supports SSL with OpenSSL/1.0.2h
LogInit:  - supports HTTP deflate (compression) using libz 1.2.8
LogInit:  - other features:
LogInit:      CURL_VERSION_SSL
LogInit:      CURL_VERSION_LIBZ
LogInit:      CURL_VERSION_IPV6
LogInit:      CURL_VERSION_ASYNCHDNS
LogInit:      CURL_VERSION_LARGEFILE
LogInit:      CURL_VERSION_IDN
LogInit:  CurlRequestOptions (configurable via config and command line):
LogInit:  - bVerifyPeer = false  - Libcurl will NOT verify peer certificate
LogInit:  - bUseHttpProxy = false  - Libcurl will NOT use HTTP proxy
LogInit:  - bDontReuseConnections = false  - Libcurl will reuse connections
LogInit:  - CertBundlePath = nullptr  - Libcurl will use whatever was configured at build time.
LogInit:  - MaxHostConnections = 16  - Libcurl will limit the number of connections to a host
LogInit:  - LocalHostAddr = Default
LogInit:  - BufferSize = 65536
LogInit: WinSock: version 1.1 (2.2), MaxSocks=32767, MaxUdp=65467
LogInit: Build: ++UE4+Release-4.20-CL-4233996
LogInit: Engine Version: 4.20.2-4233996+++UE4+Release-4.20
LogInit: Compatible Engine Version: 4.20.0-4212847+++UE4+Release-4.20
LogInit: Net CL: 4212847
LogInit: OS: Windows 10 (), CPU: Intel(R) Core(TM) i7-4770 CPU @ 3.40GHz, GPU: NVIDIA GeForce GTX 1070
LogInit: Compiled (64-bit): Jul 26 2018 10:07:30
LogInit: Compiled with Visual C++: 19.13.26129.00
LogInit: Build Configuration: Development
LogInit: Branch Name: ++UE4+Release-4.20
LogInit: Command Line: -EpicPortal
LogInit: Base Directory: C:/Program Files/Epic Games/UE_4.20/Engine/Binaries/Win64/
LogInit: Installed Engine Build: 1
LogDevObjectVersion: Number of dev versions registered: 20
LogDevObjectVersion:   Dev-Blueprints (B0D832E4-1F89-4F0D-ACCF-7EB736FD4AA2): 10
LogDevObjectVersion:   Dev-Build (E1C64328-A22C-4D53-A36C-8E866417BD8C): 0
LogDevObjectVersion:   Dev-Core (375EC13C-06E4-48FB-B500-84F0262A717E): 2
LogDevObjectVersion:   Dev-Editor (E4B068ED-F494-42E9-A231-DA0B2E46BB41): 24
LogDevObjectVersion:   Dev-Framework (CFFC743F-43B0-4480-9391-14DF171D2073): 34
LogDevObjectVersion:   Dev-Mobile (B02B49B5-BB20-44E9-A304-32B752E40360): 2
LogDevObjectVersion:   Dev-Networking (A4E4105C-59A1-49B5-A7C5-40C4547EDFEE): 0
LogDevObjectVersion:   Dev-Online (39C831C9-5AE6-47DC-9A44-9C173E1C8E7C): 0
LogDevObjectVersion:   Dev-Physics (78F01B33-EBEA-4F98-B9B4-84EACCB95AA2): 0
LogDevObjectVersion:   Dev-Platform (6631380F-2D4D-43E0-8009-CF276956A95A): 0
LogDevObjectVersion:   Dev-Rendering (12F88B9F-8875-4AFC-A67C-D90C383ABD29): 26
LogDevObjectVersion:   Dev-Sequencer (7B5AE74C-D270-4C10-A958-57980B212A5A): 9
LogDevObjectVersion:   Dev-VR (D7296918-1DD6-4BDD-9DE2-64A83CC13884): 2
LogDevObjectVersion:   Dev-LoadTimes (C2A15278-BFE7-4AFE-6C17-90FF531DF755): 1
LogDevObjectVersion:   Private-Geometry (6EACA3D4-40EC-4CC1-B786-8BED09428FC5): 3
LogDevObjectVersion:   Dev-AnimPhys (29E575DD-E0A3-4627-9D10-D276232CDCEA): 17
LogDevObjectVersion:   Dev-ReflectionCapture (6B266CEC-1EC7-4B8F-A30B-E4D90942FC07): 1
LogDevObjectVersion:   Dev-Automation (0DF73D61-A23F-47EA-B727-89E90C41499A): 1
LogDevObjectVersion:   FortniteMain (601D1886-AC64-4F84-AA16-D3DE0DEAC7D6): 12
LogDevObjectVersion:   Dev-Enterprise (9DFFBCD6-494F-0158-E221-12823C92A888): 1
LogStreaming: Display: Took  0.000s to delete old logs.
LogInit: Presizing for max 8388607 objects, including 0 objects not considered by GC, pre-allocating 0 bytes for permanent pool.
LogInit: Object subsystem initialized
[2018.09.06-21.30.24:869][  0]LogInit: Selected Device Profile: [Windows]
[2018.09.06-21.30.24:869][  0]LogInit: Applying CVar settings loaded from the selected device profile: [Windows]
[2018.09.06-21.30.24:890][  0]LogHAL: Display: Platform has ~ 32 GB [34297425920 / 34359738368 / 32], which maps to Largest [LargestMinGB=32, LargerMinGB=12, DefaultMinGB=8, SmallerMinGB=6, SmallestMinGB=0)
[2018.09.06-21.30.24:890][  0]LogInit: Setting Device Profile CVar: [[r.Vulkan.UseRealUBs:1]]
[2018.09.06-21.30.24:890][  0]LogInit: Going up to parent DeviceProfile []
[2018.09.06-21.30.24:894][  0]LogInit: Computer: eae-d-136
[2018.09.06-21.30.24:894][  0]LogInit: User: u0723839
[2018.09.06-21.30.24:894][  0]LogInit: CPU Page size=4096, Cores=4
[2018.09.06-21.30.24:894][  0]LogInit: High frequency timer resolution =3.318388 MHz
[2018.09.06-21.30.24:894][  0]LogMemory: Memory total: Physical=31.9GB (32GB approx)
[2018.09.06-21.30.24:894][  0]LogMemory: Platform Memory Stats for Windows
[2018.09.06-21.30.24:894][  0]LogMemory: Process Physical Memory: 99.54 MB used, 99.54 MB peak
[2018.09.06-21.30.24:894][  0]LogMemory: Process Virtual Memory: 91.13 MB used, 91.13 MB peak
[2018.09.06-21.30.24:894][  0]LogMemory: Physical Memory: 6596.19 MB used,  26112.39 MB free, 32708.57 MB total
[2018.09.06-21.30.24:894][  0]LogMemory: Virtual Memory: 4640.32 MB used,  26112.39 MB free, 134217728.00 MB total
[2018.09.06-21.30.24:916][  0]LogInit: Using OS detected language (en-US).
[2018.09.06-21.30.24:916][  0]LogInit: Using OS detected locale (en-US).
[2018.09.06-21.30.24:917][  0]LogTextLocalizationManager: No specific localization for 'en-US' exists, so the 'en' localization will be used.
[2018.09.06-21.30.25:307][  0]LogStreaming: Display: Took  0.391s to InitEngineTextLocalization.
[2018.09.06-21.30.25:307][  0]LogInit: Setting process to per monitor DPI aware
[2018.09.06-21.30.25:346][  0]LogSlate: New Slate User Created.  User Index 0, Is Virtual User: 0
[2018.09.06-21.30.25:346][  0]LogSlate: Slate User Registered.  User Index 0, Is Virtual User: 0
[2018.09.06-21.30.27:097][  0]LogHMD: Failed to initialize OpenVR with code 110
[2018.09.06-21.30.27:097][  0]LogD3D11RHI: D3D11 adapters:
[2018.09.06-21.30.27:151][  0]LogD3D11RHI:    0. 'NVIDIA GeForce GTX 1070' (Feature Level 11_0)
[2018.09.06-21.30.27:151][  0]LogD3D11RHI:       8088/0/16354 MB DedicatedVideo/DedicatedSystem/SharedSystem, Outputs:2, VendorId:0x10de
[2018.09.06-21.30.27:152][  0]LogD3D11RHI:    1. 'Microsoft Basic Render Driver' (Feature Level 11_0)
[2018.09.06-21.30.27:152][  0]LogD3D11RHI:       0/0/16354 MB DedicatedVideo/DedicatedSystem/SharedSystem, Outputs:0, VendorId:0x1414
[2018.09.06-21.30.27:152][  0]LogD3D11RHI: Chosen D3D11 Adapter: 0
[2018.09.06-21.30.27:157][  0]LogD3D11RHI: Creating new Direct3DDevice
[2018.09.06-21.30.27:157][  0]LogD3D11RHI:     GPU DeviceId: 0x1b81 (for the marketing name, search the web for "GPU Device Id")
[2018.09.06-21.30.27:157][  0]LogWindows: EnumDisplayDevices:
[2018.09.06-21.30.27:157][  0]LogWindows:    0. 'NVIDIA GeForce GTX 1070' (P:0 D:1)
[2018.09.06-21.30.27:158][  0]LogWindows:    1. 'NVIDIA GeForce GTX 1070' (P:1 D:1)
[2018.09.06-21.30.27:158][  0]LogWindows:    2. 'NVIDIA GeForce GTX 1070' (P:0 D:0)
[2018.09.06-21.30.27:158][  0]LogWindows:    3. 'NVIDIA GeForce GTX 1070' (P:0 D:0)
[2018.09.06-21.30.27:158][  0]LogWindows: DebugString: FoundDriverCount:4 
[2018.09.06-21.30.27:158][  0]LogD3D11RHI:     Adapter Name: NVIDIA GeForce GTX 1070
[2018.09.06-21.30.27:158][  0]LogD3D11RHI:   Driver Version: 398.36 (internal:24.21.13.9836, unified:398.36)
[2018.09.06-21.30.27:158][  0]LogD3D11RHI:      Driver Date: 6-24-2018
[2018.09.06-21.30.27:158][  0]LogRHI: Texture pool is 5661 MB (70% of 8088 MB)
[2018.09.06-21.30.27:190][  0]LogD3D11RHI: Async texture creation enabled
[2018.09.06-21.30.27:205][  0]LogD3D11RHI: GPU Timing Frequency: 1000.000000 (Debug: 2 2)
[2018.09.06-21.30.27:291][  0]LogShaderCompilers: Guid format shader working directory is -26 characters bigger than the processId version (../../../../../../Users/u0723839/Documents/Unreal Projects/EnvironmentalArt/Intermediate/Shaders/WorkingDirectory/5788/).
[2018.09.06-21.30.27:291][  0]LogShaderCompilers: Cleaned the shader compiler working directory 'C:/Users/u0723839/AppData/Local/Temp/UnrealShaderWorkingDir/7A6036DB40B9F9456D3A61A472DFB8F1/'.
[2018.09.06-21.30.27:669][  0]LogTemp: Display: Loaded TP AllDesktopTargetPlatform
[2018.09.06-21.30.27:682][  0]LogTemp: Display: Loaded TP MacClientTargetPlatform
[2018.09.06-21.30.27:694][  0]LogTemp: Display: Loaded TP MacNoEditorTargetPlatform
[2018.09.06-21.30.27:705][  0]LogTemp: Display: Loaded TP MacServerTargetPlatform
[2018.09.06-21.30.27:722][  0]LogTemp: Display: Loaded TP MacTargetPlatform
[2018.09.06-21.30.27:734][  0]LogTemp: Display: Loaded TP WindowsClientTargetPlatform
[2018.09.06-21.30.27:746][  0]LogTemp: Display: Loaded TP WindowsNoEditorTargetPlatform
[2018.09.06-21.30.27:758][  0]LogTemp: Display: Loaded TP WindowsServerTargetPlatform
[2018.09.06-21.30.27:764][  0]LogTemp: Display: Loaded TP WindowsTargetPlatform
[2018.09.06-21.30.27:840][  0]LogTemp: Display: Loaded TP AndroidTargetPlatform
[2018.09.06-21.30.27:840][  0]LogTemp: Display: Loaded TP AndroidTargetPlatform
[2018.09.06-21.30.27:840][  0]LogTemp: Display: Loaded TP AndroidTargetPlatform
[2018.09.06-21.30.27:840][  0]LogTemp: Display: Loaded TP AndroidTargetPlatform
[2018.09.06-21.30.27:840][  0]LogTemp: Display: Loaded TP AndroidTargetPlatform
[2018.09.06-21.30.27:840][  0]LogTemp: Display: Loaded TP AndroidTargetPlatform
[2018.09.06-21.30.27:840][  0]LogTemp: Display: Loaded TP AndroidTargetPlatform
[2018.09.06-21.30.27:840][  0]LogTemp: Display: Loaded TP AndroidTargetPlatform
[2018.09.06-21.30.27:840][  0]LogTemp: Display: Loaded TP AndroidTargetPlatform
[2018.09.06-21.30.27:840][  0]LogTemp: Display: Loaded TP AndroidTargetPlatform
[2018.09.06-21.30.27:840][  0]LogTemp: Display: Loaded TP AndroidTargetPlatform
[2018.09.06-21.30.27:840][  0]LogTemp: Display: Loaded TP AndroidTargetPlatform
[2018.09.06-21.30.27:840][  0]LogTemp: Display: Loaded TP AndroidTargetPlatform
[2018.09.06-21.30.27:840][  0]LogTemp: Display: Loaded TP AndroidTargetPlatform
[2018.09.06-21.30.27:840][  0]LogTemp: Display: Loaded TP AndroidTargetPlatform
[2018.09.06-21.30.27:840][  0]LogTemp: Display: Loaded TP AndroidTargetPlatform
[2018.09.06-21.30.27:840][  0]LogTemp: Display: Loaded TP AndroidTargetPlatform
[2018.09.06-21.30.27:840][  0]LogTemp: Display: Loaded TP AndroidTargetPlatform
[2018.09.06-21.30.27:841][  0]LogTemp: Display: Loaded TP HTML5TargetPlatform
[2018.09.06-21.30.27:905][  0]LogTemp: Display: Loaded TP IOSTargetPlatform
[2018.09.06-21.30.27:905][  0]LogTemp: Display: Loaded TP IOSTargetPlatform
[2018.09.06-21.30.27:927][  0]LogTemp: Display: Loaded TP TVOSTargetPlatform
[2018.09.06-21.30.27:927][  0]LogTemp: Display: Loaded TP TVOSTargetPlatform
[2018.09.06-21.30.27:939][  0]LogTemp: Display: Loaded TP LinuxClientTargetPlatform
[2018.09.06-21.30.27:951][  0]LogTemp: Display: Loaded TP LinuxNoEditorTargetPlatform
[2018.09.06-21.30.27:962][  0]LogTemp: Display: Loaded TP LinuxServerTargetPlatform
[2018.09.06-21.30.27:981][  0]LogTemp: Display: Loaded TP LinuxTargetPlatform
[2018.09.06-21.30.27:989][  0]LogTemp: Display: Loaded TP LuminTargetPlatform
[2018.09.06-21.30.27:989][  0]LogTargetPlatformManager: Display: Building Assets For Windows
[2018.09.06-21.30.28:038][  0]LogXGEController: Cleaning working directory: C:/Users/u0723839/AppData/Local/Temp/UnrealXGEWorkingDir/
[2018.09.06-21.30.28:039][  0]LogXGEController: Cannot use XGE Controller as Incredibuild is not installed on this machine.
[2018.09.06-21.30.28:039][  0]LogShaderCompilers: Cannot use XGE Shader Compiler as Incredibuild is not installed on this machine.
[2018.09.06-21.30.28:039][  0]LogShaderCompilers: Display: Using Local Shader Compiler.
[2018.09.06-21.30.29:487][  0]LogDerivedDataCache: Display: Max Cache Size: 512 MB
[2018.09.06-21.30.29:542][  0]LogDerivedDataCache: Loaded boot cache 0.05s 71MB C:/Users/u0723839/AppData/Local/UnrealEngine/4.20/DerivedDataCache/Boot.ddc.
[2018.09.06-21.30.29:542][  0]LogDerivedDataCache: Display: Loaded Boot cache: C:/Users/u0723839/AppData/Local/UnrealEngine/4.20/DerivedDataCache/Boot.ddc
[2018.09.06-21.30.29:543][  0]LogDerivedDataCache: FDerivedDataBackendGraph:  Pak pak cache file ../../../../../../Users/u0723839/Documents/Unreal Projects/EnvironmentalArt/DerivedDataCache/DDC.ddp not found, will not use a pak cache.
[2018.09.06-21.30.29:543][  0]LogDerivedDataCache: Unable to find inner node Pak for hierarchical cache Hierarchy.
[2018.09.06-21.30.29:543][  0]LogDerivedDataCache: FDerivedDataBackendGraph:  CompressedPak pak cache file ../../../../../../Users/u0723839/Documents/Unreal Projects/EnvironmentalArt/DerivedDataCache/Compressed.ddp not found, will not use a pak cache.
[2018.09.06-21.30.29:543][  0]LogDerivedDataCache: Unable to find inner node CompressedPak for hierarchical cache Hierarchy.
[2018.09.06-21.30.29:558][  0]LogDerivedDataCache: Display: Pak cache opened for reading ../../../Engine/DerivedDataCache/Compressed.ddp.
[2018.09.06-21.30.29:571][  0]LogDerivedDataCache: Using Local data cache path C:/Users/u0723839/AppData/Local/UnrealEngine/Common/DerivedDataCache: Writable
[2018.09.06-21.30.29:571][  0]LogDerivedDataCache: Shared data cache path not found in *engine.ini, will not use an Shared cache.
[2018.09.06-21.30.29:571][  0]LogDerivedDataCache: Unable to find inner node Shared for hierarchical cache Hierarchy.
[2018.09.06-21.30.29:587][  0]LogMaterial: Verifying Global Shaders for PCD3D_SM5
[2018.09.06-21.30.29:589][  0]LogSlate: Using FreeType 2.6.0
[2018.09.06-21.30.29:589][  0]LogSlate: SlateFontServices - WITH_FREETYPE: 1, WITH_HARFBUZZ: 1
[2018.09.06-21.30.29:656][  0]LogAssetRegistry: FAssetRegistry took 0.0254 seconds to start up
[2018.09.06-21.30.29:955][  0]LogInit: Selected Device Profile: [Windows]
[2018.09.06-21.30.30:133][  0]LogSimplygon: Simplygon DLL not present - disabling.
[2018.09.06-21.30.30:136][  0]LogMeshReduction: Using SimplygonSwarm for distributed automatic mesh merging
[2018.09.06-21.30.30:136][  0]LogMeshReduction: Using ProxyLODMeshReduction for automatic mesh merging
[2018.09.06-21.30.30:136][  0]LogMeshReduction: Using QuadricMeshReduction for automatic static mesh reduction
[2018.09.06-21.30.30:136][  0]LogMeshReduction: No automatic skeletal mesh reduction module available
[2018.09.06-21.30.30:168][  0]LogNetVersion: EnvironmentalArt 1.0.0, NetCL: 4212847, EngineNetVer: 5, GameNetVer: 0 (Checksum: 3708285889)
[2018.09.06-21.30.31:096][  0]LogPackageLocalizationCache: Processed 11 localized package path(s) for 2 prioritized culture(s) in 0.108558 seconds
[2018.09.06-21.30.31:102][  0]LogUObjectArray: 38425 objects as part of root set at end of initial load.
[2018.09.06-21.30.31:102][  0]LogUObjectAllocator: 6690872 out of 0 bytes used by permanent object pool.
[2018.09.06-21.30.31:102][  0]LogUObjectArray: CloseDisregardForGC: 0/0 objects in disregard for GC pool
[2018.09.06-21.30.33:243][  0]LogTcpMessaging: Initializing TcpMessaging bridge
[2018.09.06-21.30.33:255][  0]LogUdpMessaging: Initializing bridge on interface 0.0.0.0:0 to multicast group 230.0.0.1:6666.
[2018.09.06-21.30.33:444][  0]SourceControl: Source control is disabled
[2018.09.06-21.30.33:444][  0]SourceControl: Source control is disabled
[2018.09.06-21.30.33:445][  0]SourceControl: Source control is disabled
[2018.09.06-21.30.33:446][  0]SourceControl: Source control is disabled
[2018.09.06-21.30.33:604][  0]LogAndroidPermission: UAndroidPermissionCallbackProxy::GetInstance
[2018.09.06-21.30.33:670][  0]LogOcInput: OculusInput pre-init called
[2018.09.06-21.30.33:750][  0]LogEngine: Initializing Engine...
[2018.09.06-21.30.33:751][  0]LogHMD: Failed to initialize OpenVR with code 110
[2018.09.06-21.30.33:752][  0]LogStats: UGameplayTagsManager::ConstructGameplayTagTree: ImportINI prefixes -  0.000 s
[2018.09.06-21.30.33:752][  0]LogStats: UGameplayTagsManager::ConstructGameplayTagTree: Construct from data asset -  0.000 s
[2018.09.06-21.30.33:752][  0]LogStats: UGameplayTagsManager::ConstructGameplayTagTree: ImportINI -  0.000 s
[2018.09.06-21.30.33:752][  0]LogStats: UGameplayTagsManager::ConstructGameplayTagTree: GameplayTagTreeChangedEvent.Broadcast -  0.000 s
[2018.09.06-21.30.34:080][  0]LogInit: Initializing FReadOnlyCVARCache
[2018.09.06-21.30.34:092][  0]LogAIModule: Creating AISystem for world Untitled
[2018.09.06-21.30.34:110][  0]LogInit: XAudio2 using 'Headphones (3- High Definition Audio Device)' : 2 channels at 48 kHz using 16 bits per sample (channel mask 0x3)
[2018.09.06-21.30.34:128][  0]LogInit: FAudioDevice initialized.
[2018.09.06-21.30.34:128][  0]LogNetVersion: Set ProjectVersion to 1.0.0.0. Version Checksum will be recalculated on next use.
[2018.09.06-21.30.34:222][  0]LogDerivedDataCache: Saved boot cache 0.09s 71MB C:/Users/u0723839/AppData/Local/UnrealEngine/4.20/DerivedDataCache/Boot.ddc.
[2018.09.06-21.30.34:234][  0]LogInit: Texture streaming: Enabled
[2018.09.06-21.30.34:249][  0]LogEngineSessionManager: EngineSessionManager initialized
[2018.09.06-21.30.34:249][  0]LogEngineSessionManager: EngineSessionManager sent abnormal shutdown report. Type=Crashed, SessionId={A1225340-4313-6906-AB78-05965902362E}
[2018.09.06-21.30.34:262][  0]LogInit: Transaction tracking system initialized
[2018.09.06-21.30.34:281][  0]BlueprintLog: New page: Editor Load
[2018.09.06-21.30.34:348][  0]LocalizationService: Localization service is disabled
[2018.09.06-21.30.34:783][  0]LogCook: Display: Max memory allowance for cook 16384mb min free memory 0mb
[2018.09.06-21.30.34:783][  0]LogCook: Display: Mobile HDR setting 1
[2018.09.06-21.30.34:783][  0]LogGameplayTags: Display: UGameplayTagsManager::DoneAddingNativeTags. DelegateIsBound: 0
[2018.09.06-21.30.34:783][  0]LogStats: UGameplayTagsManager::ConstructGameplayTagTree: ImportINI prefixes -  0.000 s
[2018.09.06-21.30.34:783][  0]LogStats: UGameplayTagsManager::ConstructGameplayTagTree: Construct from data asset -  0.000 s
[2018.09.06-21.30.34:783][  0]LogFileCache: Scanning file cache for directory 'C:/Users/u0723839/Documents/Unreal Projects/EnvironmentalArt/Content/' took 0.02s
[2018.09.06-21.30.34:783][  0]LogStats: UGameplayTagsManager::ConstructGameplayTagTree: ImportINI -  0.000 s
[2018.09.06-21.30.34:783][  0]LogStats: UGameplayTagsManager::ConstructGameplayTagTree: GameplayTagTreeChangedEvent.Broadcast -  0.000 s
[2018.09.06-21.30.34:964][  0]SourceControl: Source control is disabled
[2018.09.06-21.30.35:047][  0]LogWindowsTextInputMethodSystem: Display: IME system now deactivated.
[2018.09.06-21.30.35:048][  0]LogSlate: Took 0.000183 seconds to synchronously load lazily loaded font '../../../Engine/Content/Slate/Fonts/Roboto-Regular.ttf' (155K)
[2018.09.06-21.30.39:229][  0]LogSlate: Window 'Restore Packages' being destroyed
[2018.09.06-21.30.39:229][  0]LogWindowsTextInputMethodSystem: Display: IME system now deactivated.
[2018.09.06-21.30.39:233][  0]LogWindowsTextInputMethodSystem: Display: IME system now deactivated.
[2018.09.06-21.30.39:275][  0]Cmd: MAP LOAD FILE="../../../Engine/Content/Maps/Templates/Template_Default.umap" TEMPLATE=1 SHOWPROGRESS=1 FEATURELEVEL=3
[2018.09.06-21.30.39:280][  0]LightingResults: New page: Lighting Build
[2018.09.06-21.30.39:284][  0]MapCheck: New page: Map Check
[2018.09.06-21.30.39:284][  0]LightingResults: New page: Lighting Build
[2018.09.06-21.30.39:522][  0]LogAIModule: Creating AISystem for world Untitled_1
[2018.09.06-21.30.39:532][  0]LogEditorServer: Finished looking for orphan Actors (0.000 secs)
[2018.09.06-21.30.39:553][  0]Cmd: MAP CHECKDEP NOCLEARLOG
[2018.09.06-21.30.39:610][  0]MapCheck: Map check complete: 0 Error(s), 0 Warning(s), took 57.135ms to complete.
[2018.09.06-21.30.39:610][  0]LogFileHelpers: Loading map 'Template_Default' took 0.335
[2018.09.06-21.30.39:667][  0]LogSlate: Updating window title bar state: overlay mode, drag disabled, window buttons hidden, title bar hidden
[2018.09.06-21.30.39:674][  0]LogSlate: Updating window title bar state: overlay mode, drag disabled, window buttons hidden, title bar hidden
[2018.09.06-21.30.39:680][  0]LogSlate: Updating window title bar state: overlay mode, drag disabled, window buttons hidden, title bar hidden
[2018.09.06-21.30.39:686][  0]LogSlate: Updating window title bar state: overlay mode, drag disabled, window buttons hidden, title bar hidden
[2018.09.06-21.30.39:695][  0]LogCollectionManager: Loaded 0 collections in 0.001686 seconds
[2018.09.06-21.30.39:736][  0]LogFileCache: Scanning file cache for directory 'C:/Users/u0723839/Documents/Unreal Projects/EnvironmentalArt/Saved/Collections/' took 0.01s
[2018.09.06-21.30.39:737][  0]LogFileCache: Scanning file cache for directory 'C:/Users/u0723839/Documents/Unreal Projects/EnvironmentalArt/Content/Developers/u0723839/Collections/' took 0.01s
[2018.09.06-21.30.39:737][  0]LogFileCache: Scanning file cache for directory 'C:/Users/u0723839/Documents/Unreal Projects/EnvironmentalArt/Content/Collections/' took 0.01s
[2018.09.06-21.30.39:737][  0]LogCollectionManager: Rebuilt the GUID cache for 0 collections in 0.000000 seconds
[2018.09.06-21.30.39:745][  0]LogContentBrowser: Native class hierarchy populated in 0.0083 seconds. Added 2572 classes and 603 folders.
[2018.09.06-21.30.39:750][  0]LogContentBrowser: Native class hierarchy updated for 'WidgetCarousel' in 0.0002 seconds. Added 0 classes and 0 folders.
[2018.09.06-21.30.40:013][  0]LogContentBrowser: Native class hierarchy updated for 'AddContentDialog' in 0.0002 seconds. Added 0 classes and 0 folders.
[2018.09.06-21.30.40:018][  0]LogContentBrowser: Native class hierarchy updated for 'SceneOutliner' in 0.0002 seconds. Added 1 classes and 2 folders.
[2018.09.06-21.30.40:030][  0]LogSlate: Took 0.000175 seconds to synchronously load lazily loaded font '../../../Engine/Content/Slate/Fonts/Roboto-Bold.ttf' (160K)
[2018.09.06-21.30.40:041][  0]LogSlate: Took 0.005649 seconds to synchronously load lazily loaded font '../../../Engine/Content/Editor/Slate/Fonts/FontAwesome.ttf' (139K)
[2018.09.06-21.30.40:117][  0]LogRenderer: Reallocating scene render targets to support 1208x576 Format 10 NumSamples 1 (Frame:1).
[2018.09.06-21.30.40:208][  0]LogContentBrowser: Native class hierarchy updated for 'HierarchicalLODOutliner' in 0.0002 seconds. Added 0 classes and 0 folders.
[2018.09.06-21.30.40:208][  0]LogLoad: (Engine Initialization) Total time: 17.59 seconds
[2018.09.06-21.30.40:208][  0]LogLoad: (Engine Initialization) Total Blueprint compile time: 0.00 seconds
[2018.09.06-21.30.40:241][  0]LogContentStreaming: Texture pool size now 1000 MB
[2018.09.06-21.30.40:269][  0]LogSlate: Took 0.003865 seconds to synchronously load lazily loaded font '../../../Engine/Content/Slate/Fonts/Roboto-Light.ttf' (167K)
[2018.09.06-21.30.40:289][  1]LogAssetRegistry: Asset discovery search completed in 10.6559 seconds
[2018.09.06-21.30.40:291][  1]LogCollectionManager: Rebuilt the object cache for 0 collections in 0.000000 seconds (found 0 objects)
[2018.09.06-21.30.40:291][  1]LogCollectionManager: Fixed up redirectors for 0 collections in 0.000046 seconds (updated 0 objects)
[2018.09.06-21.30.46:254][712]LogEditorViewport: Clicking on Actor (LMB): StaticMeshActor (Floor)
[2018.09.06-21.30.47:104][808]Cmd: DELETE
[2018.09.06-21.30.47:104][808]Cmd: ACTOR DELETE
[2018.09.06-21.30.47:106][808]LogEditorActor: Deleted Actor: StaticMeshActor
[2018.09.06-21.30.47:126][808]LogEditorActor: Deleted 1 Actors (0.022 secs)
[2018.09.06-21.30.55:513][812]LogSlate: FSceneViewport::OnFocusLost() reason 0
[2018.09.06-21.30.55:682][828]LogActorFactory: Actor Factory created reference
[2018.09.06-21.30.56:528][929]LogActorFactory: Actor Factory created reference
[2018.09.06-21.31.02:497][637]LogSlate: FSceneViewport::OnFocusLost() reason 0
[2018.09.06-21.32.03:834][249]LogSlate: FSceneViewport::OnFocusLost() reason 0
[2018.09.06-21.32.13:834][428]Cmd: TRANSACTION UNDO
[2018.09.06-21.32.13:834][428]LogEditorTransaction: Undo Rotate Actors
[2018.09.06-21.32.13:849][428]LogSlate: Took 0.000203 seconds to synchronously load lazily loaded font '../../../Engine/Content/Slate/Fonts/Roboto-Light.ttf' (167K)
[2018.09.06-21.32.14:308][478]LogSlate: FSceneViewport::OnFocusLost() reason 0
[2018.09.06-21.32.14:366][485]Cmd: MODE ROTGRID=1
[2018.09.06-21.32.23:295][550]LogSlate: FSceneViewport::OnFocusLost() reason 0
[2018.09.06-21.32.39:025][431]LogSlate: FSceneViewport::OnFocusLost() reason 0
[2018.09.06-21.33.02:051][187]LogSlate: FSceneViewport::OnFocusLost() reason 2
[2018.09.06-21.33.13:070][506]LogEditorViewport: Clicking on Actor (LMB): StaticMeshActor (reference)
[2018.09.06-21.33.13:951][599]LogEditorViewport: Clicking on Actor (LMB): CameraActor (CameraActor)
[2018.09.06-21.33.15:630][790]LogEditorViewport: Clicking on Actor (LMB): StaticMeshActor (reference)
[2018.09.06-21.33.16:878][931]LogEditorViewport: Clicking on Actor (LMB): BP_Sky_Sphere_C (Sky Sphere)
[2018.09.06-21.33.23:574][731]LogEditorViewport: Clicking on Actor (LMB): StaticMeshActor (reference)
[2018.09.06-21.33.27:274][170]LogEditorViewport: Clicking on Actor (LMB): CameraActor (CameraActor)
[2018.09.06-21.33.29:839][467]LogSlate: FSceneViewport::OnFocusLost() reason 0
[2018.09.06-21.33.37:140][341]LogEditorViewport: Clicking on Actor (LMB): StaticMeshActor (reference)
[2018.09.06-21.33.38:246][465]LogSlate: FSceneViewport::OnFocusLost() reason 0
[2018.09.06-21.33.49:575][822]EditorErrors: New page: Actor attachment
[2018.09.06-21.33.51:634][ 59]LogEditorViewport: Clicking on Actor (LMB): StaticMeshActor (reference)
[2018.09.06-21.33.53:108][227]LogSlate: FSceneViewport::OnFocusLost() reason 0
[2018.09.06-21.33.55:444][496]LogEditorViewport: Clicking on Actor (LMB): StaticMeshActor (reference)
[2018.09.06-21.34.02:463][331]LogSlate: FSceneViewport::OnFocusLost() reason 0
[2018.09.06-21.34.14:161][698]LogSlate: Window 'Save Level As' being destroyed
[2018.09.06-21.34.14:166][698]LogSlate: FSceneViewport::OnFocusLost() reason 3
[2018.09.06-21.34.14:287][698]LogAIModule: Creating AISystem for world environBlockOut
[2018.09.06-21.34.14:341][698]LogSavePackage: Moving '../../../../../../Users/u0723839/Documents/Unreal Projects/EnvironmentalArt/Saved/environBlockOutA8E4919B418415F5D31779BF93756787.tmp' to '../../../../../../Users/u0723839/Documents/Unreal Projects/EnvironmentalArt/Content/environBlockOut.umap'
[2018.09.06-21.34.14:351][698]Cmd: OBJ SAVEPACKAGE PACKAGE="/Game/environBlockOut_BuiltData" FILE="../../../../../../Users/u0723839/Documents/Unreal Projects/EnvironmentalArt/Content/environBlockOut_BuiltData.uasset" SILENT=true
[2018.09.06-21.34.14:363][698]LogSavePackage: Moving '../../../../../../Users/u0723839/Documents/Unreal Projects/EnvironmentalArt/Saved/environBlockOut_BuiltData4D81D3D94A807A24498E3CB6B17B15FD.tmp' to '../../../../../../Users/u0723839/Documents/Unreal Projects/EnvironmentalArt/Content/environBlockOut_BuiltData.uasset'
[2018.09.06-21.34.14:370][698]LogFileHelpers: Saving map 'environBlockOut' took 0.202
[2018.09.06-21.34.16:096][889]LogEditorViewport: Clicking on Actor (LMB): StaticMeshActor (reference)
[2018.09.06-21.34.20:618][422]Cmd: TRANSACTION UNDO
[2018.09.06-21.34.20:618][422]LogEditorTransaction: Undo Move Actors
[2018.09.06-21.34.21:452][517]LogEditorViewport: Clicking on Actor (LMB): CameraActor (CameraActor)
[2018.09.06-21.34.24:550][879]LogSlate: FSceneViewport::OnFocusLost() reason 2
[2018.09.06-21.34.28:603][359]LogSlate: FSceneViewport::OnFocusLost() reason 2
[2018.09.06-21.34.28:614][359]LogSlate: Updating window title bar state: overlay mode, drag disabled, window buttons hidden, title bar hidden
[2018.09.06-21.34.28:620][359]LogSlate: Updating window title bar state: overlay mode, drag disabled, window buttons hidden, title bar hidden
[2018.09.06-21.34.28:626][359]LogSlate: Updating window title bar state: overlay mode, drag disabled, window buttons hidden, title bar hidden
[2018.09.06-21.34.28:632][359]LogSlate: Updating window title bar state: overlay mode, drag disabled, window buttons hidden, title bar hidden
[2018.09.06-21.34.31:018][561]LogRenderer: Reallocating scene render targets to support 1916x1016 Format 10 NumSamples 1 (Frame:32779).
[2018.09.06-21.34.33:324][829]LogSlate: Took 0.004194 seconds to synchronously load lazily loaded font '../../../Engine/Content/Slate/Fonts/Roboto-BoldCondensed.ttf' (158K)
[2018.09.06-21.34.46:687][426]LogSlate: FSceneViewport::OnFocusLost() reason 0
[2018.09.06-21.34.52:948][155]LogSlate: FSceneViewport::OnFocusLost() reason 0
[2018.09.06-21.34.57:458][690]LogEditorViewport: Clicking on Actor (LMB): CameraActor (CameraActor)
[2018.09.06-21.36.01:028][292]LogSlate: FSceneViewport::OnFocusLost() reason 0
[2018.09.06-21.36.01:094][300]Cmd: MODE ROTGRID=0
[2018.09.06-21.36.08:120][136]LogSlate: FSceneViewport::OnFocusLost() reason 2
[2018.09.06-21.36.33:836][209]LogSlate: FSceneViewport::OnFocusLost() reason 2
[2018.09.06-21.36.42:156][205]LogEditorViewport: Clicking on Actor (LMB): BP_Sky_Sphere_C (Sky Sphere)
[2018.09.06-21.36.46:686][743]LogEditorViewport: Clicking on Actor (LMB): CameraActor (CameraActor)
[2018.09.06-21.36.51:957][359]LogEditorViewport: Clicking on Actor (LMB): StaticMeshActor (reference)
[2018.09.06-21.36.52:795][446]LogSlate: FSceneViewport::OnFocusLost() reason 2
[2018.09.06-21.36.55:230][446]LogTextFormatter: Warning: Failed to parse argument "ExistingAsset" as a number (using "0" as a fallback). Please check your format string for errors: "{ExistingAsset} already exists. Do you want to replace it?".
[2018.09.06-21.36.56:869][446]LogSlate: Window 'Message' being destroyed
[2018.09.06-21.36.56:876][446]LogSlate: Window 'Save Level As' being destroyed
[2018.09.06-21.36.56:888][446]LogSlate: FSceneViewport::OnFocusLost() reason 2
[2018.09.06-21.36.57:001][446]LogSlate: FSceneViewport::OnFocusLost() reason 2
[2018.09.06-21.36.57:016][446]LogAIModule: Creating AISystem for world environBlockOut
[2018.09.06-21.36.57:269][446]LogAIModule: Creating AISystem for world environBlockOut
[2018.09.06-21.36.57:318][446]LogSavePackage: Moving '../../../../../../Users/u0723839/Documents/Unreal Projects/EnvironmentalArt/Saved/environBlockOut671139264333D9B2A83FA19E75C0E3B7.tmp' to '../../../../../../Users/u0723839/Documents/Unreal Projects/EnvironmentalArt/Content/environBlockOut.umap'
[2018.09.06-21.36.57:325][446]Cmd: OBJ SAVEPACKAGE PACKAGE="/Game/environBlockOut_BuiltData" FILE="../../../../../../Users/u0723839/Documents/Unreal Projects/EnvironmentalArt/Content/environBlockOut_BuiltData.uasset" SILENT=true
[2018.09.06-21.36.57:337][446]LogSavePackage: Moving '../../../../../../Users/u0723839/Documents/Unreal Projects/EnvironmentalArt/Saved/environBlockOut_BuiltData90FCC73B4FA358E571F5CA8CD4018408.tmp' to '../../../../../../Users/u0723839/Documents/Unreal Projects/EnvironmentalArt/Content/environBlockOut_BuiltData.uasset'
[2018.09.06-21.36.57:344][446]LogFileHelpers: Saving map 'environBlockOut' took 0.409
[2018.09.06-21.37.00:432][804]LogSlate: FSceneViewport::OnFocusLost() reason 2
[2018.09.06-21.37.01:972][804]LogSlate: Window 'Save Level As' being destroyed
[2018.09.06-21.37.04:407][ 93]LogEditorViewport: Clicking on Actor (LMB): CameraActor (CameraActor)
[2018.09.06-21.37.26:072][674]LogEditorViewport: Clicking on Actor (LMB): StaticMeshActor (reference)
[2018.09.06-21.37.49:763][500]LogEditorViewport: Clicking on Actor (LMB): CameraActor (CameraActor)
[2018.09.06-21.38.14:337][431]Cmd: TRANSACTION UNDO
[2018.09.06-21.38.14:337][431]LogEditorTransaction: Undo Move Actors
[2018.09.06-21.38.24:205][597]LogEditorViewport: Clicking on Actor (LMB): StaticMeshActor (reference)
[2018.09.06-21.38.27:631][  1]LogEditorViewport: Clicking on Actor (LMB): StaticMeshActor (reference)
[2018.09.06-21.38.29:487][221]LogEditorViewport: Clicking on Actor (LMB): SphereReflectionCapture (SphereReflectionCapture)
[2018.09.06-21.38.33:537][701]Cmd: DELETE
[2018.09.06-21.38.33:537][701]Cmd: ACTOR DELETE
[2018.09.06-21.38.33:539][701]LogEditorActor: Deleted Actor: SphereReflectionCapture
[2018.09.06-21.38.33:559][701]LogEditorActor: Deleted 1 Actors (0.021 secs)
[2018.09.06-21.38.37:648][191]LogEditorViewport: Clicking on Actor (LMB): CameraActor (CameraActor)
[2018.09.06-21.39.15:491][712]LogEditorViewport: Clicking on Actor (LMB): StaticMeshActor (reference)
[2018.09.06-21.39.21:849][467]Cmd: TRANSACTION UNDO
[2018.09.06-21.39.21:849][467]LogEditorTransaction: Undo Move Actors
[2018.09.06-21.39.23:679][675]LogEditorViewport: Clicking on Actor (LMB): BP_Sky_Sphere_C (Sky Sphere)
[2018.09.06-21.39.27:539][132]Cmd: TRANSACTION UNDO
[2018.09.06-21.39.27:539][132]LogEditorTransaction: Undo Move Actors
[2018.09.06-21.39.28:303][209]LogEditorViewport: Clicking on Actor (LMB): BP_Sky_Sphere_C (Sky Sphere)
[2018.09.06-21.39.29:950][400]LogEditorViewport: Clicking on Actor (LMB): BP_Sky_Sphere_C (Sky Sphere)
[2018.09.06-21.39.30:516][466]LogEditorViewport: Clicking on Actor (LMB): BP_Sky_Sphere_C (Sky Sphere)
[2018.09.06-21.39.31:195][545]LogEditorViewport: Clicking on Actor (LMB): Character (Character)
[2018.09.06-21.39.34:869][976]Cmd: TRANSACTION UNDO
[2018.09.06-21.39.34:869][976]LogEditorTransaction: Undo Move Actors
[2018.09.06-21.39.39:165][480]LogEditorViewport: Clicking on Actor (LMB): CameraActor (CameraActor)
[2018.09.06-21.40.01:660][162]Cmd: TRANSACTION UNDO
[2018.09.06-21.40.01:660][162]LogEditorTransaction: Undo Move Actors
[2018.09.06-21.40.02:202][215]Cmd: TRANSACTION UNDO
[2018.09.06-21.40.02:202][215]LogEditorTransaction: Undo Rotate Actors
[2018.09.06-21.40.07:118][799]Cmd: TRANSACTION UNDO
[2018.09.06-21.40.07:118][799]LogEditorTransaction: Undo Rotate Actors
[2018.09.06-21.40.22:796][661]Cmd: TRANSACTION UNDO
[2018.09.06-21.40.22:796][661]LogEditorTransaction: Undo Rotate Actors
[2018.09.06-21.43.11:633][ 58]LogSlate: FSceneViewport::OnFocusLost() reason 0
[2018.09.06-21.43.12:895][206]LogActorFactory: Actor Factory created Cube
[2018.09.06-21.43.14:405][377]LogActorFactory: Actor Factory created Cube
[2018.09.06-21.43.25:923][738]Cmd: CAMERA ALIGN ACTIVEVIEWPORTONLY
[2018.09.06-21.43.30:700][296]Cmd: CAMERA ALIGN ACTIVEVIEWPORTONLY
[2018.09.06-21.44.03:888][765]LogSlate: FSceneViewport::OnFocusLost() reason 2
[2018.09.06-21.44.08:146][231]LogSlate: FSceneViewport::OnFocusLost() reason 2
[2018.09.06-21.44.10:540][517]Cmd: TRANSACTION UNDO
[2018.09.06-21.44.10:540][517]LogEditorTransaction: Undo Move Actors
[2018.09.06-21.44.11:376][606]LogEditorViewport: Clicking on Actor (LMB): BP_Sky_Sphere_C (Sky Sphere)
[2018.09.06-21.44.11:867][661]LogEditorViewport: Clicking on Actor (LMB): BP_Sky_Sphere_C (Sky Sphere)
[2018.09.06-21.44.12:343][716]LogEditorViewport: Clicking on Actor (LMB): CameraActor (CameraActor)
[2018.09.06-21.44.14:442][958]LogSlate: FSceneViewport::OnFocusLost() reason 0
[2018.09.06-21.44.37:778][730]Cmd: CAMERA ALIGN ACTIVEVIEWPORTONLY
[2018.09.06-21.46.42:671][523]LogSlate: FSceneViewport::OnFocusLost() reason 2
[2018.09.06-21.47.07:697][127]LogSavePackage: Moving '../../../../../../Users/u0723839/Documents/Unreal Projects/EnvironmentalArt/Saved/Untitled_1_Auto1D9D2524943A9CB5E98F4A09B2394B29A.tmp' to '../../../../../../Users/u0723839/Documents/Unreal Projects/EnvironmentalArt/Saved/Autosaves/Temp/Untitled_1_Auto1.umap'
[2018.09.06-21.47.07:703][127]LogFileHelpers: Editor autosave (incl. sublevels) for '/Temp/Untitled_1' took 0.064
[2018.09.06-21.47.07:703][127]LogFileHelpers: Editor autosave (incl. sublevels) for all levels took 0.064
[2018.09.06-23.07.25:195][644]LogSlate: FSceneViewport::OnFocusLost() reason 2
[2018.09.06-23.07.32:097][422]Cmd: TRANSACTION UNDO
[2018.09.06-23.07.32:097][422]LogEditorTransaction: Undo Move Actors
[2018.09.06-23.07.35:656][829]LogSlate: FSceneViewport::OnFocusLost() reason 2
[2018.09.06-23.08.12:774][252]LogEditorViewport: Clicking on Actor (LMB): StaticMeshActor (reference)
[2018.09.06-23.08.15:625][586]LogEditorViewport: Clicking on Actor (LMB): CameraActor (CameraActor)
[2018.09.06-23.08.36:489][ 74]LogSlate: FSceneViewport::OnFocusLost() reason 2
[2018.09.06-23.08.38:863][356]Cmd: TRANSACTION UNDO
[2018.09.06-23.08.38:863][356]LogEditorTransaction: Undo Clicking on Actors
[2018.09.06-23.08.45:898][170]LogSlate: FSceneViewport::OnFocusLost() reason 0
[2018.09.06-23.08.53:380][ 60]LogSlate: FSceneViewport::OnFocusLost() reason 0
[2018.09.06-23.09.10:371][ 91]LogSlate: FSceneViewport::OnFocusLost() reason 0
[2018.09.06-23.09.47:151][305]LogSavePackage: Moving '../../../../../../Users/u0723839/Documents/Unreal Projects/EnvironmentalArt/Saved/Untitled_1_Auto2BF31F0344683F0E078D1A18025445331.tmp' to '../../../../../../Users/u0723839/Documents/Unreal Projects/EnvironmentalArt/Saved/Autosaves/Temp/Untitled_1_Auto2.umap'
[2018.09.06-23.09.47:157][305]LogFileHelpers: Editor autosave (incl. sublevels) for '/Temp/Untitled_1' took 0.059
[2018.09.06-23.09.47:157][305]LogFileHelpers: Editor autosave (incl. sublevels) for all levels took 0.059
[2018.09.06-23.10.15:339][312]LogSlate: FSceneViewport::OnFocusLost() reason 2
[2018.09.06-23.10.19:110][754]LogSlate: FSceneViewport::OnFocusLost() reason 2
[2018.09.06-23.13.10:263][250]Cmd: CAMERA ALIGN ACTIVEVIEWPORTONLY
[2018.09.06-23.14.04:773][738]LogSlate: FSceneViewport::OnFocusLost() reason 0
[2018.09.06-23.14.18:579][373]Cmd: TRANSACTION UNDO
[2018.09.06-23.14.18:579][373]LogEditorTransaction: Undo Move Actors
[2018.09.06-23.14.21:165][670]LogEditorViewport: Clicking on Actor (LMB): BP_Sky_Sphere_C (Sky Sphere)
[2018.09.06-23.14.22:282][799]LogEditorViewport: Clicking on Actor (LMB): BP_Sky_Sphere_C (Sky Sphere)
[2018.09.06-23.14.25:317][146]LogEditorViewport: Clicking on Actor (LMB): CameraActor (CameraActor)
[2018.09.06-23.14.33:989][173]LogSlate: FSceneViewport::OnFocusLost() reason 0
[2018.09.06-23.14.55:669][757]Cmd: TRANSACTION UNDO
[2018.09.06-23.14.55:669][757]LogEditorTransaction: Undo Move Actors
[2018.09.06-23.14.56:106][798]Cmd: TRANSACTION UNDO
[2018.09.06-23.14.56:106][798]LogEditorTransaction: Undo Rotate Actors
[2018.09.06-23.14.56:496][842]Cmd: TRANSACTION UNDO
[2018.09.06-23.14.56:496][842]LogEditorTransaction: Undo Move Actors
[2018.09.06-23.15.04:921][845]Cmd: TRANSACTION UNDO
[2018.09.06-23.15.04:921][845]LogEditorTransaction: Undo Move Actors
[2018.09.06-23.15.05:218][874]Cmd: TRANSACTION UNDO
[2018.09.06-23.15.05:218][874]LogEditorTransaction: Undo Move Actors
[2018.09.06-23.15.05:598][912]Cmd: TRANSACTION UNDO
[2018.09.06-23.15.05:598][912]LogEditorTransaction: Undo Rotate Actors
[2018.09.06-23.15.05:930][950]Cmd: TRANSACTION UNDO
[2018.09.06-23.15.05:930][950]LogEditorTransaction: Undo Set Rotation
[2018.09.06-23.15.06:268][989]Cmd: TRANSACTION UNDO
[2018.09.06-23.15.06:268][989]LogEditorTransaction: Undo Rotate Actors
[2018.09.06-23.15.06:631][ 31]Cmd: TRANSACTION UNDO
[2018.09.06-23.15.06:631][ 31]LogEditorTransaction: Undo Rotate Actors
[2018.09.06-23.15.22:573][934]LogEditorViewport: Clicking on Actor (LMB): StaticMeshActor (Cube)
[2018.09.06-23.15.31:878][ 37]LogSlate: FSceneViewport::OnFocusLost() reason 0
[2018.09.06-23.15.37:213][676]LogEditorViewport: Clicking on Actor (LMB): CameraActor (CameraActor)
[2018.09.06-23.15.38:778][856]LogSlate: FSceneViewport::OnFocusLost() reason 0
[2018.09.06-23.16.07:485][274]LogEditorViewport: Clicking on Actor (LMB): StaticMeshActor (reference)
[2018.09.06-23.16.09:907][556]Cmd: TRANSACTION UNDO
[2018.09.06-23.16.09:907][556]LogEditorTransaction: Undo Move Actors
[2018.09.06-23.16.12:782][885]Cmd: TRANSACTION UNDO
[2018.09.06-23.16.12:782][885]LogEditorTransaction: Undo Move Actors
[2018.09.06-23.16.14:906][138]LogEditorViewport: Clicking on Actor (LMB): CameraActor (CameraActor)
[2018.09.06-23.16.23:637][172]Cmd: TRANSACTION UNDO
[2018.09.06-23.16.23:637][172]LogEditorTransaction: Undo Rotate Actors
[2018.09.06-23.16.24:174][224]LogEditorViewport: Clicking on Actor (LMB): StaticMeshActor (Cube)
[2018.09.06-23.16.25:090][328]Cmd: DELETE
[2018.09.06-23.16.25:090][328]Cmd: ACTOR DELETE
[2018.09.06-23.16.25:092][328]LogEditorActor: Deleted Actor: StaticMeshActor
[2018.09.06-23.16.25:112][328]LogEditorActor: Deleted 1 Actors (0.022 secs)
[2018.09.06-23.16.26:934][546]LogEditorViewport: Clicking on Actor (LMB): CameraActor (CameraActor)
[2018.09.06-23.16.38:080][870]Cmd: TRANSACTION UNDO
[2018.09.06-23.16.38:080][870]LogEditorTransaction: Undo Rotate Actors
[2018.09.06-23.16.39:898][ 75]LogSlate: FSceneViewport::OnFocusLost() reason 0
[2018.09.06-23.16.41:839][306]LogEditorViewport: Clicking on Actor (LMB): BP_Sky_Sphere_C (Sky Sphere)
[2018.09.06-23.16.42:659][400]LogEditorViewport: Clicking on Actor (LMB): CameraActor (CameraActor)
[2018.09.06-23.17.00:661][542]LogSlate: FSceneViewport::OnFocusLost() reason 0
[2018.09.06-23.17.00:798][557]LogActorFactory: Actor Factory created Cube
[2018.09.06-23.17.01:761][670]LogActorFactory: Actor Factory created Cube
[2018.09.06-23.17.05:423][ 98]LogSlate: FSceneViewport::OnFocusLost() reason 0
[2018.09.06-23.17.12:234][907]LogEditorViewport: Clicking on Actor (LMB): StaticMeshActor (reference)
[2018.09.06-23.17.13:379][ 38]LogEditorViewport: Clicking on Actor (LMB): StaticMeshActor (Cube)
[2018.09.06-23.17.22:034][ 63]Cmd: CAMERA ALIGN ACTIVEVIEWPORTONLY
[2018.09.06-23.18.04:264][100]Cmd: TRANSACTION UNDO
[2018.09.06-23.18.04:264][100]LogEditorTransaction: Undo Rotate Actors
[2018.09.06-23.18.05:595][249]LogEditorViewport: Clicking on Actor (LMB): BP_Sky_Sphere_C (Sky Sphere)
[2018.09.06-23.18.07:894][520]LogEditorViewport: Clicking on Actor (LMB): StaticMeshActor (Cube)
[2018.09.06-23.18.12:279][ 38]LogEditorViewport: Clicking on Actor (LMB): BP_Sky_Sphere_C (Sky Sphere)
[2018.09.06-23.18.16:254][508]LogSlate: FSceneViewport::OnFocusLost() reason 0
[2018.09.06-23.18.16:355][519]LogActorFactory: Actor Factory created Cylinder
[2018.09.06-23.18.17:507][653]LogActorFactory: Actor Factory created Cylinder
[2018.09.06-23.18.21:360][ 99]LogSlate: FSceneViewport::OnFocusLost() reason 0
[2018.09.06-23.18.59:626][646]LogEditorViewport: Clicking on Actor (LMB): CameraActor (CameraActor)
[2018.09.06-23.19.09:470][811]Cmd: TRANSACTION UNDO
[2018.09.06-23.19.09:470][811]LogEditorTransaction: Undo Move Actors
[2018.09.06-23.19.09:860][848]Cmd: TRANSACTION UNDO
[2018.09.06-23.19.09:860][848]LogEditorTransaction: Undo Rotate Actors
[2018.09.06-23.19.11:787][ 72]Cmd: TRANSACTION UNDO
[2018.09.06-23.19.11:787][ 72]LogEditorTransaction: Undo Move Actors
[2018.09.06-23.19.14:970][447]Cmd: TRANSACTION UNDO
[2018.09.06-23.19.14:970][447]LogEditorTransaction: Undo Move Actors
[2018.09.06-23.19.33:168][605]LogEditorViewport: Clicking on Actor (LMB): StaticMeshActor (Cylinder)
[2018.09.06-23.19.42:522][719]LogSlate: FSceneViewport::OnFocusLost() reason 0
[2018.09.06-23.20.24:605][761]LogEditorViewport: Clicking on Actor (LMB): StaticMeshActor (Cube)
[2018.09.06-23.20.29:610][354]Cmd: TRANSACTION UNDO
[2018.09.06-23.20.29:610][354]LogEditorTransaction: Undo Move Actors
[2018.09.06-23.20.34:668][947]LogEditorViewport: Clicking on Actor (LMB): CameraActor (CameraActor)
[2018.09.06-23.21.27:357][170]LogSlate: FSceneViewport::OnFocusLost() reason 2
[2018.09.06-23.21.27:424][170]LogSavePackage: Moving '../../../../../../Users/u0723839/Documents/Unreal Projects/EnvironmentalArt/Saved/Untitled_1_Auto354A0D20C4593B4AEECC1EDAC2E0A4CC2.tmp' to '../../../../../../Users/u0723839/Documents/Unreal Projects/EnvironmentalArt/Saved/Autosaves/Temp/Untitled_1_Auto3.umap'
[2018.09.06-23.21.27:427][170]LogFileHelpers: Editor autosave (incl. sublevels) for '/Temp/Untitled_1' took 0.051
[2018.09.06-23.21.27:427][170]LogFileHelpers: Editor autosave (incl. sublevels) for all levels took 0.051
[2018.09.06-23.21.31:089][605]LogEditorViewport: Clicking on Actor (LMB): BP_Sky_Sphere_C (Sky Sphere)
[2018.09.06-23.21.32:295][745]LogEditorViewport: Clicking on Actor (LMB): CameraActor (CameraActor)
[2018.09.06-23.21.41:509][838]Cmd: TRANSACTION UNDO
[2018.09.06-23.21.41:509][838]LogEditorTransaction: Undo Rotate Actors
[2018.09.06-23.21.59:511][971]Cmd: TRANSACTION UNDO
[2018.09.06-23.21.59:511][971]LogEditorTransaction: Undo Rotate Actors
[2018.09.06-23.21.59:918][ 10]Cmd: TRANSACTION UNDO
[2018.09.06-23.21.59:918][ 10]LogEditorTransaction: Undo Move Actors
[2018.09.06-23.22.21:637][609]LogSlate: FSceneViewport::OnFocusLost() reason 0
[2018.09.06-23.22.32:719][937]LogEditorViewport: Clicking on Actor (LMB): BP_Sky_Sphere_C (Sky Sphere)
[2018.09.06-23.22.34:427][137]LogSlate: FSceneViewport::OnFocusLost() reason 0
[2018.09.06-23.22.35:499][264]LogEditorViewport: Clicking on Actor (LMB): StaticMeshActor (Cube)
[2018.09.06-23.22.36:176][340]Cmd: CAMERA ALIGN ACTIVEVIEWPORTONLY
[2018.09.06-23.22.46:499][567]LogSlate: FSceneViewport::OnFocusLost() reason 2
[2018.09.06-23.22.51:661][177]LogSlate: FSceneViewport::OnFocusLost() reason 2
[2018.09.06-23.23.08:588][201]LogEditorViewport: Clicking on Actor (LMB): CameraActor (CameraActor)
[2018.09.06-23.23.10:565][430]LogEditorViewport: Clicking on Actor (context menu): CameraActor (CameraActor)
[2018.09.06-23.23.10:586][430]LogSlate: FSceneViewport::OnFocusLost() reason 2
[2018.09.06-23.23.23:570][953]LogEditorViewport: Clicking on Actor (LMB): BP_Sky_Sphere_C (Sky Sphere)
[2018.09.06-23.23.24:307][ 37]LogEditorViewport: Clicking on Actor (LMB): CameraActor (CameraActor)
[2018.09.06-23.23.28:258][498]LogEditorViewport: Clicking on Actor (LMB): StaticMeshActor (reference)
[2018.09.06-23.23.31:088][825]Cmd: TRANSACTION UNDO
[2018.09.06-23.23.31:088][825]LogEditorTransaction: Undo Move Actors
[2018.09.06-23.23.38:260][665]LogSlate: FSceneViewport::OnFocusLost() reason 2
[2018.09.06-23.23.40:957][983]LogEditorViewport: Clicking on Actor (LMB): StaticMeshActor (Cube)
[2018.09.06-23.23.42:681][182]LogSlate: FSceneViewport::OnFocusLost() reason 2
[2018.09.06-23.23.42:794][195]LogEditorViewport: Clicking on Actor (LMB): BP_Sky_Sphere_C (Sky Sphere)
[2018.09.06-23.23.44:815][431]LogSlate: FSceneViewport::OnFocusLost() reason 2
[2018.09.06-23.23.49:225][431]LogTextFormatter: Warning: Failed to parse argument "ExistingAsset" as a number (using "0" as a fallback). Please check your format string for errors: "{ExistingAsset} already exists. Do you want to replace it?".
[2018.09.06-23.23.50:233][431]LogSlate: Window 'Message' being destroyed
[2018.09.06-23.23.50:240][431]LogSlate: Window 'Save Level As' being destroyed
[2018.09.06-23.23.51:341][431]LogAIModule: Creating AISystem for world environBlockOut
[2018.09.06-23.23.51:590][431]LogAIModule: Creating AISystem for world environBlockOut
[2018.09.06-23.23.51:641][431]LogSavePackage: Moving '../../../../../../Users/u0723839/Documents/Unreal Projects/EnvironmentalArt/Saved/environBlockOut7B80937A4FCDCD4D27F199AC16EF9767.tmp' to '../../../../../../Users/u0723839/Documents/Unreal Projects/EnvironmentalArt/Content/environBlockOut.umap'
[2018.09.06-23.23.51:648][431]Cmd: OBJ SAVEPACKAGE PACKAGE="/Game/environBlockOut_BuiltData" FILE="../../../../../../Users/u0723839/Documents/Unreal Projects/EnvironmentalArt/Content/environBlockOut_BuiltData.uasset" SILENT=true
[2018.09.06-23.23.51:660][431]LogSavePackage: Moving '../../../../../../Users/u0723839/Documents/Unreal Projects/EnvironmentalArt/Saved/environBlockOut_BuiltDataC88E112042C738D5F35747A34D1475EB.tmp' to '../../../../../../Users/u0723839/Documents/Unreal Projects/EnvironmentalArt/Content/environBlockOut_BuiltData.uasset'
[2018.09.06-23.23.51:667][431]LogFileHelpers: Saving map 'environBlockOut' took 1.373
[2018.09.06-23.27.34:425][117]LogEditorViewport: Clicking on Actor (LMB): StaticMeshActor (Cube)
[2018.09.06-23.27.35:364][224]Cmd: EDIT COPY
[2018.09.06-23.27.35:609][253]Cmd: EDIT PASTE
[2018.09.06-23.27.39:899][759]LogSlate: FSceneViewport::OnFocusLost() reason 0
[2018.09.06-23.28.11:036][455]LogSlate: FSceneViewport::OnFocusLost() reason 2
[2018.09.06-23.28.16:597][114]LogSlate: FSceneViewport::OnFocusLost() reason 2
[2018.09.06-23.28.33:319][106]Cmd: TRANSACTION UNDO
[2018.09.06-23.28.33:319][106]LogEditorTransaction: Undo Move Actors
[2018.09.06-23.28.39:003][766]LogSlate: FSceneViewport::OnFocusLost() reason 0
[2018.09.06-23.28.54:729][626]LogEditorViewport: Clicking on Actor (LMB): StaticMeshActor (Cylinder)
[2018.09.06-23.33.45:279][861]LogSavePackage: Moving '../../../../../../Users/u0723839/Documents/Unreal Projects/EnvironmentalArt/Saved/Untitled_1_Auto43094A09544C15D3EC03AD99F12D50BC1.tmp' to '../../../../../../Users/u0723839/Documents/Unreal Projects/EnvironmentalArt/Saved/Autosaves/Temp/Untitled_1_Auto4.umap'
[2018.09.06-23.33.45:282][861]LogFileHelpers: Editor autosave (incl. sublevels) for '/Temp/Untitled_1' took 0.053
[2018.09.06-23.33.45:282][861]LogFileHelpers: Editor autosave (incl. sublevels) for all levels took 0.053
[2018.09.06-23.35.22:817][156]LogEditorViewport: Clicking on Actor (LMB): BP_Sky_Sphere_C (Sky Sphere)
[2018.09.06-23.35.47:309][ 73]LogEditorViewport: Clicking on Actor (LMB): BP_Sky_Sphere_C (Sky Sphere)
[2018.09.06-23.35.48:486][212]LogEditorViewport: Clicking on Actor (LMB): BP_Sky_Sphere_C (Sky Sphere)
[2018.09.06-23.35.49:849][373]LogEditorViewport: Clicking on Actor (LMB): BP_Sky_Sphere_C (Sky Sphere)
[2018.09.06-23.35.50:466][445]LogEditorViewport: Clicking on Actor (LMB): CameraActor (CameraActor)
[2018.09.06-23.36.24:873][861]LogSlate: FSceneViewport::OnFocusLost() reason 2
[2018.09.06-23.36.26:322][  9]LogEditorViewport: Clicking on Actor (LMB): StaticMeshActor (reference)
[2018.09.06-23.36.39:384][546]LogSlate: FSceneViewport::OnFocusLost() reason 0
[2018.09.06-23.36.47:159][451]LogEditorViewport: Clicking on Actor (LMB): BP_Sky_Sphere_C (Sky Sphere)
[2018.09.06-23.36.50:524][846]LogEditorViewport: Clicking on Actor (LMB): BP_Sky_Sphere_C (Sky Sphere)
[2018.09.06-23.36.51:337][935]LogEditorViewport: Clicking on Actor (LMB): CameraActor (CameraActor)
[2018.09.06-23.36.52:645][ 74]LogEditorViewport: Clicking on Actor (LMB): BP_Sky_Sphere_C (Sky Sphere)
[2018.09.06-23.36.56:252][479]LogSlate: FSceneViewport::OnFocusLost() reason 2
[2018.09.06-23.40.13:668][125]LogSlate: FSceneViewport::OnFocusLost() reason 2
[2018.09.06-23.40.14:991][125]LogSlate: Window 'Save Level As' being destroyed
[2018.09.06-23.40.15:064][125]LogSlate: FSceneViewport::OnFocusLost() reason 2
[2018.09.06-23.40.15:108][125]LogAIModule: Creating AISystem for world NewMap
[2018.09.06-23.40.15:114][125]Cmd: OBJ SAVEPACKAGE PACKAGE="/Game/NewMap" FILE="../../../../../../Users/u0723839/Documents/Unreal Projects/EnvironmentalArt/Content/NewMap.umap" SILENT=true AUTOSAVING=false KEEPDIRTY=false
[2018.09.06-23.40.15:161][125]LogSavePackage: Moving '../../../../../../Users/u0723839/Documents/Unreal Projects/EnvironmentalArt/Saved/NewMap2020A9754F3664F858D420AABA2FC48A.tmp' to '../../../../../../Users/u0723839/Documents/Unreal Projects/EnvironmentalArt/Content/NewMap.umap'
[2018.09.06-23.40.15:168][125]Cmd: OBJ SAVEPACKAGE PACKAGE="/Game/NewMap_BuiltData" FILE="../../../../../../Users/u0723839/Documents/Unreal Projects/EnvironmentalArt/Content/NewMap_BuiltData.uasset" SILENT=true
[2018.09.06-23.40.15:181][125]LogSavePackage: Moving '../../../../../../Users/u0723839/Documents/Unreal Projects/EnvironmentalArt/Saved/NewMap_BuiltDataF39653AD4D9815429FDFC0B26D03C6EC.tmp' to '../../../../../../Users/u0723839/Documents/Unreal Projects/EnvironmentalArt/Content/NewMap_BuiltData.uasset'
[2018.09.06-23.40.15:189][125]LogFileHelpers: Saving map 'NewMap' took 0.191
[2018.09.06-23.41.42:569][656]LogSlate: FSceneViewport::OnFocusLost() reason 0
[2018.09.07-02.38.50:770][342]LogSlate: FSceneViewport::OnFocusLost() reason 2
[2018.09.07-02.38.51:016][343]LogSlate: Warning: Slate: Had to block on waiting for a draw buffer
[2018.09.07-02.38.53:096][579]LogSlate: FSceneViewport::OnFocusLost() reason 0
[2018.09.07-02.38.53:189][586]LogSlate: Window 'Viewport 2' being destroyed
[2018.09.07-02.38.53:193][586]LogSlate: Window 'Viewport 2' being destroyed
[2018.09.07-02.38.55:023][792]LogSlate: FSceneViewport::OnFocusLost() reason 0
[2018.09.07-02.38.56:476][802]LogSlate: Window 'Save Content' being destroyed
[2018.09.07-02.38.56:490][802]LogSlate: FSceneViewport::OnFocusLost() reason 2
[2018.09.07-02.38.59:373][802]LogTextFormatter: Warning: Failed to parse argument "ExistingAsset" as a number (using "0" as a fallback). Please check your format string for errors: "{ExistingAsset} already exists. Do you want to replace it?".
[2018.09.07-02.39.00:638][802]LogSlate: Window 'Message' being destroyed
[2018.09.07-02.39.00:644][802]LogSlate: Window 'Save Level As' being destroyed
[2018.09.07-02.39.00:759][802]LogAIModule: Creating AISystem for world NewMap
[2018.09.07-02.39.01:018][802]LogAIModule: Creating AISystem for world NewMap
[2018.09.07-02.39.01:019][802]Cmd: OBJ SAVEPACKAGE PACKAGE="/Game/NewMap" FILE="../../../../../../Users/u0723839/Documents/Unreal Projects/EnvironmentalArt/Content/NewMap.umap" SILENT=true AUTOSAVING=false KEEPDIRTY=false
[2018.09.07-02.39.01:068][802]LogSavePackage: Moving '../../../../../../Users/u0723839/Documents/Unreal Projects/EnvironmentalArt/Saved/NewMap084AD1684B9F73163D1B288962D9A8FF.tmp' to '../../../../../../Users/u0723839/Documents/Unreal Projects/EnvironmentalArt/Content/NewMap.umap'
[2018.09.07-02.39.01:074][802]LogFileHelpers: Saving map 'NewMap' took 0.387
[2018.09.07-02.39.01:123][802]LogSlate: Window 'EnvironmentalArt - Unreal Editor' being destroyed
[2018.09.07-02.39.01:123][802]LogWindowsTextInputMethodSystem: Display: IME system now deactivated.
[2018.09.07-02.39.01:338][803]Cmd: QUIT_EDITOR
[2018.09.07-02.39.01:373][803]LogExit: Preparing to exit.
[2018.09.07-02.39.02:134][803]LogExit: Editor shut down
[2018.09.07-02.39.02:135][803]LogExit: Transaction tracking system shut down
[2018.09.07-02.39.02:383][803]LogExit: Object subsystem successfully closed.
[2018.09.07-02.39.02:401][803]LogShaderCompilers: Display: Shaders left to compile 0
[2018.09.07-02.39.02:404][803]LogD3D11RHI: Shutdown
[2018.09.07-02.39.02:404][803]LogD3D11RHI: CleanupD3DDevice
[2018.09.07-02.39.02:406][803]LogD3D11RHI: ~FD3D11DynamicRHI
[2018.09.07-02.39.02:424][803]LogModuleManager: Shutting down and abandoning module HierarchicalLODOutliner (612)
[2018.09.07-02.39.02:424][803]LogModuleManager: Shutting down and abandoning module SceneOutliner (610)
[2018.09.07-02.39.02:424][803]LogModuleManager: Shutting down and abandoning module AddContentDialog (608)
[2018.09.07-02.39.02:425][803]LogModuleManager: Shutting down and abandoning module WidgetCarousel (607)
[2018.09.07-02.39.02:425][803]LogModuleManager: Shutting down and abandoning module EditorWidgets (604)
[2018.09.07-02.39.02:425][803]LogModuleManager: Shutting down and abandoning module CollectionManager (602)
[2018.09.07-02.39.02:425][803]LogModuleManager: Shutting down and abandoning module HierarchicalLODUtilities (600)
[2018.09.07-02.39.02:425][803]LogModuleManager: Shutting down and abandoning module StatsViewer (598)
[2018.09.07-02.39.02:425][803]LogModuleManager: Shutting down and abandoning module FoliageEdit (596)
[2018.09.07-02.39.02:425][803]LogModuleManager: Shutting down and abandoning module LandscapeEditor (594)
[2018.09.07-02.39.02:425][803]LogModuleManager: Shutting down and abandoning module MeshPaintMode (592)
[2018.09.07-02.39.02:425][803]LogModuleManager: Shutting down and abandoning module SceneDepthPickerMode (590)
[2018.09.07-02.39.02:425][803]LogModuleManager: Shutting down and abandoning module ActorPickerMode (588)
[2018.09.07-02.39.02:425][803]LogModuleManager: Shutting down and abandoning module GeometryMode (586)
[2018.09.07-02.39.02:425][803]LogModuleManager: Shutting down and abandoning module TextureAlignMode (584)
[2018.09.07-02.39.02:425][803]LogModuleManager: Shutting down and abandoning module BspMode (582)
[2018.09.07-02.39.02:425][803]LogModuleManager: Shutting down and abandoning module PIEPreviewDeviceProfileSelector (580)
[2018.09.07-02.39.02:425][803]LogModuleManager: Shutting down and abandoning module SequenceRecorderSections (578)
[2018.09.07-02.39.02:425][803]LogModuleManager: Shutting down and abandoning module AutomationWorker (576)
[2018.09.07-02.39.02:425][803]LogModuleManager: Shutting down and abandoning module AudioCaptureEditor (574)
[2018.09.07-02.39.02:425][803]LogModuleManager: Shutting down and abandoning module SequenceRecorder (573)
[2018.09.07-02.39.02:425][803]LogModuleManager: Shutting down and abandoning module MatineeToLevelSequence (570)
[2018.09.07-02.39.02:425][803]LogModuleManager: Shutting down and abandoning module LevelSequenceEditor (568)
[2018.09.07-02.39.02:425][803]LogModuleManager: Shutting down and abandoning module PlacementMode (567)
[2018.09.07-02.39.02:425][803]LogModuleManager: Shutting down and abandoning module MaterialEditor (566)
[2018.09.07-02.39.02:425][803]LogModuleManager: Shutting down and abandoning module WmfMediaFactory (562)
[2018.09.07-02.39.02:425][803]LogModuleManager: Shutting down and abandoning module WmfMediaEditor (560)
[2018.09.07-02.39.02:426][803]LogModuleManager: Shutting down and abandoning module MediaPlayerEditor (558)
[2018.09.07-02.39.02:426][803]LogModuleManager: Shutting down and abandoning module OpenExrWrapper (556)
[2018.09.07-02.39.02:426][803]LogModuleManager: Shutting down and abandoning module ImgMediaFactory (554)
[2018.09.07-02.39.02:426][803]LogModuleManager: Shutting down and abandoning module ImgMediaEditor (552)
[2018.09.07-02.39.02:426][803]LogModuleManager: Shutting down and abandoning module AvfMediaFactory (550)
[2018.09.07-02.39.02:426][803]LogModuleManager: Shutting down and abandoning module AvfMediaEditor (548)
[2018.09.07-02.39.02:426][803]LogModuleManager: Shutting down and abandoning module AndroidMediaFactory (546)
[2018.09.07-02.39.02:426][803]LogModuleManager: Shutting down and abandoning module AndroidMediaEditor (544)
[2018.09.07-02.39.02:426][803]LogModuleManager: Shutting down and abandoning module MagicLeapCameraPreviewFactory (542)
[2018.09.07-02.39.02:426][803]LogModuleManager: Shutting down and abandoning module MagicLeapMediaFactory (540)
[2018.09.07-02.39.02:426][803]LogModuleManager: Shutting down and abandoning module MagicLeapMediaEditor (538)
[2018.09.07-02.39.02:426][803]LogModuleManager: Shutting down and abandoning module CharacterAI (536)
[2018.09.07-02.39.02:426][803]LogModuleManager: Shutting down and abandoning module SmartSnapping (534)
[2018.09.07-02.39.02:426][803]LogModuleManager: Shutting down and abandoning module SessionServices (532)
[2018.09.07-02.39.02:426][803]LogModuleManager: Shutting down and abandoning module ViewportSnapping (530)
[2018.09.07-02.39.02:426][803]LogModuleManager: Shutting down and abandoning module ViewportInteraction (528)
[2018.09.07-02.39.02:426][803]LogModuleManager: Shutting down and abandoning module ClothPainter (526)
[2018.09.07-02.39.02:426][803]LogModuleManager: Shutting down and abandoning module SkeletalMeshEditor (525)
[2018.09.07-02.39.02:426][803]LogModuleManager: Shutting down and abandoning module LogVisualizer (522)
[2018.09.07-02.39.02:426][803]LogModuleManager: Shutting down and abandoning module IntroTutorials (520)
[2018.09.07-02.39.02:426][803]LogModuleManager: Shutting down and abandoning module GameProjectGeneration (519)
[2018.09.07-02.39.02:426][803]LogModuleManager: Shutting down and abandoning module LuminPlatformEditor (516)
[2018.09.07-02.39.02:426][803]LogModuleManager: Shutting down and abandoning module IOSPlatformEditor (514)
[2018.09.07-02.39.02:426][803]LogModuleManager: Shutting down and abandoning module HTML5PlatformEditor (512)
[2018.09.07-02.39.02:426][803]LogModuleManager: Shutting down and abandoning module AndroidPlatformEditor (510)
[2018.09.07-02.39.02:426][803]LogModuleManager: Shutting down and abandoning module AndroidDeviceDetection (509)
[2018.09.07-02.39.02:947][803]LogModuleManager: Shutting down and abandoning module WindowsPlatformEditor (506)
[2018.09.07-02.39.02:947][803]LogModuleManager: Shutting down and abandoning module LuminRuntimeSettings (504)
[2018.09.07-02.39.02:947][803]LogModuleManager: Shutting down and abandoning module IOSRuntimeSettings (502)
[2018.09.07-02.39.02:947][803]LogModuleManager: Shutting down and abandoning module AndroidRuntimeSettings (500)
[2018.09.07-02.39.02:947][803]LogModuleManager: Shutting down and abandoning module InputBindingEditor (498)
[2018.09.07-02.39.02:947][803]LogModuleManager: Shutting down and abandoning module MergeActors (496)
[2018.09.07-02.39.02:947][803]LogModuleManager: Shutting down and abandoning module LocalizationDashboard (494)
[2018.09.07-02.39.02:947][803]LogModuleManager: Shutting down and abandoning module LocalizationService (493)
[2018.09.07-02.39.02:947][803]LogModuleManager: Shutting down and abandoning module HardwareTargeting (490)
[2018.09.07-02.39.02:947][803]LogModuleManager: Shutting down and abandoning module DeviceProfileEditor (488)
[2018.09.07-02.39.02:947][803]LogModuleManager: Shutting down and abandoning module UndoHistory (486)
[2018.09.07-02.39.02:947][803]LogModuleManager: Shutting down and abandoning module XmlParser (484)
[2018.09.07-02.39.02:947][803]LogModuleManager: Shutting down and abandoning module Blutility (482)
[2018.09.07-02.39.02:947][803]LogModuleManager: Shutting down and abandoning module ProjectSettingsViewer (480)
[2018.09.07-02.39.02:947][803]LogModuleManager: Shutting down and abandoning module ProjectTargetPlatformEditor (479)
[2018.09.07-02.39.02:947][803]LogModuleManager: Shutting down and abandoning module EditorSettingsViewer (476)
[2018.09.07-02.39.02:947][803]LogModuleManager: Shutting down and abandoning module SettingsEditor (474)
[2018.09.07-02.39.02:947][803]LogModuleManager: Shutting down and abandoning module ProjectLauncher (472)
[2018.09.07-02.39.02:948][803]LogModuleManager: Shutting down and abandoning module SessionFrontend (470)
[2018.09.07-02.39.02:948][803]LogModuleManager: Shutting down and abandoning module ProfilerClient (468)
[2018.09.07-02.39.02:948][803]LogModuleManager: Shutting down and abandoning module DeviceManager (466)
[2018.09.07-02.39.02:948][803]LogModuleManager: Shutting down and abandoning module TargetDeviceServices (465)
[2018.09.07-02.39.03:013][803]LogModuleManager: Shutting down and abandoning module AutomationController (462)
[2018.09.07-02.39.03:013][803]LogModuleManager: Shutting down and abandoning module AutomationWindow (460)
[2018.09.07-02.39.03:013][803]LogModuleManager: Shutting down and abandoning module Layers (458)
[2018.09.07-02.39.03:013][803]LogModuleManager: Shutting down and abandoning module ComponentVisualizers (456)
[2018.09.07-02.39.03:013][803]LogModuleManager: Shutting down and abandoning module DetailCustomizations (454)
[2018.09.07-02.39.03:013][803]LogModuleManager: Shutting down and abandoning module PackagesDialog (452)
[2018.09.07-02.39.03:013][803]LogModuleManager: Shutting down and abandoning module Persona (450)
[2018.09.07-02.39.03:013][803]LogModuleManager: Shutting down and abandoning module AdvancedPreviewScene (449)
[2018.09.07-02.39.03:013][803]LogModuleManager: Shutting down and abandoning module AnimGraph (447)
[2018.09.07-02.39.03:013][803]LogModuleManager: Shutting down and abandoning module Kismet (444)
[2018.09.07-02.39.03:013][803]LogModuleManager: Shutting down and abandoning module GraphEditor (442)
[2018.09.07-02.39.03:013][803]LogModuleManager: Shutting down and abandoning module ClassViewer (440)
[2018.09.07-02.39.03:013][803]LogModuleManager: Shutting down and abandoning module Toolbox (438)
[2018.09.07-02.39.03:013][803]LogModuleManager: Shutting down and abandoning module ModuleUI (436)
[2018.09.07-02.39.03:013][803]LogModuleManager: Shutting down and abandoning module MovieSceneTools (434)
[2018.09.07-02.39.03:013][803]LogModuleManager: Shutting down and abandoning module OutputLog (432)
[2018.09.07-02.39.03:013][803]LogModuleManager: Shutting down and abandoning module GammaUI (430)
[2018.09.07-02.39.03:013][803]LogModuleManager: Shutting down and abandoning module Documentation (428)
[2018.09.07-02.39.03:014][803]LogModuleManager: Shutting down and abandoning module MovieSceneTracks (426)
[2018.09.07-02.39.03:014][803]LogModuleManager: Shutting down and abandoning module MovieScene (424)
[2018.09.07-02.39.03:014][803]LogModuleManager: Shutting down and abandoning module StreamingPauseRendering (422)
[2018.09.07-02.39.03:014][803]LogModuleManager: Shutting down and abandoning module LauncherPlatform (420)
[2018.09.07-02.39.03:014][803]LogModuleManager: Shutting down and abandoning module AnalyticsET (418)
[2018.09.07-02.39.03:014][803]LogModuleManager: Shutting down and abandoning module PortalServices (416)
[2018.09.07-02.39.03:014][803]LogModuleManager: Shutting down and abandoning module PortalRpc (414)
[2018.09.07-02.39.03:014][803]LogModuleManager: Shutting down and abandoning module MessagingRpc (412)
[2018.09.07-02.39.03:014][803]LogModuleManager: Shutting down and abandoning module AIModule (410)
[2018.09.07-02.39.03:014][803]LogModuleManager: Shutting down and abandoning module GameplayDebugger (409)
[2018.09.07-02.39.03:014][803]LogModuleManager: Shutting down and abandoning module AITestSuite (407)
[2018.09.07-02.39.03:014][803]LogModuleManager: Shutting down and abandoning module NavigationSystem (405)
[2018.09.07-02.39.03:014][803]LogModuleManager: Shutting down and abandoning module DesktopPlatform (402)
[2018.09.07-02.39.03:014][803]LogModuleManager: Shutting down and abandoning module ProfilerService (400)
[2018.09.07-02.39.03:254][803]LogModuleManager: Shutting down and abandoning module TaskGraph (398)
[2018.09.07-02.39.03:254][803]LogModuleManager: Shutting down and abandoning module SteamVRController (396)
[2018.09.07-02.39.03:254][803]LogModuleManager: Shutting down and abandoning module ProceduralMeshComponentEditor (394)
[2018.09.07-02.39.03:254][803]LogModuleManager: Shutting down and abandoning module ProceduralMeshComponent (392)
[2018.09.07-02.39.03:254][803]LogModuleManager: Shutting down and abandoning module OculusInput (390)
[2018.09.07-02.39.03:254][803]LogModuleManager: Shutting down and abandoning module MobilePatchingUtils (388)
[2018.09.07-02.39.03:254][803]LogModuleManager: Shutting down and abandoning module EditableMesh (386)
[2018.09.07-02.39.03:254][803]LogModuleManager: Shutting down and abandoning module CustomMeshComponent (384)
[2018.09.07-02.39.03:254][803]LogModuleManager: Shutting down and abandoning module CableComponent (382)
[2018.09.07-02.39.03:254][803]LogModuleManager: Shutting down and abandoning module AudioCapture (380)
[2018.09.07-02.39.03:254][803]LogModuleManager: Shutting down and abandoning module ArchVisCharacter (378)
[2018.09.07-02.39.03:254][803]LogModuleManager: Shutting down and abandoning module AndroidPermission (376)
[2018.09.07-02.39.03:254][803]LogModuleManager: Shutting down and abandoning module NUTUnrealEngine4 (374)
[2018.09.07-02.39.03:254][803]LogModuleManager: Shutting down and abandoning module NetcodeUnitTest (372)
[2018.09.07-02.39.03:254][803]LogModuleManager: Shutting down and abandoning module MediaCompositingEditor (370)
[2018.09.07-02.39.03:254][803]LogModuleManager: Shutting down and abandoning module MediaCompositing (368)
[2018.09.07-02.39.03:254][803]LogModuleManager: Shutting down and abandoning module LinearTimecode (366)
[2018.09.07-02.39.03:254][803]LogModuleManager: Shutting down and abandoning module ImgMedia (364)
[2018.09.07-02.39.03:257][803]LogModuleManager: Shutting down and abandoning module HTML5Networking (362)
[2018.09.07-02.39.03:257][803]LogModuleManager: Shutting down and abandoning module GeometryCacheTracks (360)
[2018.09.07-02.39.03:257][803]LogModuleManager: Shutting down and abandoning module GeometryCacheSequencer (358)
[2018.09.07-02.39.03:257][803]LogModuleManager: Shutting down and abandoning module BackChannel (356)
[2018.09.07-02.39.03:257][803]LogModuleManager: Shutting down and abandoning module AppleVision (354)
[2018.09.07-02.39.03:257][803]LogModuleManager: Shutting down and abandoning module AppleImageUtils (352)
[2018.09.07-02.39.03:257][803]LogModuleManager: Shutting down and abandoning module AlembicImporter (350)
[2018.09.07-02.39.03:257][803]LogModuleManager: Shutting down and abandoning module AlembicLibrary (349)
[2018.09.07-02.39.03:257][803]LogModuleManager: Shutting down and abandoning module GeometryCache (348)
[2018.09.07-02.39.03:257][803]LogModuleManager: Shutting down and abandoning module GeometryCacheEd (347)
[2018.09.07-02.39.03:257][803]LogModuleManager: Shutting down and abandoning module DatasmithContentEditor (342)
[2018.09.07-02.39.03:257][803]LogModuleManager: Shutting down and abandoning module DatasmithContent (340)
[2018.09.07-02.39.03:258][803]LogModuleManager: Shutting down and abandoning module SpeedTreeImporter (338)
[2018.09.07-02.39.03:258][803]LogModuleManager: Shutting down and abandoning module PluginBrowser (336)
[2018.09.07-02.39.03:258][803]LogModuleManager: Shutting down and abandoning module MobileLauncherProfileWizard (334)
[2018.09.07-02.39.03:258][803]LogModuleManager: Shutting down and abandoning module PolygonModeling (332)
[2018.09.07-02.39.03:258][803]LogModuleManager: Shutting down and abandoning module MeshEditor (330)
[2018.09.07-02.39.03:258][803]LogModuleManager: Shutting down and abandoning module CryptoKeysOpenSSL (328)
[2018.09.07-02.39.03:258][803]LogModuleManager: Shutting down and abandoning module CryptoKeys (326)
[2018.09.07-02.39.03:258][803]LogModuleManager: Shutting down and abandoning module VisualStudioSourceCodeAccess (324)
[2018.09.07-02.39.03:258][803]LogModuleManager: Shutting down and abandoning module VisualStudioCodeSourceCodeAccess (322)
[2018.09.07-02.39.03:258][803]LogModuleManager: Shutting down and abandoning module UObjectPlugin (320)
[2018.09.07-02.39.03:258][803]LogModuleManager: Shutting down and abandoning module SubversionSourceControl (318)
[2018.09.07-02.39.03:258][803]LogModuleManager: Shutting down and abandoning module PerforceSourceControl (316)
[2018.09.07-02.39.03:258][803]LogModuleManager: Shutting down and abandoning module GitSourceControl (314)
[2018.09.07-02.39.03:258][803]LogModuleManager: Shutting down and abandoning module SourceControl (313)
[2018.09.07-02.39.03:258][803]LogModuleManager: Shutting down and abandoning module CLionSourceCodeAccess (310)
[2018.09.07-02.39.03:258][803]LogModuleManager: Shutting down and abandoning module LightPropagationVolumeEditor (308)
[2018.09.07-02.39.03:258][803]LogModuleManager: Shutting down and abandoning module PaperTiledImporter (306)
[2018.09.07-02.39.03:258][803]LogModuleManager: Shutting down and abandoning module PaperSpriteSheetImporter (304)
[2018.09.07-02.39.03:258][803]LogModuleManager: Shutting down and abandoning module Paper2DEditor (302)
[2018.09.07-02.39.03:258][803]LogModuleManager: Shutting down and abandoning module MeshPaint (301)
[2018.09.07-02.39.03:258][803]LogModuleManager: Shutting down and abandoning module RuntimePhysXCooking (298)
[2018.09.07-02.39.03:258][803]LogModuleManager: Shutting down and abandoning module PhysXVehiclesEditor (296)
[2018.09.07-02.39.03:258][803]LogModuleManager: Shutting down and abandoning module PhysXVehicles (294)
[2018.09.07-02.39.03:258][803]LogModuleManager: Shutting down and abandoning module OculusEditor (292)
[2018.09.07-02.39.03:258][803]LogModuleManager: Shutting down and abandoning module LocationServicesBPLibrary (290)
[2018.09.07-02.39.03:258][803]LogModuleManager: Shutting down and abandoning module ImmediatePhysicsEditor (288)
[2018.09.07-02.39.03:258][803]LogModuleManager: Shutting down and abandoning module ImmediatePhysics (286)
[2018.09.07-02.39.03:258][803]LogModuleManager: Shutting down and abandoning module ActorSequence (284)
[2018.09.07-02.39.03:258][803]LogModuleManager: Shutting down and abandoning module UdpMessaging (282)
[2018.09.07-02.39.03:359][803]LogModuleManager: Shutting down and abandoning module TcpMessaging (280)
[2018.09.07-02.39.03:460][803]LogModuleManager: Shutting down and abandoning module MagicLeapAudio (278)
[2018.09.07-02.39.03:460][803]LogModuleManager: Shutting down and abandoning module GameplayTagsEditor (276)
[2018.09.07-02.39.03:460][803]LogModuleManager: Shutting down and abandoning module FacialAnimationEditor (274)
[2018.09.07-02.39.03:460][803]LogModuleManager: Shutting down and abandoning module FacialAnimation (272)
[2018.09.07-02.39.03:460][803]LogModuleManager: Shutting down and abandoning module DataValidation (270)
[2018.09.07-02.39.03:460][803]LogModuleManager: Shutting down and abandoning module AssetManagerEditor (268)
[2018.09.07-02.39.03:460][803]LogModuleManager: Shutting down and abandoning module LevelEditor (267)
[2018.09.07-02.39.03:460][803]LogModuleManager: Shutting down and abandoning module PixelInspectorModule (266)
[2018.09.07-02.39.03:460][803]LogModuleManager: Shutting down and abandoning module CommonMenuExtensions (264)
[2018.09.07-02.39.03:461][803]LogModuleManager: Shutting down and abandoning module MainFrame (262)
[2018.09.07-02.39.03:461][803]LogModuleManager: Shutting down and abandoning module HotReload (261)
[2018.09.07-02.39.03:461][803]LogModuleManager: Shutting down and abandoning module ContentBrowser (257)
[2018.09.07-02.39.03:462][803]LogModuleManager: Shutting down and abandoning module TreeMap (255)
[2018.09.07-02.39.03:462][803]LogModuleManager: Shutting down and abandoning module LightPropagationVolumeRuntime (252)
[2018.09.07-02.39.03:462][803]LogModuleManager: Shutting down and abandoning module AISupportModule (250)
[2018.09.07-02.39.03:462][803]LogModuleManager: Shutting down and abandoning module Paper2D (248)
[2018.09.07-02.39.03:462][803]LogModuleManager: Shutting down and abandoning module WindowsMoviePlayer (246)
[2018.09.07-02.39.03:462][803]LogModuleManager: Shutting down and abandoning module WmfMedia (244)
[2018.09.07-02.39.03:463][803]LogModuleManager: Shutting down and abandoning module Media (243)
[2018.09.07-02.39.03:469][803]LogModuleManager: Shutting down and abandoning module PacketHandler (240)
[2018.09.07-02.39.03:469][803]LogModuleManager: Shutting down and abandoning module ClothingSystemEditor (238)
[2018.09.07-02.39.03:469][803]LogModuleManager: Shutting down and abandoning module ClothingSystemRuntime (236)
[2018.09.07-02.39.03:469][803]LogModuleManager: Shutting down and abandoning module MediaAssets (234)
[2018.09.07-02.39.03:469][803]LogModuleManager: Shutting down and abandoning module Overlay (232)
[2018.09.07-02.39.03:469][803]LogModuleManager: Shutting down and abandoning module OverlayEditor (231)
[2018.09.07-02.39.03:469][803]LogModuleManager: Shutting down and abandoning module VREditor (228)
[2018.09.07-02.39.03:469][803]LogModuleManager: Shutting down and abandoning module StringTableEditor (226)
[2018.09.07-02.39.03:469][803]LogModuleManager: Shutting down and abandoning module GameplayTasksEditor (224)
[2018.09.07-02.39.03:469][803]LogModuleManager: Shutting down and abandoning module BehaviorTreeEditor (222)
[2018.09.07-02.39.03:469][803]LogModuleManager: Shutting down and abandoning module FunctionalTesting (220)
[2018.09.07-02.39.03:469][803]LogModuleManager: Shutting down and abandoning module CollisionAnalyzer (218)
[2018.09.07-02.39.03:469][803]LogModuleManager: Shutting down and abandoning module WorkspaceMenuStructure (217)
[2018.09.07-02.39.03:469][803]LogModuleManager: Shutting down and abandoning module UMG (214)
[2018.09.07-02.39.03:469][803]LogModuleManager: Shutting down and abandoning module UMGEditor (213)
[2018.09.07-02.39.03:469][803]LogModuleManager: Shutting down and abandoning module Sequencer (212)
[2018.09.07-02.39.03:469][803]LogModuleManager: Shutting down and abandoning module MessageLog (209)
[2018.09.07-02.39.03:469][803]LogModuleManager: Shutting down and abandoning module SlateReflector (204)
[2018.09.07-02.39.03:469][803]LogModuleManager: Shutting down and abandoning module Slate (202)
[2018.09.07-02.39.03:469][803]LogModuleManager: Shutting down and abandoning module EditorStyle (200)
[2018.09.07-02.39.03:471][803]LogModuleManager: Shutting down and abandoning module MRMesh (198)
[2018.09.07-02.39.03:471][803]LogModuleManager: Shutting down and abandoning module SourceCodeAccess (196)
[2018.09.07-02.39.03:471][803]LogModuleManager: Shutting down and abandoning module HeadMountedDisplay (194)
[2018.09.07-02.39.03:471][803]LogModuleManager: Shutting down and abandoning module XAudio2 (192)
[2018.09.07-02.39.03:471][803]LogModuleManager: Shutting down and abandoning module Networking (190)
[2018.09.07-02.39.03:471][803]LogModuleManager: Shutting down and abandoning module Core (188)
[2018.09.07-02.39.03:471][803]LogModuleManager: Shutting down and abandoning module LevelSequence (186)
[2018.09.07-02.39.03:471][803]LogModuleManager: Shutting down and abandoning module KismetCompiler (184)
[2018.09.07-02.39.03:471][803]LogModuleManager: Shutting down and abandoning module MeshUtilities (182)
[2018.09.07-02.39.03:471][803]LogModuleManager: Shutting down and abandoning module MeshMergeUtilities (181)
[2018.09.07-02.39.03:471][803]LogModuleManager: Shutting down and abandoning module MeshReductionInterface (180)
[2018.09.07-02.39.03:471][803]LogModuleManager: Shutting down and abandoning module SimplygonSwarm (179)
[2018.09.07-02.39.03:471][803]LogModuleManager: Shutting down and abandoning module ProxyLODMeshReduction (177)
[2018.09.07-02.39.03:471][803]LogModuleManager: Shutting down and abandoning module SimplygonMeshReduction (175)
[2018.09.07-02.39.03:471][803]LogModuleManager: Shutting down and abandoning module QuadricMeshReduction (173)
[2018.09.07-02.39.03:471][803]LogModuleManager: Shutting down and abandoning module MaterialBaking (169)
[2018.09.07-02.39.03:471][803]LogModuleManager: Shutting down and abandoning module DirectoryWatcher (165)
[2018.09.07-02.39.03:471][803]LogModuleManager: Shutting down and abandoning module DerivedDataCache (162)
[2018.09.07-02.39.03:540][803]LogDerivedDataCache: Shutdown
[2018.09.07-02.39.03:540][803]LogModuleManager: Shutting down and abandoning module XGEController (160)
[2018.09.07-02.39.03:540][803]LogXGEController: Cleaning working directory: C:/Users/u0723839/AppData/Local/Temp/UnrealXGEWorkingDir/
[2018.09.07-02.39.03:540][803]LogModuleManager: Shutting down and abandoning module TargetPlatform (158)
[2018.09.07-02.39.03:540][803]LogModuleManager: Shutting down and abandoning module VulkanShaderFormat (157)
[2018.09.07-02.39.03:540][803]LogModuleManager: Shutting down and abandoning module ShaderFormatVectorVM (155)
[2018.09.07-02.39.03:540][803]LogModuleManager: Shutting down and abandoning module ShaderFormatOpenGL (153)
[2018.09.07-02.39.03:540][803]LogModuleManager: Shutting down and abandoning module ShaderFormatD3D (151)
[2018.09.07-02.39.03:540][803]LogModuleManager: Shutting down and abandoning module MetalShaderFormat (149)
[2018.09.07-02.39.03:541][803]LogModuleManager: Shutting down and abandoning module TextureFormatUncompressed (147)
[2018.09.07-02.39.03:541][803]LogModuleManager: Shutting down and abandoning module TextureFormatPVR (145)
[2018.09.07-02.39.03:541][803]LogModuleManager: Shutting down and abandoning module TextureFormatDXT (143)
[2018.09.07-02.39.03:541][803]LogModuleManager: Shutting down and abandoning module TextureFormatIntelISPCTexComp (141)
[2018.09.07-02.39.03:541][803]LogModuleManager: Shutting down and abandoning module TextureFormatASTC (139)
[2018.09.07-02.39.03:541][803]LogModuleManager: Shutting down and abandoning module ImageWrapper (138)
[2018.09.07-02.39.03:541][803]LogModuleManager: Shutting down and abandoning module TextureFormatAndroid (135)
[2018.09.07-02.39.03:541][803]LogModuleManager: Shutting down and abandoning module AudioFormatOpus (133)
[2018.09.07-02.39.03:541][803]LogModuleManager: Shutting down and abandoning module AudioFormatOgg (131)
[2018.09.07-02.39.03:541][803]LogModuleManager: Shutting down and abandoning module AudioFormatADPCM (129)
[2018.09.07-02.39.03:541][803]LogModuleManager: Shutting down and abandoning module LuminTargetPlatform (127)
[2018.09.07-02.39.03:541][803]LogModuleManager: Shutting down and abandoning module LinuxTargetPlatform (125)
[2018.09.07-02.39.03:541][803]LogModuleManager: Shutting down and abandoning module LinuxServerTargetPlatform (123)
[2018.09.07-02.39.03:541][803]LogModuleManager: Shutting down and abandoning module LinuxNoEditorTargetPlatform (121)
[2018.09.07-02.39.03:541][803]LogModuleManager: Shutting down and abandoning module LinuxClientTargetPlatform (119)
[2018.09.07-02.39.03:541][803]LogModuleManager: Shutting down and abandoning module TVOSTargetPlatform (117)
[2018.09.07-02.39.03:542][803]LogModuleManager: Shutting down and abandoning module Messaging (115)
[2018.09.07-02.39.03:542][803]LogModuleManager: Shutting down and abandoning module IOSTargetPlatform (113)
[2018.09.07-02.39.03:542][803]LogModuleManager: Shutting down and abandoning module HTML5TargetPlatform (111)
[2018.09.07-02.39.03:542][803]LogModuleManager: Shutting down and abandoning module AndroidTargetPlatform (109)
[2018.09.07-02.39.03:548][803]LogModuleManager: Shutting down and abandoning module WindowsTargetPlatform (107)
[2018.09.07-02.39.03:548][803]LogModuleManager: Shutting down and abandoning module WindowsServerTargetPlatform (105)
[2018.09.07-02.39.03:548][803]LogModuleManager: Shutting down and abandoning module WindowsNoEditorTargetPlatform (103)
[2018.09.07-02.39.03:548][803]LogModuleManager: Shutting down and abandoning module WindowsClientTargetPlatform (101)
[2018.09.07-02.39.03:548][803]LogModuleManager: Shutting down and abandoning module MacTargetPlatform (99)
[2018.09.07-02.39.03:548][803]LogModuleManager: Shutting down and abandoning module MacServerTargetPlatform (97)
[2018.09.07-02.39.03:548][803]LogModuleManager: Shutting down and abandoning module MacNoEditorTargetPlatform (95)
[2018.09.07-02.39.03:548][803]LogModuleManager: Shutting down and abandoning module MacClientTargetPlatform (93)
[2018.09.07-02.39.03:548][803]LogModuleManager: Shutting down and abandoning module AllDesktopTargetPlatform (91)
[2018.09.07-02.39.03:548][803]LogModuleManager: Shutting down and abandoning module InputCore (88)
[2018.09.07-02.39.03:549][803]LogModuleManager: Shutting down and abandoning module Settings (86)
[2018.09.07-02.39.03:549][803]LogModuleManager: Shutting down and abandoning module PhysXCooking (84)
[2018.09.07-02.39.03:549][803]LogModuleManager: Shutting down and abandoning module SteamVR (82)
[2018.09.07-02.39.03:549][803]LogModuleManager: Shutting down and abandoning module OculusHMD (80)
[2018.09.07-02.39.03:549][803]LogModuleManager: Shutting down and abandoning module ExampleDeviceProfileSelector (78)
[2018.09.07-02.39.03:549][803]LogModuleManager: Shutting down and abandoning module LauncherChunkInstaller (76)
[2018.09.07-02.39.03:549][803]LogModuleManager: Shutting down and abandoning module OnlineBlueprintSupport (74)
[2018.09.07-02.39.03:549][803]LogModuleManager: Shutting down and abandoning module OnlineSubsystem (70)
[2018.09.07-02.39.03:549][803]LogModuleManager: Shutting down and abandoning module XMPP (65)
[2018.09.07-02.39.03:549][803]LogModuleManager: Shutting down and abandoning module WebSockets (64)
[2018.09.07-02.39.03:574][803]LogModuleManager: Shutting down and abandoning module HTTP (61)
[2018.09.07-02.39.03:574][803]LogHttp: Display: Http module shutting down, but needs to wait on 1 outstanding Http requests:
[2018.09.07-02.39.03:574][803]LogHttp: Display: 	verb=[POST] url=[https://datarouter.ol.epicgames.com/datarouter/api/v1/public/data?SessionID=%7B409049C7-48F4-BE37-1153-F1B2175010EF%7D&AppID=UEEditor.Rocket.Release&AppVersion=4.20.2-4233996%2B%2B%2BUE4%2BRelease-4.20&UserID=51d48ffb44e945de04c38982d70bac60%7Cc72e7818748446c98f77da71d5055798%7C3b2b3ea1-afe5-4931-a325-1b1645fe5cf7&AppEnvironment=datacollector-binary&UploadType=eteventstream] status=Processing
[2018.09.07-02.39.03:582][803]LogModuleManager: Shutting down and abandoning module SSL (60)
[2018.09.07-02.39.03:583][803]LogModuleManager: Shutting down and abandoning module MagicLeapEmulator (56)
[2018.09.07-02.39.03:583][803]LogModuleManager: Shutting down and abandoning module MagicLeapPrivileges (54)
[2018.09.07-02.39.03:583][803]LogModuleManager: Shutting down and abandoning module MagicLeapIdentity (52)
[2018.09.07-02.39.03:583][803]LogModuleManager: Shutting down and abandoning module MagicLeapHelperVulkan (50)
[2018.09.07-02.39.03:583][803]LogModuleManager: Shutting down and abandoning module MagicLeapHelperOpenGL (48)
[2018.09.07-02.39.03:584][803]LogModuleManager: Shutting down and abandoning module MagicLeapSecureStorage (46)
[2018.09.07-02.39.03:584][803]LogModuleManager: Shutting down and abandoning module MagicLeapGestures (44)
[2018.09.07-02.39.03:584][803]LogModuleManager: Shutting down and abandoning module MagicLeapEyeTracker (42)
[2018.09.07-02.39.03:584][803]LogModuleManager: Shutting down and abandoning module MagicLeapController (40)
[2018.09.07-02.39.03:584][803]LogSlate: Slate User Destroyed.  User Index 0, Is Virtual User: 0
[2018.09.07-02.39.03:584][803]LogModuleManager: Shutting down and abandoning module MagicLeap (38)
[2018.09.07-02.39.03:584][803]LogModuleManager: Shutting down and abandoning module AnimationModifiers (36)
[2018.09.07-02.39.03:584][803]LogModuleManager: Shutting down and abandoning module PropertyEditor (35)
[2018.09.07-02.39.03:584][803]LogModuleManager: Shutting down and abandoning module AudioEditor (32)
[2018.09.07-02.39.03:584][803]LogModuleManager: Shutting down and abandoning module TextureCompressor (30)
[2018.09.07-02.39.03:584][803]LogModuleManager: Shutting down and abandoning module ShaderCore (28)
[2018.09.07-02.39.03:584][803]LogModuleManager: Shutting down and abandoning module Landscape (26)
[2018.09.07-02.39.03:584][803]LogModuleManager: Shutting down and abandoning module SlateRHIRenderer (24)
[2018.09.07-02.39.03:584][803]LogModuleManager: Shutting down and abandoning module OpenGLDrv (22)
[2018.09.07-02.39.03:584][803]LogModuleManager: Shutting down and abandoning module D3D11RHI (20)
[2018.09.07-02.39.03:585][803]LogModuleManager: Shutting down and abandoning module AnimGraphRuntime (18)
[2018.09.07-02.39.03:585][803]LogModuleManager: Shutting down and abandoning module Renderer (16)
[2018.09.07-02.39.03:585][803]LogModuleManager: Shutting down and abandoning module Engine (14)
[2018.09.07-02.39.03:585][803]LogModuleManager: Shutting down and abandoning module CoreUObject (12)
[2018.09.07-02.39.03:585][803]LogModuleManager: Shutting down and abandoning module NetworkFile (10)
[2018.09.07-02.39.03:585][803]LogModuleManager: Shutting down and abandoning module CookedIterativeFile (8)
[2018.09.07-02.39.03:585][803]LogModuleManager: Shutting down and abandoning module StreamingFile (6)
[2018.09.07-02.39.03:585][803]LogModuleManager: Shutting down and abandoning module SandboxFile (4)
[2018.09.07-02.39.03:585][803]LogModuleManager: Shutting down and abandoning module PakFile (2)
[2018.09.07-02.39.03:590][803]LogExit: Exiting.
[2018.09.07-02.39.03:614][803]Log file closed, 09/06/18 20:39:03
